[0.008s] Invoking command in '/home/redpaladin/Projects/helios_ws/build/gz_ros2_control': CMAKE_PREFIX_PATH=${CMAKE_PREFIX_PATH}:/home/redpaladin/Projects/helios_ws/install/helios:/home/redpaladin/Projects/real_steel_ws/install/shadow:/opt/ros/humble /usr/bin/cmake /home/redpaladin/Projects/helios_ws/src/gz_ros2_control/gz_ros2_control -DCMAKE_INSTALL_PREFIX=/home/redpaladin/Projects/helios_ws/install/gz_ros2_control
[0.030s] [31mCMake Error at CMakeLists.txt:4 (find_package):
[0.030s]   By not providing "Findros2_control_cmake.cmake" in CMAKE_MODULE_PATH this
[0.030s]   project has asked CMake to find a package configuration file provided by
[0.030s]   "ros2_control_cmake", but CMake did not find one.
[0.030s] 
[0.030s]   Could not find a package configuration file provided by
[0.030s]   "ros2_control_cmake" with any of the following names:
[0.030s] 
[0.030s]     ros2_control_cmakeConfig.cmake
[0.030s]     ros2_control_cmake-config.cmake
[0.031s] 
[0.031s]   Add the installation prefix of "ros2_control_cmake" to CMAKE_PREFIX_PATH or
[0.031s]   set "ros2_control_cmake_DIR" to a directory containing one of the above
[0.031s]   files.  If "ros2_control_cmake" provides a separate development package or
[0.031s]   SDK, be sure it has been installed.
[0.031s] 
[0.031s] [0m
[0.031s] -- Configuring incomplete, errors occurred!
[0.031s] See also "/home/redpaladin/Projects/helios_ws/build/gz_ros2_control/CMakeFiles/CMakeOutput.log".
[0.032s] Invoked command in '/home/redpaladin/Projects/helios_ws/build/gz_ros2_control' returned '1': CMAKE_PREFIX_PATH=${CMAKE_PREFIX_PATH}:/home/redpaladin/Projects/helios_ws/install/helios:/home/redpaladin/Projects/real_steel_ws/install/shadow:/opt/ros/humble /usr/bin/cmake /home/redpaladin/Projects/helios_ws/src/gz_ros2_control/gz_ros2_control -DCMAKE_INSTALL_PREFIX=/home/redpaladin/Projects/helios_ws/install/gz_ros2_control
