[0.181s] DEBUG:colcon:Command line arguments: ['/usr/bin/colcon', 'build']
[0.181s] DEBUG:colcon:Parsed command line arguments: Namespace(log_base=None, log_level=None, verb_name='build', build_base='build', install_base='install', merge_install=False, symlink_install=False, test_result_base=None, continue_on_error=False, executor='parallel', parallel_workers=24, event_handlers=None, ignore_user_meta=False, metas=['./colcon.meta'], base_paths=['.'], packages_ignore=None, packages_ignore_regex=None, paths=None, packages_up_to=None, packages_up_to_regex=None, packages_above=None, packages_above_and_dependencies=None, packages_above_depth=None, packages_select_by_dep=None, packages_skip_by_dep=None, packages_skip_up_to=None, packages_select_build_failed=False, packages_skip_build_finished=False, packages_select_test_failures=False, packages_skip_test_passed=False, packages_select=None, packages_skip=None, packages_select_regex=None, packages_skip_regex=None, packages_start=None, packages_end=None, allow_overriding=[], cmake_args=None, cmake_target=None, cmake_target_skip_unavailable=False, cmake_clean_cache=False, cmake_clean_first=False, cmake_force_configure=False, ament_cmake_args=None, catkin_cmake_args=None, catkin_skip_building_tests=False, mixin_files=None, mixin=None, verb_parser=<colcon_mixin.mixin.mixin_argument.MixinArgumentDecorator object at 0x73cd72d84e50>, verb_extension=<colcon_core.verb.build.BuildVerb object at 0x73cd72d84730>, main=<bound method BuildVerb.main of <colcon_core.verb.build.BuildVerb object at 0x73cd72d84730>>, mixin_verb=('build',))
[0.219s] Level 1:colcon.colcon_core.package_discovery:discover_packages(colcon_meta) check parameters
[0.219s] Level 1:colcon.colcon_core.package_discovery:discover_packages(recursive) check parameters
[0.219s] Level 1:colcon.colcon_core.package_discovery:discover_packages(ignore) check parameters
[0.219s] Level 1:colcon.colcon_core.package_discovery:discover_packages(path) check parameters
[0.219s] Level 1:colcon.colcon_core.package_discovery:discover_packages(colcon_meta) discover
[0.219s] Level 1:colcon.colcon_core.package_discovery:discover_packages(recursive) discover
[0.219s] INFO:colcon.colcon_core.package_discovery:Crawling recursively for packages in '/home/redpaladin/Projects/helios_ws'
[0.219s] Level 1:colcon.colcon_core.package_identification:_identify(.) by extensions ['ignore', 'ignore_ament_install']
[0.220s] Level 1:colcon.colcon_core.package_identification:_identify(.) by extension 'ignore'
[0.220s] Level 1:colcon.colcon_core.package_identification:_identify(.) by extension 'ignore_ament_install'
[0.220s] Level 1:colcon.colcon_core.package_identification:_identify(.) by extensions ['colcon_pkg']
[0.220s] Level 1:colcon.colcon_core.package_identification:_identify(.) by extension 'colcon_pkg'
[0.220s] Level 1:colcon.colcon_core.package_identification:_identify(.) by extensions ['colcon_meta']
[0.220s] Level 1:colcon.colcon_core.package_identification:_identify(.) by extension 'colcon_meta'
[0.220s] Level 1:colcon.colcon_core.package_identification:_identify(.) by extensions ['ros']
[0.220s] Level 1:colcon.colcon_core.package_identification:_identify(.) by extension 'ros'
[0.232s] Level 1:colcon.colcon_core.package_identification:_identify(.) by extensions ['cmake', 'python']
[0.232s] Level 1:colcon.colcon_core.package_identification:_identify(.) by extension 'cmake'
[0.232s] Level 1:colcon.colcon_core.package_identification:_identify(.) by extension 'python'
[0.232s] Level 1:colcon.colcon_core.package_identification:_identify(.) by extensions ['python_setup_py']
[0.232s] Level 1:colcon.colcon_core.package_identification:_identify(.) by extension 'python_setup_py'
[0.232s] Level 1:colcon.colcon_core.package_identification:_identify(build) by extensions ['ignore', 'ignore_ament_install']
[0.232s] Level 1:colcon.colcon_core.package_identification:_identify(build) by extension 'ignore'
[0.232s] Level 1:colcon.colcon_core.package_identification:_identify(build) ignored
[0.232s] Level 1:colcon.colcon_core.package_identification:_identify(install) by extensions ['ignore', 'ignore_ament_install']
[0.233s] Level 1:colcon.colcon_core.package_identification:_identify(install) by extension 'ignore'
[0.233s] Level 1:colcon.colcon_core.package_identification:_identify(install) ignored
[0.233s] Level 1:colcon.colcon_core.package_identification:_identify(log) by extensions ['ignore', 'ignore_ament_install']
[0.233s] Level 1:colcon.colcon_core.package_identification:_identify(log) by extension 'ignore'
[0.233s] Level 1:colcon.colcon_core.package_identification:_identify(log) ignored
[0.233s] Level 1:colcon.colcon_core.package_identification:_identify(src) by extensions ['ignore', 'ignore_ament_install']
[0.233s] Level 1:colcon.colcon_core.package_identification:_identify(src) by extension 'ignore'
[0.233s] Level 1:colcon.colcon_core.package_identification:_identify(src) by extension 'ignore_ament_install'
[0.233s] Level 1:colcon.colcon_core.package_identification:_identify(src) by extensions ['colcon_pkg']
[0.233s] Level 1:colcon.colcon_core.package_identification:_identify(src) by extension 'colcon_pkg'
[0.233s] Level 1:colcon.colcon_core.package_identification:_identify(src) by extensions ['colcon_meta']
[0.233s] Level 1:colcon.colcon_core.package_identification:_identify(src) by extension 'colcon_meta'
[0.233s] Level 1:colcon.colcon_core.package_identification:_identify(src) by extensions ['ros']
[0.233s] Level 1:colcon.colcon_core.package_identification:_identify(src) by extension 'ros'
[0.233s] Level 1:colcon.colcon_core.package_identification:_identify(src) by extensions ['cmake', 'python']
[0.233s] Level 1:colcon.colcon_core.package_identification:_identify(src) by extension 'cmake'
[0.233s] Level 1:colcon.colcon_core.package_identification:_identify(src) by extension 'python'
[0.233s] Level 1:colcon.colcon_core.package_identification:_identify(src) by extensions ['python_setup_py']
[0.233s] Level 1:colcon.colcon_core.package_identification:_identify(src) by extension 'python_setup_py'
[0.233s] Level 1:colcon.colcon_core.package_identification:_identify(src/helios) by extensions ['ignore', 'ignore_ament_install']
[0.233s] Level 1:colcon.colcon_core.package_identification:_identify(src/helios) by extension 'ignore'
[0.233s] Level 1:colcon.colcon_core.package_identification:_identify(src/helios) by extension 'ignore_ament_install'
[0.233s] Level 1:colcon.colcon_core.package_identification:_identify(src/helios) by extensions ['colcon_pkg']
[0.233s] Level 1:colcon.colcon_core.package_identification:_identify(src/helios) by extension 'colcon_pkg'
[0.233s] Level 1:colcon.colcon_core.package_identification:_identify(src/helios) by extensions ['colcon_meta']
[0.233s] Level 1:colcon.colcon_core.package_identification:_identify(src/helios) by extension 'colcon_meta'
[0.233s] Level 1:colcon.colcon_core.package_identification:_identify(src/helios) by extensions ['ros']
[0.233s] Level 1:colcon.colcon_core.package_identification:_identify(src/helios) by extension 'ros'
[0.235s] DEBUG:colcon.colcon_core.package_identification:Package 'src/helios' with type 'ros.ament_python' and name 'helios'
[0.235s] Level 1:colcon.colcon_core.package_identification:_identify(src/px4_msgs) by extensions ['ignore', 'ignore_ament_install']
[0.236s] Level 1:colcon.colcon_core.package_identification:_identify(src/px4_msgs) by extension 'ignore'
[0.236s] Level 1:colcon.colcon_core.package_identification:_identify(src/px4_msgs) by extension 'ignore_ament_install'
[0.236s] Level 1:colcon.colcon_core.package_identification:_identify(src/px4_msgs) by extensions ['colcon_pkg']
[0.236s] Level 1:colcon.colcon_core.package_identification:_identify(src/px4_msgs) by extension 'colcon_pkg'
[0.236s] Level 1:colcon.colcon_core.package_identification:_identify(src/px4_msgs) by extensions ['colcon_meta']
[0.236s] Level 1:colcon.colcon_core.package_identification:_identify(src/px4_msgs) by extension 'colcon_meta'
[0.236s] Level 1:colcon.colcon_core.package_identification:_identify(src/px4_msgs) by extensions ['ros']
[0.236s] Level 1:colcon.colcon_core.package_identification:_identify(src/px4_msgs) by extension 'ros'
[0.236s] DEBUG:colcon.colcon_core.package_identification:Package 'src/px4_msgs' with type 'ros.ament_cmake' and name 'px4_msgs'
[0.237s] Level 1:colcon.colcon_core.package_identification:_identify(src/px4_ros_com) by extensions ['ignore', 'ignore_ament_install']
[0.237s] Level 1:colcon.colcon_core.package_identification:_identify(src/px4_ros_com) by extension 'ignore'
[0.237s] Level 1:colcon.colcon_core.package_identification:_identify(src/px4_ros_com) by extension 'ignore_ament_install'
[0.237s] Level 1:colcon.colcon_core.package_identification:_identify(src/px4_ros_com) by extensions ['colcon_pkg']
[0.237s] Level 1:colcon.colcon_core.package_identification:_identify(src/px4_ros_com) by extension 'colcon_pkg'
[0.237s] Level 1:colcon.colcon_core.package_identification:_identify(src/px4_ros_com) by extensions ['colcon_meta']
[0.237s] Level 1:colcon.colcon_core.package_identification:_identify(src/px4_ros_com) by extension 'colcon_meta'
[0.237s] Level 1:colcon.colcon_core.package_identification:_identify(src/px4_ros_com) by extensions ['ros']
[0.237s] Level 1:colcon.colcon_core.package_identification:_identify(src/px4_ros_com) by extension 'ros'
[0.238s] DEBUG:colcon.colcon_core.package_identification:Package 'src/px4_ros_com' with type 'ros.ament_cmake' and name 'px4_ros_com'
[0.238s] Level 1:colcon.colcon_core.package_discovery:discover_packages(recursive) using defaults
[0.238s] Level 1:colcon.colcon_core.package_discovery:discover_packages(ignore) discover
[0.238s] Level 1:colcon.colcon_core.package_discovery:discover_packages(ignore) using defaults
[0.238s] Level 1:colcon.colcon_core.package_discovery:discover_packages(path) discover
[0.238s] Level 1:colcon.colcon_core.package_discovery:discover_packages(path) using defaults
[0.256s] Level 1:colcon.colcon_core.package_discovery:discover_packages(prefix_path) check parameters
[0.256s] Level 1:colcon.colcon_core.package_discovery:discover_packages(prefix_path) discover
[0.258s] DEBUG:colcon.colcon_installed_package_information.package_discovery:Found 1 installed packages in /home/redpaladin/Projects/real_steel_ws/install
[0.259s] DEBUG:colcon.colcon_installed_package_information.package_discovery:Found 3 installed packages in /home/redpaladin/Projects/helios_ws/install
[0.260s] DEBUG:colcon.colcon_installed_package_information.package_discovery:Found 324 installed packages in /opt/ros/humble
[0.261s] Level 1:colcon.colcon_core.package_discovery:discover_packages(prefix_path) using defaults
[0.290s] Level 5:colcon.colcon_core.verb:set package 'helios' build argument 'cmake_args' from command line to 'None'
[0.290s] Level 5:colcon.colcon_core.verb:set package 'helios' build argument 'cmake_target' from command line to 'None'
[0.290s] Level 5:colcon.colcon_core.verb:set package 'helios' build argument 'cmake_target_skip_unavailable' from command line to 'False'
[0.290s] Level 5:colcon.colcon_core.verb:set package 'helios' build argument 'cmake_clean_cache' from command line to 'False'
[0.290s] Level 5:colcon.colcon_core.verb:set package 'helios' build argument 'cmake_clean_first' from command line to 'False'
[0.290s] Level 5:colcon.colcon_core.verb:set package 'helios' build argument 'cmake_force_configure' from command line to 'False'
[0.290s] Level 5:colcon.colcon_core.verb:set package 'helios' build argument 'ament_cmake_args' from command line to 'None'
[0.290s] Level 5:colcon.colcon_core.verb:set package 'helios' build argument 'catkin_cmake_args' from command line to 'None'
[0.290s] Level 5:colcon.colcon_core.verb:set package 'helios' build argument 'catkin_skip_building_tests' from command line to 'False'
[0.290s] DEBUG:colcon.colcon_core.verb:Building package 'helios' with the following arguments: {'ament_cmake_args': None, 'build_base': '/home/redpaladin/Projects/helios_ws/build/helios', 'catkin_cmake_args': None, 'catkin_skip_building_tests': False, 'cmake_args': None, 'cmake_clean_cache': False, 'cmake_clean_first': False, 'cmake_force_configure': False, 'cmake_target': None, 'cmake_target_skip_unavailable': False, 'install_base': '/home/redpaladin/Projects/helios_ws/install/helios', 'merge_install': False, 'path': '/home/redpaladin/Projects/helios_ws/src/helios', 'symlink_install': False, 'test_result_base': None}
[0.290s] Level 5:colcon.colcon_core.verb:set package 'px4_msgs' build argument 'cmake_args' from command line to 'None'
[0.290s] Level 5:colcon.colcon_core.verb:set package 'px4_msgs' build argument 'cmake_target' from command line to 'None'
[0.290s] Level 5:colcon.colcon_core.verb:set package 'px4_msgs' build argument 'cmake_target_skip_unavailable' from command line to 'False'
[0.290s] Level 5:colcon.colcon_core.verb:set package 'px4_msgs' build argument 'cmake_clean_cache' from command line to 'False'
[0.290s] Level 5:colcon.colcon_core.verb:set package 'px4_msgs' build argument 'cmake_clean_first' from command line to 'False'
[0.290s] Level 5:colcon.colcon_core.verb:set package 'px4_msgs' build argument 'cmake_force_configure' from command line to 'False'
[0.290s] Level 5:colcon.colcon_core.verb:set package 'px4_msgs' build argument 'ament_cmake_args' from command line to 'None'
[0.290s] Level 5:colcon.colcon_core.verb:set package 'px4_msgs' build argument 'catkin_cmake_args' from command line to 'None'
[0.290s] Level 5:colcon.colcon_core.verb:set package 'px4_msgs' build argument 'catkin_skip_building_tests' from command line to 'False'
[0.290s] DEBUG:colcon.colcon_core.verb:Building package 'px4_msgs' with the following arguments: {'ament_cmake_args': None, 'build_base': '/home/redpaladin/Projects/helios_ws/build/px4_msgs', 'catkin_cmake_args': None, 'catkin_skip_building_tests': False, 'cmake_args': None, 'cmake_clean_cache': False, 'cmake_clean_first': False, 'cmake_force_configure': False, 'cmake_target': None, 'cmake_target_skip_unavailable': False, 'install_base': '/home/redpaladin/Projects/helios_ws/install/px4_msgs', 'merge_install': False, 'path': '/home/redpaladin/Projects/helios_ws/src/px4_msgs', 'symlink_install': False, 'test_result_base': None}
[0.290s] Level 5:colcon.colcon_core.verb:set package 'px4_ros_com' build argument 'cmake_args' from command line to 'None'
[0.290s] Level 5:colcon.colcon_core.verb:set package 'px4_ros_com' build argument 'cmake_target' from command line to 'None'
[0.290s] Level 5:colcon.colcon_core.verb:set package 'px4_ros_com' build argument 'cmake_target_skip_unavailable' from command line to 'False'
[0.290s] Level 5:colcon.colcon_core.verb:set package 'px4_ros_com' build argument 'cmake_clean_cache' from command line to 'False'
[0.290s] Level 5:colcon.colcon_core.verb:set package 'px4_ros_com' build argument 'cmake_clean_first' from command line to 'False'
[0.290s] Level 5:colcon.colcon_core.verb:set package 'px4_ros_com' build argument 'cmake_force_configure' from command line to 'False'
[0.290s] Level 5:colcon.colcon_core.verb:set package 'px4_ros_com' build argument 'ament_cmake_args' from command line to 'None'
[0.290s] Level 5:colcon.colcon_core.verb:set package 'px4_ros_com' build argument 'catkin_cmake_args' from command line to 'None'
[0.290s] Level 5:colcon.colcon_core.verb:set package 'px4_ros_com' build argument 'catkin_skip_building_tests' from command line to 'False'
[0.290s] DEBUG:colcon.colcon_core.verb:Building package 'px4_ros_com' with the following arguments: {'ament_cmake_args': None, 'build_base': '/home/redpaladin/Projects/helios_ws/build/px4_ros_com', 'catkin_cmake_args': None, 'catkin_skip_building_tests': False, 'cmake_args': None, 'cmake_clean_cache': False, 'cmake_clean_first': False, 'cmake_force_configure': False, 'cmake_target': None, 'cmake_target_skip_unavailable': False, 'install_base': '/home/redpaladin/Projects/helios_ws/install/px4_ros_com', 'merge_install': False, 'path': '/home/redpaladin/Projects/helios_ws/src/px4_ros_com', 'symlink_install': False, 'test_result_base': None}
[0.291s] INFO:colcon.colcon_core.executor:Executing jobs using 'parallel' executor
[0.291s] DEBUG:colcon.colcon_parallel_executor.executor.parallel:run_until_complete
[0.291s] INFO:colcon.colcon_ros.task.ament_cmake.build:Building ROS package in '/home/redpaladin/Projects/helios_ws/src/px4_msgs' with build type 'ament_cmake'
[0.292s] INFO:colcon.colcon_cmake.task.cmake.build:Building CMake package in '/home/redpaladin/Projects/helios_ws/src/px4_msgs'
[0.294s] INFO:colcon.colcon_core.plugin_system:Skipping extension 'colcon_core.shell.bat': Not used on non-Windows systems
[0.295s] INFO:colcon.colcon_core.shell:Skip shell extension 'powershell' for command environment: Not usable outside of PowerShell
[0.295s] DEBUG:colcon.colcon_core.shell:Skip shell extension 'dsv' for command environment
[0.298s] INFO:colcon.colcon_ros.task.ament_python.build:Building ROS package in '/home/redpaladin/Projects/helios_ws/src/helios' with build type 'ament_python'
[0.298s] Level 1:colcon.colcon_core.shell:create_environment_hook('helios', 'ament_prefix_path')
[0.298s] INFO:colcon.colcon_core.shell:Creating environment hook '/home/redpaladin/Projects/helios_ws/install/helios/share/helios/hook/ament_prefix_path.ps1'
[0.299s] INFO:colcon.colcon_core.shell:Creating environment descriptor '/home/redpaladin/Projects/helios_ws/install/helios/share/helios/hook/ament_prefix_path.dsv'
[0.299s] INFO:colcon.colcon_core.shell:Creating environment hook '/home/redpaladin/Projects/helios_ws/install/helios/share/helios/hook/ament_prefix_path.sh'
[0.300s] INFO:colcon.colcon_core.shell:Skip shell extension 'powershell' for command environment: Not usable outside of PowerShell
[0.300s] DEBUG:colcon.colcon_core.shell:Skip shell extension 'dsv' for command environment
[0.305s] DEBUG:colcon.colcon_core.event_handler.log_command:Invoking command in '/home/redpaladin/Projects/helios_ws/build/px4_msgs': CMAKE_PREFIX_PATH=${CMAKE_PREFIX_PATH}:/home/redpaladin/Projects/real_steel_ws/install/shadow:/home/redpaladin/Projects/helios_ws/install/helios:/opt/ros/humble /usr/bin/cmake --build /home/redpaladin/Projects/helios_ws/build/px4_msgs -- -j24 -l24
[0.444s] INFO:colcon.colcon_core.task.python.build:Building Python package in '/home/redpaladin/Projects/helios_ws/src/helios'
[0.444s] INFO:colcon.colcon_core.shell:Skip shell extension 'powershell' for command environment: Not usable outside of PowerShell
[0.445s] DEBUG:colcon.colcon_core.shell:Skip shell extension 'dsv' for command environment
[1.205s] DEBUG:colcon.colcon_core.event_handler.log_command:Invoking command in '/home/redpaladin/Projects/helios_ws/src/helios': PYTHONPATH=/home/redpaladin/Projects/helios_ws/build/helios/prefix_override:/usr/lib/python3/dist-packages/colcon_core/task/python/colcon_distutils_commands:/home/redpaladin/Projects/helios_ws/install/helios/lib/python3.10/site-packages:${PYTHONPATH} /usr/bin/python3 -W ignore:setup.py install is deprecated -W ignore:easy_install command is deprecated setup.py egg_info --egg-base ../../build/helios build --build-base /home/redpaladin/Projects/helios_ws/build/helios/build install --record /home/redpaladin/Projects/helios_ws/build/helios/install.log --single-version-externally-managed install_data
[1.895s] DEBUG:colcon.colcon_core.event_handler.log_command:Invoked command in '/home/redpaladin/Projects/helios_ws/src/helios' returned '0': PYTHONPATH=/home/redpaladin/Projects/helios_ws/build/helios/prefix_override:/usr/lib/python3/dist-packages/colcon_core/task/python/colcon_distutils_commands:/home/redpaladin/Projects/helios_ws/install/helios/lib/python3.10/site-packages:${PYTHONPATH} /usr/bin/python3 -W ignore:setup.py install is deprecated -W ignore:easy_install command is deprecated setup.py egg_info --egg-base ../../build/helios build --build-base /home/redpaladin/Projects/helios_ws/build/helios/build install --record /home/redpaladin/Projects/helios_ws/build/helios/install.log --single-version-externally-managed install_data
[1.903s] Level 1:colcon.colcon_core.environment:checking '/home/redpaladin/Projects/helios_ws/install/helios' for CMake module files
[1.904s] Level 1:colcon.colcon_core.environment:checking '/home/redpaladin/Projects/helios_ws/install/helios' for CMake config files
[1.905s] Level 1:colcon.colcon_core.environment:checking '/home/redpaladin/Projects/helios_ws/install/helios/lib'
[1.905s] Level 1:colcon.colcon_core.environment:checking '/home/redpaladin/Projects/helios_ws/install/helios/bin'
[1.905s] Level 1:colcon.colcon_core.environment:checking '/home/redpaladin/Projects/helios_ws/install/helios/lib/pkgconfig/helios.pc'
[1.905s] Level 1:colcon.colcon_core.environment:checking '/home/redpaladin/Projects/helios_ws/install/helios/lib/python3.10/site-packages'
[1.909s] Level 1:colcon.colcon_core.shell:create_environment_hook('helios', 'pythonpath')
[1.909s] INFO:colcon.colcon_core.shell:Creating environment hook '/home/redpaladin/Projects/helios_ws/install/helios/share/helios/hook/pythonpath.ps1'
[1.911s] INFO:colcon.colcon_core.shell:Creating environment descriptor '/home/redpaladin/Projects/helios_ws/install/helios/share/helios/hook/pythonpath.dsv'
[1.911s] INFO:colcon.colcon_core.shell:Creating environment hook '/home/redpaladin/Projects/helios_ws/install/helios/share/helios/hook/pythonpath.sh'
[1.912s] Level 1:colcon.colcon_core.environment:checking '/home/redpaladin/Projects/helios_ws/install/helios/bin'
[1.912s] Level 1:colcon.colcon_core.environment:create_environment_scripts_only(helios)
[1.912s] INFO:colcon.colcon_core.shell:Creating package script '/home/redpaladin/Projects/helios_ws/install/helios/share/helios/package.ps1'
[1.916s] INFO:colcon.colcon_core.shell:Creating package descriptor '/home/redpaladin/Projects/helios_ws/install/helios/share/helios/package.dsv'
[1.917s] INFO:colcon.colcon_core.shell:Creating package script '/home/redpaladin/Projects/helios_ws/install/helios/share/helios/package.sh'
[1.918s] INFO:colcon.colcon_core.shell:Creating package script '/home/redpaladin/Projects/helios_ws/install/helios/share/helios/package.bash'
[1.919s] INFO:colcon.colcon_core.shell:Creating package script '/home/redpaladin/Projects/helios_ws/install/helios/share/helios/package.zsh'
[1.921s] Level 1:colcon.colcon_core.environment:create_file_with_runtime_dependencies(/home/redpaladin/Projects/helios_ws/install/helios/share/colcon-core/packages/helios)
[18.184s] DEBUG:colcon.colcon_core.event_handler.log_command:Invoked command in '/home/redpaladin/Projects/helios_ws/build/px4_msgs' returned '0': CMAKE_PREFIX_PATH=${CMAKE_PREFIX_PATH}:/home/redpaladin/Projects/real_steel_ws/install/shadow:/home/redpaladin/Projects/helios_ws/install/helios:/opt/ros/humble /usr/bin/cmake --build /home/redpaladin/Projects/helios_ws/build/px4_msgs -- -j24 -l24
[18.190s] DEBUG:colcon.colcon_core.event_handler.log_command:Invoking command in '/home/redpaladin/Projects/helios_ws/build/px4_msgs': CMAKE_PREFIX_PATH=${CMAKE_PREFIX_PATH}:/home/redpaladin/Projects/real_steel_ws/install/shadow:/home/redpaladin/Projects/helios_ws/install/helios:/opt/ros/humble /usr/bin/cmake --install /home/redpaladin/Projects/helios_ws/build/px4_msgs
[18.504s] Level 1:colcon.colcon_core.environment:create_environment_scripts_only(px4_msgs)
[18.505s] Level 1:colcon.colcon_core.environment:checking '/home/redpaladin/Projects/helios_ws/install/px4_msgs' for CMake module files
[18.505s] DEBUG:colcon.colcon_core.event_handler.log_command:Invoked command in '/home/redpaladin/Projects/helios_ws/build/px4_msgs' returned '0': CMAKE_PREFIX_PATH=${CMAKE_PREFIX_PATH}:/home/redpaladin/Projects/real_steel_ws/install/shadow:/home/redpaladin/Projects/helios_ws/install/helios:/opt/ros/humble /usr/bin/cmake --install /home/redpaladin/Projects/helios_ws/build/px4_msgs
[18.505s] Level 1:colcon.colcon_core.environment:checking '/home/redpaladin/Projects/helios_ws/install/px4_msgs' for CMake config files
[18.506s] Level 1:colcon.colcon_core.shell:create_environment_hook('px4_msgs', 'cmake_prefix_path')
[18.506s] INFO:colcon.colcon_core.shell:Creating environment hook '/home/redpaladin/Projects/helios_ws/install/px4_msgs/share/px4_msgs/hook/cmake_prefix_path.ps1'
[18.506s] INFO:colcon.colcon_core.shell:Creating environment descriptor '/home/redpaladin/Projects/helios_ws/install/px4_msgs/share/px4_msgs/hook/cmake_prefix_path.dsv'
[18.506s] INFO:colcon.colcon_core.shell:Creating environment hook '/home/redpaladin/Projects/helios_ws/install/px4_msgs/share/px4_msgs/hook/cmake_prefix_path.sh'
[18.507s] Level 1:colcon.colcon_core.environment:checking '/home/redpaladin/Projects/helios_ws/install/px4_msgs/lib'
[18.507s] Level 1:colcon.colcon_core.shell:create_environment_hook('px4_msgs', 'ld_library_path_lib')
[18.507s] INFO:colcon.colcon_core.shell:Creating environment hook '/home/redpaladin/Projects/helios_ws/install/px4_msgs/share/px4_msgs/hook/ld_library_path_lib.ps1'
[18.507s] INFO:colcon.colcon_core.shell:Creating environment descriptor '/home/redpaladin/Projects/helios_ws/install/px4_msgs/share/px4_msgs/hook/ld_library_path_lib.dsv'
[18.507s] INFO:colcon.colcon_core.shell:Creating environment hook '/home/redpaladin/Projects/helios_ws/install/px4_msgs/share/px4_msgs/hook/ld_library_path_lib.sh'
[18.508s] Level 1:colcon.colcon_core.environment:checking '/home/redpaladin/Projects/helios_ws/install/px4_msgs/bin'
[18.508s] Level 1:colcon.colcon_core.environment:checking '/home/redpaladin/Projects/helios_ws/install/px4_msgs/lib/pkgconfig/px4_msgs.pc'
[18.508s] Level 1:colcon.colcon_core.environment:checking '/home/redpaladin/Projects/helios_ws/install/px4_msgs/lib/python3.10/site-packages'
[18.508s] Level 1:colcon.colcon_core.environment:checking '/home/redpaladin/Projects/helios_ws/install/px4_msgs/bin'
[18.508s] INFO:colcon.colcon_core.shell:Creating package script '/home/redpaladin/Projects/helios_ws/install/px4_msgs/share/px4_msgs/package.ps1'
[18.508s] INFO:colcon.colcon_core.shell:Creating package descriptor '/home/redpaladin/Projects/helios_ws/install/px4_msgs/share/px4_msgs/package.dsv'
[18.508s] INFO:colcon.colcon_core.shell:Creating package script '/home/redpaladin/Projects/helios_ws/install/px4_msgs/share/px4_msgs/package.sh'
[18.509s] INFO:colcon.colcon_core.shell:Creating package script '/home/redpaladin/Projects/helios_ws/install/px4_msgs/share/px4_msgs/package.bash'
[18.509s] INFO:colcon.colcon_core.shell:Creating package script '/home/redpaladin/Projects/helios_ws/install/px4_msgs/share/px4_msgs/package.zsh'
[18.509s] Level 1:colcon.colcon_core.environment:create_file_with_runtime_dependencies(/home/redpaladin/Projects/helios_ws/install/px4_msgs/share/colcon-core/packages/px4_msgs)
[18.509s] Level 1:colcon.colcon_core.environment:create_environment_scripts_only(px4_msgs)
[18.509s] Level 1:colcon.colcon_core.environment:checking '/home/redpaladin/Projects/helios_ws/install/px4_msgs' for CMake module files
[18.510s] Level 1:colcon.colcon_core.environment:checking '/home/redpaladin/Projects/helios_ws/install/px4_msgs' for CMake config files
[18.510s] Level 1:colcon.colcon_core.shell:create_environment_hook('px4_msgs', 'cmake_prefix_path')
[18.510s] INFO:colcon.colcon_core.shell:Creating environment hook '/home/redpaladin/Projects/helios_ws/install/px4_msgs/share/px4_msgs/hook/cmake_prefix_path.ps1'
[18.510s] INFO:colcon.colcon_core.shell:Creating environment descriptor '/home/redpaladin/Projects/helios_ws/install/px4_msgs/share/px4_msgs/hook/cmake_prefix_path.dsv'
[18.511s] INFO:colcon.colcon_core.shell:Creating environment hook '/home/redpaladin/Projects/helios_ws/install/px4_msgs/share/px4_msgs/hook/cmake_prefix_path.sh'
[18.511s] Level 1:colcon.colcon_core.environment:checking '/home/redpaladin/Projects/helios_ws/install/px4_msgs/lib'
[18.511s] Level 1:colcon.colcon_core.shell:create_environment_hook('px4_msgs', 'ld_library_path_lib')
[18.511s] INFO:colcon.colcon_core.shell:Creating environment hook '/home/redpaladin/Projects/helios_ws/install/px4_msgs/share/px4_msgs/hook/ld_library_path_lib.ps1'
[18.511s] INFO:colcon.colcon_core.shell:Creating environment descriptor '/home/redpaladin/Projects/helios_ws/install/px4_msgs/share/px4_msgs/hook/ld_library_path_lib.dsv'
[18.511s] INFO:colcon.colcon_core.shell:Creating environment hook '/home/redpaladin/Projects/helios_ws/install/px4_msgs/share/px4_msgs/hook/ld_library_path_lib.sh'
[18.512s] Level 1:colcon.colcon_core.environment:checking '/home/redpaladin/Projects/helios_ws/install/px4_msgs/bin'
[18.512s] Level 1:colcon.colcon_core.environment:checking '/home/redpaladin/Projects/helios_ws/install/px4_msgs/lib/pkgconfig/px4_msgs.pc'
[18.512s] Level 1:colcon.colcon_core.environment:checking '/home/redpaladin/Projects/helios_ws/install/px4_msgs/lib/python3.10/site-packages'
[18.512s] Level 1:colcon.colcon_core.environment:checking '/home/redpaladin/Projects/helios_ws/install/px4_msgs/bin'
[18.512s] INFO:colcon.colcon_core.shell:Creating package script '/home/redpaladin/Projects/helios_ws/install/px4_msgs/share/px4_msgs/package.ps1'
[18.512s] INFO:colcon.colcon_core.shell:Creating package descriptor '/home/redpaladin/Projects/helios_ws/install/px4_msgs/share/px4_msgs/package.dsv'
[18.513s] INFO:colcon.colcon_core.shell:Creating package script '/home/redpaladin/Projects/helios_ws/install/px4_msgs/share/px4_msgs/package.sh'
[18.513s] INFO:colcon.colcon_core.shell:Creating package script '/home/redpaladin/Projects/helios_ws/install/px4_msgs/share/px4_msgs/package.bash'
[18.513s] INFO:colcon.colcon_core.shell:Creating package script '/home/redpaladin/Projects/helios_ws/install/px4_msgs/share/px4_msgs/package.zsh'
[18.513s] Level 1:colcon.colcon_core.environment:create_file_with_runtime_dependencies(/home/redpaladin/Projects/helios_ws/install/px4_msgs/share/colcon-core/packages/px4_msgs)
[18.513s] INFO:colcon.colcon_ros.task.ament_cmake.build:Building ROS package in '/home/redpaladin/Projects/helios_ws/src/px4_ros_com' with build type 'ament_cmake'
[18.513s] INFO:colcon.colcon_cmake.task.cmake.build:Building CMake package in '/home/redpaladin/Projects/helios_ws/src/px4_ros_com'
[18.514s] INFO:colcon.colcon_core.shell:Skip shell extension 'powershell' for command environment: Not usable outside of PowerShell
[18.514s] DEBUG:colcon.colcon_core.shell:Skip shell extension 'dsv' for command environment
[18.521s] DEBUG:colcon.colcon_core.event_handler.log_command:Invoking command in '/home/redpaladin/Projects/helios_ws/build/px4_ros_com': CMAKE_PREFIX_PATH=/home/redpaladin/Projects/helios_ws/install/px4_msgs:/home/redpaladin/Projects/helios_ws/install/px4_ros_com:/home/redpaladin/Projects/real_steel_ws/install/shadow:/home/redpaladin/Projects/helios_ws/install/helios:/opt/ros/humble LD_LIBRARY_PATH=/home/redpaladin/Projects/helios_ws/install/px4_msgs/lib:/home/redpaladin/Projects/helios_ws/install/px4_ros_com/lib:/opt/ros/humble/opt/rviz_ogre_vendor/lib:/opt/ros/humble/lib/x86_64-linux-gnu:/opt/ros/humble/lib /usr/bin/cmake --build /home/redpaladin/Projects/helios_ws/build/px4_ros_com -- -j24 -l24
[24.341s] DEBUG:colcon.colcon_core.event_handler.log_command:Invoked command in '/home/redpaladin/Projects/helios_ws/build/px4_ros_com' returned '0': CMAKE_PREFIX_PATH=/home/redpaladin/Projects/helios_ws/install/px4_msgs:/home/redpaladin/Projects/helios_ws/install/px4_ros_com:/home/redpaladin/Projects/real_steel_ws/install/shadow:/home/redpaladin/Projects/helios_ws/install/helios:/opt/ros/humble LD_LIBRARY_PATH=/home/redpaladin/Projects/helios_ws/install/px4_msgs/lib:/home/redpaladin/Projects/helios_ws/install/px4_ros_com/lib:/opt/ros/humble/opt/rviz_ogre_vendor/lib:/opt/ros/humble/lib/x86_64-linux-gnu:/opt/ros/humble/lib /usr/bin/cmake --build /home/redpaladin/Projects/helios_ws/build/px4_ros_com -- -j24 -l24
[24.342s] DEBUG:colcon.colcon_core.event_handler.log_command:Invoking command in '/home/redpaladin/Projects/helios_ws/build/px4_ros_com': CMAKE_PREFIX_PATH=/home/redpaladin/Projects/helios_ws/install/px4_msgs:/home/redpaladin/Projects/helios_ws/install/px4_ros_com:/home/redpaladin/Projects/real_steel_ws/install/shadow:/home/redpaladin/Projects/helios_ws/install/helios:/opt/ros/humble LD_LIBRARY_PATH=/home/redpaladin/Projects/helios_ws/install/px4_msgs/lib:/home/redpaladin/Projects/helios_ws/install/px4_ros_com/lib:/opt/ros/humble/opt/rviz_ogre_vendor/lib:/opt/ros/humble/lib/x86_64-linux-gnu:/opt/ros/humble/lib /usr/bin/cmake --install /home/redpaladin/Projects/helios_ws/build/px4_ros_com
[24.400s] Level 1:colcon.colcon_core.environment:create_environment_scripts_only(px4_ros_com)
[24.400s] Level 1:colcon.colcon_core.environment:checking '/home/redpaladin/Projects/helios_ws/install/px4_ros_com' for CMake module files
[24.400s] DEBUG:colcon.colcon_core.event_handler.log_command:Invoked command in '/home/redpaladin/Projects/helios_ws/build/px4_ros_com' returned '0': CMAKE_PREFIX_PATH=/home/redpaladin/Projects/helios_ws/install/px4_msgs:/home/redpaladin/Projects/helios_ws/install/px4_ros_com:/home/redpaladin/Projects/real_steel_ws/install/shadow:/home/redpaladin/Projects/helios_ws/install/helios:/opt/ros/humble LD_LIBRARY_PATH=/home/redpaladin/Projects/helios_ws/install/px4_msgs/lib:/home/redpaladin/Projects/helios_ws/install/px4_ros_com/lib:/opt/ros/humble/opt/rviz_ogre_vendor/lib:/opt/ros/humble/lib/x86_64-linux-gnu:/opt/ros/humble/lib /usr/bin/cmake --install /home/redpaladin/Projects/helios_ws/build/px4_ros_com
[24.401s] Level 1:colcon.colcon_core.environment:checking '/home/redpaladin/Projects/helios_ws/install/px4_ros_com' for CMake config files
[24.401s] Level 1:colcon.colcon_core.shell:create_environment_hook('px4_ros_com', 'cmake_prefix_path')
[24.401s] INFO:colcon.colcon_core.shell:Creating environment hook '/home/redpaladin/Projects/helios_ws/install/px4_ros_com/share/px4_ros_com/hook/cmake_prefix_path.ps1'
[24.401s] INFO:colcon.colcon_core.shell:Creating environment descriptor '/home/redpaladin/Projects/helios_ws/install/px4_ros_com/share/px4_ros_com/hook/cmake_prefix_path.dsv'
[24.401s] INFO:colcon.colcon_core.shell:Creating environment hook '/home/redpaladin/Projects/helios_ws/install/px4_ros_com/share/px4_ros_com/hook/cmake_prefix_path.sh'
[24.402s] Level 1:colcon.colcon_core.environment:checking '/home/redpaladin/Projects/helios_ws/install/px4_ros_com/lib'
[24.402s] Level 1:colcon.colcon_core.shell:create_environment_hook('px4_ros_com', 'ld_library_path_lib')
[24.402s] INFO:colcon.colcon_core.shell:Creating environment hook '/home/redpaladin/Projects/helios_ws/install/px4_ros_com/share/px4_ros_com/hook/ld_library_path_lib.ps1'
[24.402s] INFO:colcon.colcon_core.shell:Creating environment descriptor '/home/redpaladin/Projects/helios_ws/install/px4_ros_com/share/px4_ros_com/hook/ld_library_path_lib.dsv'
[24.402s] INFO:colcon.colcon_core.shell:Creating environment hook '/home/redpaladin/Projects/helios_ws/install/px4_ros_com/share/px4_ros_com/hook/ld_library_path_lib.sh'
[24.402s] Level 1:colcon.colcon_core.environment:checking '/home/redpaladin/Projects/helios_ws/install/px4_ros_com/bin'
[24.402s] Level 1:colcon.colcon_core.environment:checking '/home/redpaladin/Projects/helios_ws/install/px4_ros_com/lib/pkgconfig/px4_ros_com.pc'
[24.403s] Level 1:colcon.colcon_core.environment:checking '/home/redpaladin/Projects/helios_ws/install/px4_ros_com/lib/python3.10/site-packages'
[24.403s] Level 1:colcon.colcon_core.environment:checking '/home/redpaladin/Projects/helios_ws/install/px4_ros_com/bin'
[24.403s] INFO:colcon.colcon_core.shell:Creating package script '/home/redpaladin/Projects/helios_ws/install/px4_ros_com/share/px4_ros_com/package.ps1'
[24.403s] INFO:colcon.colcon_core.shell:Creating package descriptor '/home/redpaladin/Projects/helios_ws/install/px4_ros_com/share/px4_ros_com/package.dsv'
[24.404s] INFO:colcon.colcon_core.shell:Creating package script '/home/redpaladin/Projects/helios_ws/install/px4_ros_com/share/px4_ros_com/package.sh'
[24.404s] INFO:colcon.colcon_core.shell:Creating package script '/home/redpaladin/Projects/helios_ws/install/px4_ros_com/share/px4_ros_com/package.bash'
[24.404s] INFO:colcon.colcon_core.shell:Creating package script '/home/redpaladin/Projects/helios_ws/install/px4_ros_com/share/px4_ros_com/package.zsh'
[24.404s] Level 1:colcon.colcon_core.environment:create_file_with_runtime_dependencies(/home/redpaladin/Projects/helios_ws/install/px4_ros_com/share/colcon-core/packages/px4_ros_com)
[24.405s] Level 1:colcon.colcon_core.environment:create_environment_scripts_only(px4_ros_com)
[24.405s] Level 1:colcon.colcon_core.environment:checking '/home/redpaladin/Projects/helios_ws/install/px4_ros_com' for CMake module files
[24.405s] Level 1:colcon.colcon_core.environment:checking '/home/redpaladin/Projects/helios_ws/install/px4_ros_com' for CMake config files
[24.405s] Level 1:colcon.colcon_core.shell:create_environment_hook('px4_ros_com', 'cmake_prefix_path')
[24.405s] INFO:colcon.colcon_core.shell:Creating environment hook '/home/redpaladin/Projects/helios_ws/install/px4_ros_com/share/px4_ros_com/hook/cmake_prefix_path.ps1'
[24.406s] INFO:colcon.colcon_core.shell:Creating environment descriptor '/home/redpaladin/Projects/helios_ws/install/px4_ros_com/share/px4_ros_com/hook/cmake_prefix_path.dsv'
[24.406s] INFO:colcon.colcon_core.shell:Creating environment hook '/home/redpaladin/Projects/helios_ws/install/px4_ros_com/share/px4_ros_com/hook/cmake_prefix_path.sh'
[24.406s] Level 1:colcon.colcon_core.environment:checking '/home/redpaladin/Projects/helios_ws/install/px4_ros_com/lib'
[24.406s] Level 1:colcon.colcon_core.shell:create_environment_hook('px4_ros_com', 'ld_library_path_lib')
[24.406s] INFO:colcon.colcon_core.shell:Creating environment hook '/home/redpaladin/Projects/helios_ws/install/px4_ros_com/share/px4_ros_com/hook/ld_library_path_lib.ps1'
[24.406s] INFO:colcon.colcon_core.shell:Creating environment descriptor '/home/redpaladin/Projects/helios_ws/install/px4_ros_com/share/px4_ros_com/hook/ld_library_path_lib.dsv'
[24.407s] INFO:colcon.colcon_core.shell:Creating environment hook '/home/redpaladin/Projects/helios_ws/install/px4_ros_com/share/px4_ros_com/hook/ld_library_path_lib.sh'
[24.407s] Level 1:colcon.colcon_core.environment:checking '/home/redpaladin/Projects/helios_ws/install/px4_ros_com/bin'
[24.407s] Level 1:colcon.colcon_core.environment:checking '/home/redpaladin/Projects/helios_ws/install/px4_ros_com/lib/pkgconfig/px4_ros_com.pc'
[24.407s] Level 1:colcon.colcon_core.environment:checking '/home/redpaladin/Projects/helios_ws/install/px4_ros_com/lib/python3.10/site-packages'
[24.407s] Level 1:colcon.colcon_core.environment:checking '/home/redpaladin/Projects/helios_ws/install/px4_ros_com/bin'
[24.407s] INFO:colcon.colcon_core.shell:Creating package script '/home/redpaladin/Projects/helios_ws/install/px4_ros_com/share/px4_ros_com/package.ps1'
[24.407s] INFO:colcon.colcon_core.shell:Creating package descriptor '/home/redpaladin/Projects/helios_ws/install/px4_ros_com/share/px4_ros_com/package.dsv'
[24.408s] INFO:colcon.colcon_core.shell:Creating package script '/home/redpaladin/Projects/helios_ws/install/px4_ros_com/share/px4_ros_com/package.sh'
[24.408s] INFO:colcon.colcon_core.shell:Creating package script '/home/redpaladin/Projects/helios_ws/install/px4_ros_com/share/px4_ros_com/package.bash'
[24.408s] INFO:colcon.colcon_core.shell:Creating package script '/home/redpaladin/Projects/helios_ws/install/px4_ros_com/share/px4_ros_com/package.zsh'
[24.408s] Level 1:colcon.colcon_core.environment:create_file_with_runtime_dependencies(/home/redpaladin/Projects/helios_ws/install/px4_ros_com/share/colcon-core/packages/px4_ros_com)
[24.408s] DEBUG:colcon.colcon_parallel_executor.executor.parallel:closing loop
[24.409s] DEBUG:colcon.colcon_parallel_executor.executor.parallel:loop closed
[24.409s] DEBUG:colcon.colcon_parallel_executor.executor.parallel:run_until_complete finished with '0'
[24.409s] DEBUG:colcon.colcon_core.event_reactor:joining thread
[24.416s] INFO:colcon.colcon_core.plugin_system:Skipping extension 'colcon_notification.desktop_notification.terminal_notifier': Not used on non-Darwin systems
[24.416s] INFO:colcon.colcon_core.plugin_system:Skipping extension 'colcon_notification.desktop_notification.win32': Not used on non-Windows systems
[24.416s] INFO:colcon.colcon_notification.desktop_notification:Sending desktop notification using 'notify2'
[24.430s] DEBUG:colcon.colcon_core.event_reactor:joined thread
[24.431s] INFO:colcon.colcon_core.shell:Creating prefix script '/home/redpaladin/Projects/helios_ws/install/local_setup.ps1'
[24.431s] INFO:colcon.colcon_core.shell:Creating prefix util module '/home/redpaladin/Projects/helios_ws/install/_local_setup_util_ps1.py'
[24.432s] INFO:colcon.colcon_core.shell:Creating prefix chain script '/home/redpaladin/Projects/helios_ws/install/setup.ps1'
[24.433s] INFO:colcon.colcon_core.shell:Creating prefix script '/home/redpaladin/Projects/helios_ws/install/local_setup.sh'
[24.433s] INFO:colcon.colcon_core.shell:Creating prefix util module '/home/redpaladin/Projects/helios_ws/install/_local_setup_util_sh.py'
[24.434s] INFO:colcon.colcon_core.shell:Creating prefix chain script '/home/redpaladin/Projects/helios_ws/install/setup.sh'
[24.434s] INFO:colcon.colcon_core.shell:Creating prefix script '/home/redpaladin/Projects/helios_ws/install/local_setup.bash'
[24.435s] INFO:colcon.colcon_core.shell:Creating prefix chain script '/home/redpaladin/Projects/helios_ws/install/setup.bash'
[24.436s] INFO:colcon.colcon_core.shell:Creating prefix script '/home/redpaladin/Projects/helios_ws/install/local_setup.zsh'
[24.437s] INFO:colcon.colcon_core.shell:Creating prefix chain script '/home/redpaladin/Projects/helios_ws/install/setup.zsh'
