[0.458s] Invoking command in '/home/redpaladin/Projects/helios_ws/build/helios': PYTHONPATH=/home/redpaladin/Projects/helios_ws/build/helios/prefix_override:/home/redpaladin/.local/lib/python3.10/site-packages/colcon_core/task/python/colcon_distutils_commands:/home/redpaladin/Projects/helios_ws/install/helios/lib/python3.10/site-packages:${PYTHONPATH} /usr/bin/python3 -W ignore:setup.py install is deprecated setup.py develop --editable --build-directory /home/redpaladin/Projects/helios_ws/build/helios/build --no-deps symlink_data --force
[0.632s] running develop
[0.632s] /home/redpaladin/.local/lib/python3.10/site-packages/setuptools/command/develop.py:41: EasyInstallDeprecationWarning: easy_install command is deprecated.
[0.632s] !!
[0.632s] 
[0.632s]         ********************************************************************************
[0.633s]         Please avoid running ``setup.py`` and ``easy_install``.
[0.633s]         Instead, use pypa/build, pypa/installer or other
[0.633s]         standards-based tools.
[0.633s] 
[0.633s]         See https://github.com/pypa/setuptools/issues/917 for details.
[0.633s]         ********************************************************************************
[0.633s] 
[0.633s] !!
[0.633s]   easy_install.initialize_options(self)
[0.735s] running egg_info
[0.742s] writing helios.egg-info/PKG-INFO
[0.742s] writing dependency_links to helios.egg-info/dependency_links.txt
[0.743s] writing requirements to helios.egg-info/requires.txt
[0.743s] writing top-level names to helios.egg-info/top_level.txt
[0.758s] reading manifest file 'helios.egg-info/SOURCES.txt'
[0.759s] writing manifest file 'helios.egg-info/SOURCES.txt'
[0.767s] running build_ext
[0.767s] Creating /home/redpaladin/Projects/helios_ws/install/helios/lib/python3.10/site-packages/helios.egg-link (link to .)
[0.768s] 
[0.768s] Installed /home/redpaladin/Projects/helios_ws/build/helios
[0.768s] running symlink_data
[0.768s] symbolically linking /home/redpaladin/Projects/helios_ws/build/helios/resource/helios -> /home/redpaladin/Projects/helios_ws/install/helios/share/ament_index/resource_index/packages
[0.769s] symbolically linking /home/redpaladin/Projects/helios_ws/build/helios/package.xml -> /home/redpaladin/Projects/helios_ws/install/helios/share/helios
[0.769s] symbolically linking /home/redpaladin/Projects/helios_ws/build/helios/launch/gazebo.launch.py -> /home/redpaladin/Projects/helios_ws/install/helios/share/helios/launch
[0.789s] Invoked command in '/home/redpaladin/Projects/helios_ws/build/helios' returned '0': PYTHONPATH=/home/redpaladin/Projects/helios_ws/build/helios/prefix_override:/home/redpaladin/.local/lib/python3.10/site-packages/colcon_core/task/python/colcon_distutils_commands:/home/redpaladin/Projects/helios_ws/install/helios/lib/python3.10/site-packages:${PYTHONPATH} /usr/bin/python3 -W ignore:setup.py install is deprecated setup.py develop --editable --build-directory /home/redpaladin/Projects/helios_ws/build/helios/build --no-deps symlink_data --force
