[0.906s] Invoking command in '/home/redpaladin/Projects/helios_ws/src/helios': PYTHONPATH=/home/redpaladin/Projects/helios_ws/build/helios/prefix_override:/usr/lib/python3/dist-packages/colcon_core/task/python/colcon_distutils_commands:/home/redpaladin/Projects/helios_ws/install/helios/lib/python3.10/site-packages:${PYTHONPATH} /usr/bin/python3 -W ignore:setup.py install is deprecated -W ignore:easy_install command is deprecated setup.py egg_info --egg-base ../../build/helios build --build-base /home/redpaladin/Projects/helios_ws/build/helios/build install --record /home/redpaladin/Projects/helios_ws/build/helios/install.log --single-version-externally-managed install_data
[1.210s] running egg_info
[1.231s] writing ../../build/helios/helios.egg-info/PKG-INFO
[1.235s] writing dependency_links to ../../build/helios/helios.egg-info/dependency_links.txt
[1.235s] writing entry points to ../../build/helios/helios.egg-info/entry_points.txt
[1.235s] writing requirements to ../../build/helios/helios.egg-info/requires.txt
[1.235s] writing top-level names to ../../build/helios/helios.egg-info/top_level.txt
[1.264s] reading manifest file '../../build/helios/helios.egg-info/SOURCES.txt'
[1.264s] writing manifest file '../../build/helios/helios.egg-info/SOURCES.txt'
[1.265s] running build
[1.265s] running build_py
[1.265s] running install
[1.272s] running install_lib
[1.285s] running install_data
[1.286s] copying launch/helios.launch.py -> /home/redpaladin/Projects/helios_ws/install/helios/share/helios/launch
[1.286s] running install_egg_info
[1.302s] removing '/home/redpaladin/Projects/helios_ws/install/helios/lib/python3.10/site-packages/helios-0.0.0-py3.10.egg-info' (and everything under it)
[1.307s] Copying ../../build/helios/helios.egg-info to /home/redpaladin/Projects/helios_ws/install/helios/lib/python3.10/site-packages/helios-0.0.0-py3.10.egg-info
[1.308s] running install_scripts
[1.539s] Installing helios_tf_publisher script to /home/redpaladin/Projects/helios_ws/install/helios/lib/helios
[1.539s] Installing keyboard_control script to /home/redpaladin/Projects/helios_ws/install/helios/lib/helios
[1.540s] writing list of installed files to '/home/redpaladin/Projects/helios_ws/build/helios/install.log'
[1.597s] Invoked command in '/home/redpaladin/Projects/helios_ws/src/helios' returned '0': PYTHONPATH=/home/redpaladin/Projects/helios_ws/build/helios/prefix_override:/usr/lib/python3/dist-packages/colcon_core/task/python/colcon_distutils_commands:/home/redpaladin/Projects/helios_ws/install/helios/lib/python3.10/site-packages:${PYTHONPATH} /usr/bin/python3 -W ignore:setup.py install is deprecated -W ignore:easy_install command is deprecated setup.py egg_info --egg-base ../../build/helios build --build-base /home/redpaladin/Projects/helios_ws/build/helios/build install --record /home/redpaladin/Projects/helios_ws/build/helios/install.log --single-version-externally-managed install_data
