[0.473s] Invoking command in '/home/redpaladin/helios_ws/src/helios': PYTHONPATH=/home/redpaladin/helios_ws/build/helios/prefix_override:/home/redpaladin/.local/lib/python3.10/site-packages/colcon_core/task/python/colcon_distutils_commands:/home/redpaladin/helios_ws/install/helios/lib/python3.10/site-packages:${PYTHONPATH} /usr/bin/python3 -W ignore:setup.py install is deprecated setup.py egg_info --egg-base ../../build/helios build --build-base /home/redpaladin/helios_ws/build/helios/build install --record /home/redpaladin/helios_ws/build/helios/install.log --single-version-externally-managed install_data
[0.608s] running egg_info
[0.616s] writing ../../build/helios/helios.egg-info/PKG-INFO
[0.617s] writing dependency_links to ../../build/helios/helios.egg-info/dependency_links.txt
[0.617s] writing entry points to ../../build/helios/helios.egg-info/entry_points.txt
[0.617s] writing requirements to ../../build/helios/helios.egg-info/requires.txt
[0.617s] writing top-level names to ../../build/helios/helios.egg-info/top_level.txt
[0.634s] reading manifest file '../../build/helios/helios.egg-info/SOURCES.txt'
[0.635s] writing manifest file '../../build/helios/helios.egg-info/SOURCES.txt'
[0.635s] running build
[0.635s] running build_py
[0.635s] copying helios/helios_tf_publisher.py -> /home/redpaladin/helios_ws/build/helios/build/lib/helios
[0.635s] copying helios/__init__.py -> /home/redpaladin/helios_ws/build/helios/build/lib/helios
[0.636s] running install
[0.639s] running install_lib
[0.647s] running install_data
[0.647s] copying resource/helios -> /home/redpaladin/helios_ws/install/helios/share/ament_index/resource_index/packages
[0.648s] copying package.xml -> /home/redpaladin/helios_ws/install/helios/share/helios
[0.648s] copying launch/gazebo.launch.py -> /home/redpaladin/helios_ws/install/helios/share/helios/launch
[0.648s] running install_egg_info
[0.657s] removing '/home/redpaladin/helios_ws/install/helios/lib/python3.10/site-packages/helios-0.0.0-py3.10.egg-info' (and everything under it)
[0.658s] Copying ../../build/helios/helios.egg-info to /home/redpaladin/helios_ws/install/helios/lib/python3.10/site-packages/helios-0.0.0-py3.10.egg-info
[0.659s] running install_scripts
[0.730s] Installing helios_tf_publisher script to /home/redpaladin/helios_ws/install/helios/lib/helios
[0.731s] writing list of installed files to '/home/redpaladin/helios_ws/build/helios/install.log'
[0.748s] Invoked command in '/home/redpaladin/helios_ws/src/helios' returned '0': PYTHONPATH=/home/redpaladin/helios_ws/build/helios/prefix_override:/home/redpaladin/.local/lib/python3.10/site-packages/colcon_core/task/python/colcon_distutils_commands:/home/redpaladin/helios_ws/install/helios/lib/python3.10/site-packages:${PYTHONPATH} /usr/bin/python3 -W ignore:setup.py install is deprecated setup.py egg_info --egg-base ../../build/helios build --build-base /home/redpaladin/helios_ws/build/helios/build install --record /home/redpaladin/helios_ws/build/helios/install.log --single-version-externally-managed install_data
