[0.775s] Invoking command in '/home/redpaladin/Projects/helios_ws/src/helios': PYTHONPATH=/home/redpaladin/Projects/helios_ws/build/helios/prefix_override:/home/redpaladin/.local/lib/python3.10/site-packages/colcon_core/task/python/colcon_distutils_commands:/home/redpaladin/Projects/helios_ws/install/helios/lib/python3.10/site-packages:${PYTHONPATH} /usr/bin/python3 -W ignore:setup.py install is deprecated setup.py egg_info --egg-base ../../build/helios build --build-base /home/redpaladin/Projects/helios_ws/build/helios/build install --record /home/redpaladin/Projects/helios_ws/build/helios/install.log --single-version-externally-managed install_data
[0.909s] running egg_info
[0.917s] writing ../../build/helios/helios.egg-info/PKG-INFO
[0.917s] writing dependency_links to ../../build/helios/helios.egg-info/dependency_links.txt
[0.917s] writing entry points to ../../build/helios/helios.egg-info/entry_points.txt
[0.918s] writing requirements to ../../build/helios/helios.egg-info/requires.txt
[0.918s] writing top-level names to ../../build/helios/helios.egg-info/top_level.txt
[0.934s] reading manifest file '../../build/helios/helios.egg-info/SOURCES.txt'
[0.935s] writing manifest file '../../build/helios/helios.egg-info/SOURCES.txt'
[0.935s] running build
[0.935s] running build_py
[0.935s] copying helios/helios_tf_publisher.py -> /home/redpaladin/Projects/helios_ws/build/helios/build/lib/helios
[0.936s] copying helios/__init__.py -> /home/redpaladin/Projects/helios_ws/build/helios/build/lib/helios
[0.937s] running install
[0.940s] running install_lib
[0.948s] running install_data
[0.948s] copying resource/helios -> /home/redpaladin/Projects/helios_ws/install/helios/share/ament_index/resource_index/packages
[0.948s] copying package.xml -> /home/redpaladin/Projects/helios_ws/install/helios/share/helios
[0.949s] copying launch/gazebo.launch.py -> /home/redpaladin/Projects/helios_ws/install/helios/share/helios/launch
[0.950s] running install_egg_info
[0.959s] removing '/home/redpaladin/Projects/helios_ws/install/helios/lib/python3.10/site-packages/helios-0.0.0-py3.10.egg-info' (and everything under it)
[0.960s] Copying ../../build/helios/helios.egg-info to /home/redpaladin/Projects/helios_ws/install/helios/lib/python3.10/site-packages/helios-0.0.0-py3.10.egg-info
[0.962s] running install_scripts
[1.032s] Installing helios_tf_publisher script to /home/redpaladin/Projects/helios_ws/install/helios/lib/helios
[1.032s] writing list of installed files to '/home/redpaladin/Projects/helios_ws/build/helios/install.log'
[1.047s] Invoked command in '/home/redpaladin/Projects/helios_ws/src/helios' returned '0': PYTHONPATH=/home/redpaladin/Projects/helios_ws/build/helios/prefix_override:/home/redpaladin/.local/lib/python3.10/site-packages/colcon_core/task/python/colcon_distutils_commands:/home/redpaladin/Projects/helios_ws/install/helios/lib/python3.10/site-packages:${PYTHONPATH} /usr/bin/python3 -W ignore:setup.py install is deprecated setup.py egg_info --egg-base ../../build/helios build --build-base /home/redpaladin/Projects/helios_ws/build/helios/build install --record /home/redpaladin/Projects/helios_ws/build/helios/install.log --single-version-externally-managed install_data
