[0.007s] Invoking command in '/home/redpaladin/Projects/helios_ws/build/px4_ros_com': AMENT_PREFIX_PATH=/home/redpaladin/Projects/helios_ws/install/px4_msgs:${AMENT_PREFIX_PATH} CMAKE_PREFIX_PATH=/home/redpaladin/Projects/helios_ws/install/px4_msgs:/home/redpaladin/Projects/helios_ws/install/helios:/opt/ros/humble LD_LIBRARY_PATH=/home/redpaladin/Projects/helios_ws/install/px4_msgs/lib:${LD_LIBRARY_PATH} PYTHONPATH=/home/redpaladin/Projects/helios_ws/install/px4_msgs/local/lib/python3.10/dist-packages:${PYTHONPATH} /usr/bin/cmake /home/redpaladin/Projects/helios_ws/src/px4_ros_com -DCMAKE_INSTALL_PREFIX=/home/redpaladin/Projects/helios_ws/install/px4_ros_com
[0.046s] -- The C compiler identification is GNU 11.4.0
[0.081s] -- The CXX compiler identification is GNU 11.4.0
[0.085s] -- Detecting C compiler ABI info
[0.132s] -- Detecting C compiler ABI info - done
[0.136s] -- Check for working C compiler: /usr/bin/cc - skipped
[0.136s] -- Detecting C compile features
[0.136s] -- Detecting C compile features - done
[0.138s] -- Detecting CXX compiler ABI info
[0.191s] -- Detecting CXX compiler ABI info - done
[0.196s] -- Check for working CXX compiler: /usr/bin/c++ - skipped
[0.196s] -- Detecting CXX compile features
[0.196s] -- Detecting CXX compile features - done
[0.198s] -- Found ament_cmake: 1.3.11 (/opt/ros/humble/share/ament_cmake/cmake)
[0.289s] -- Found Python3: /usr/bin/python3 (found version "3.10.12") found components: Interpreter 
[0.343s] -- Found builtin_interfaces: 1.2.1 (/opt/ros/humble/share/builtin_interfaces/cmake)
[0.364s] -- Found rosidl_generator_c: 3.1.6 (/opt/ros/humble/share/rosidl_generator_c/cmake)
[0.367s] -- Found rosidl_adapter: 3.1.6 (/opt/ros/humble/share/rosidl_adapter/cmake)
[0.372s] -- Found rosidl_generator_cpp: 3.1.6 (/opt/ros/humble/share/rosidl_generator_cpp/cmake)
[0.379s] -- Using all available rosidl_typesupport_c: rosidl_typesupport_fastrtps_c;rosidl_typesupport_introspection_c
[0.389s] -- Using all available rosidl_typesupport_cpp: rosidl_typesupport_fastrtps_cpp;rosidl_typesupport_introspection_cpp
[0.407s] -- Found eigen3_cmake_module: 0.1.1 (/opt/ros/humble/share/eigen3_cmake_module/cmake)
[0.416s] -- Found Eigen3: TRUE (found version "3.4.0") 
[0.417s] -- Found geometry_msgs: 4.2.4 (/opt/ros/humble/share/geometry_msgs/cmake)
[0.438s] -- Found px4_msgs: 2.0.1 (/home/redpaladin/Projects/helios_ws/install/px4_msgs/share/px4_msgs/cmake)
[0.445s] -- Found rclcpp: 16.0.11 (/opt/ros/humble/share/rclcpp/cmake)
[0.477s] -- Found rmw_implementation_cmake: 6.1.2 (/opt/ros/humble/share/rmw_implementation_cmake/cmake)
[0.480s] -- Found rmw_fastrtps_cpp: 6.2.7 (/opt/ros/humble/share/rmw_fastrtps_cpp/cmake)
[0.549s] -- Found OpenSSL: /usr/lib/x86_64-linux-gnu/libcrypto.so (found version "3.0.2")  
[0.568s] -- Found FastRTPS: /opt/ros/humble/include  
[0.599s] -- Using RMW implementation 'rmw_fastrtps_cpp' as default
[0.606s] -- Looking for pthread.h
[0.655s] -- Looking for pthread.h - found
[0.655s] -- Performing Test CMAKE_HAVE_LIBC_PTHREAD
[0.706s] -- Performing Test CMAKE_HAVE_LIBC_PTHREAD - Success
[0.706s] -- Found Threads: TRUE  
[0.738s] -- Found sensor_msgs: 4.2.4 (/opt/ros/humble/share/sensor_msgs/cmake)
[0.751s] -- Found rclpy: 3.3.15 (/opt/ros/humble/share/rclpy/cmake)
[0.756s] -- Found ament_lint_auto: 0.12.11 (/opt/ros/humble/share/ament_lint_auto/cmake)
[0.820s] -- Added test 'copyright' to check source files copyright and LICENSE
[0.826s] -- Added test 'cppcheck' to perform static code analysis on C / C++ code
[0.826s] -- Configured cppcheck include dirs: /home/redpaladin/Projects/helios_ws/src/px4_ros_com/include;$<BUILD_INTERFACE:/home/redpaladin/Projects/helios_ws/src/px4_ros_com/include/px4_ros_com>
[0.826s] -- Configured cppcheck exclude dirs and/or files: 
[0.831s] -- Added test 'cpplint' to check C / C++ code against the Google style
[0.831s] -- Configured cpplint exclude dirs and/or files: 
[0.833s] -- Added test 'flake8' to check Python code syntax and style conventions
[0.834s] -- Added test 'lint_cmake' to check CMake code style
[0.835s] -- Added test 'pep257' to check Python code against some of the docstring style conventions in PEP 257
[0.840s] -- Added test 'uncrustify' to check C / C++ code style
[0.840s] -- Configured uncrustify additional arguments: 
[0.841s] -- Added test 'xmllint' to check XML markup files
[0.843s] -- Configuring done
[0.858s] -- Generating done
[0.864s] -- Build files have been written to: /home/redpaladin/Projects/helios_ws/build/px4_ros_com
[0.872s] Invoked command in '/home/redpaladin/Projects/helios_ws/build/px4_ros_com' returned '0': AMENT_PREFIX_PATH=/home/redpaladin/Projects/helios_ws/install/px4_msgs:${AMENT_PREFIX_PATH} CMAKE_PREFIX_PATH=/home/redpaladin/Projects/helios_ws/install/px4_msgs:/home/redpaladin/Projects/helios_ws/install/helios:/opt/ros/humble LD_LIBRARY_PATH=/home/redpaladin/Projects/helios_ws/install/px4_msgs/lib:${LD_LIBRARY_PATH} PYTHONPATH=/home/redpaladin/Projects/helios_ws/install/px4_msgs/local/lib/python3.10/dist-packages:${PYTHONPATH} /usr/bin/cmake /home/redpaladin/Projects/helios_ws/src/px4_ros_com -DCMAKE_INSTALL_PREFIX=/home/redpaladin/Projects/helios_ws/install/px4_ros_com
[0.873s] Invoking command in '/home/redpaladin/Projects/helios_ws/build/px4_ros_com': AMENT_PREFIX_PATH=/home/redpaladin/Projects/helios_ws/install/px4_msgs:${AMENT_PREFIX_PATH} CMAKE_PREFIX_PATH=/home/redpaladin/Projects/helios_ws/install/px4_msgs:/home/redpaladin/Projects/helios_ws/install/helios:/opt/ros/humble LD_LIBRARY_PATH=/home/redpaladin/Projects/helios_ws/install/px4_msgs/lib:${LD_LIBRARY_PATH} PYTHONPATH=/home/redpaladin/Projects/helios_ws/install/px4_msgs/local/lib/python3.10/dist-packages:${PYTHONPATH} /usr/bin/cmake --build /home/redpaladin/Projects/helios_ws/build/px4_ros_com -- -j24 -l24
[0.908s] [  8%] [32mBuilding CXX object CMakeFiles/frame_transforms.dir/src/lib/frame_transforms.cpp.o[0m
[0.908s] [ 16%] [32mBuilding CXX object CMakeFiles/vehicle_gps_position_listener.dir/src/examples/listeners/vehicle_gps_position_listener.cpp.o[0m
[0.909s] [ 25%] [32mBuilding CXX object CMakeFiles/offboard_control.dir/src/examples/offboard/offboard_control.cpp.o[0m
[0.910s] [ 41%] [32mBuilding CXX object CMakeFiles/debug_vect_advertiser.dir/src/examples/advertisers/debug_vect_advertiser.cpp.o[0m
[0.910s] [ 41%] [32mBuilding CXX object CMakeFiles/sensor_combined_listener.dir/src/examples/listeners/sensor_combined_listener.cpp.o[0m
[0.910s] [ 50%] [32mBuilding CXX object CMakeFiles/offboard_control_srv.dir/src/examples/offboard/offboard_control_srv.cpp.o[0m
[0.915s] [ 50%] Built target ament_cmake_python_copy_px4_ros_com
[1.063s] running egg_info
[1.063s] creating px4_ros_com.egg-info
[1.063s] writing px4_ros_com.egg-info/PKG-INFO
[1.064s] writing dependency_links to px4_ros_com.egg-info/dependency_links.txt
[1.064s] writing top-level names to px4_ros_com.egg-info/top_level.txt
[1.064s] writing manifest file 'px4_ros_com.egg-info/SOURCES.txt'
[1.065s] reading manifest file 'px4_ros_com.egg-info/SOURCES.txt'
[1.065s] writing manifest file 'px4_ros_com.egg-info/SOURCES.txt'
[1.085s] [ 50%] Built target ament_cmake_python_build_px4_ros_com_egg
[3.597s] [ 58%] [32m[1mLinking CXX executable debug_vect_advertiser[0m
[3.714s] [ 58%] Built target debug_vect_advertiser
[4.067s] [ 66%] [32m[1mLinking CXX executable offboard_control[0m
[4.194s] [ 66%] Built target offboard_control
[4.570s] [ 75%] [32m[1mLinking CXX executable offboard_control_srv[0m
[4.708s] [ 75%] Built target offboard_control_srv
[5.075s] [ 83%] [32m[1mLinking CXX shared library libframe_transforms.so[0m
[5.233s] [ 83%] Built target frame_transforms
[5.921s] [ 91%] [32m[1mLinking CXX executable sensor_combined_listener[0m
[5.922s] [100%] [32m[1mLinking CXX executable vehicle_gps_position_listener[0m
[6.127s] [100%] Built target vehicle_gps_position_listener
[6.132s] [100%] Built target sensor_combined_listener
[6.142s] Invoked command in '/home/redpaladin/Projects/helios_ws/build/px4_ros_com' returned '0': AMENT_PREFIX_PATH=/home/redpaladin/Projects/helios_ws/install/px4_msgs:${AMENT_PREFIX_PATH} CMAKE_PREFIX_PATH=/home/redpaladin/Projects/helios_ws/install/px4_msgs:/home/redpaladin/Projects/helios_ws/install/helios:/opt/ros/humble LD_LIBRARY_PATH=/home/redpaladin/Projects/helios_ws/install/px4_msgs/lib:${LD_LIBRARY_PATH} PYTHONPATH=/home/redpaladin/Projects/helios_ws/install/px4_msgs/local/lib/python3.10/dist-packages:${PYTHONPATH} /usr/bin/cmake --build /home/redpaladin/Projects/helios_ws/build/px4_ros_com -- -j24 -l24
[6.144s] Invoking command in '/home/redpaladin/Projects/helios_ws/build/px4_ros_com': AMENT_PREFIX_PATH=/home/redpaladin/Projects/helios_ws/install/px4_msgs:${AMENT_PREFIX_PATH} CMAKE_PREFIX_PATH=/home/redpaladin/Projects/helios_ws/install/px4_msgs:/home/redpaladin/Projects/helios_ws/install/helios:/opt/ros/humble LD_LIBRARY_PATH=/home/redpaladin/Projects/helios_ws/install/px4_msgs/lib:${LD_LIBRARY_PATH} PYTHONPATH=/home/redpaladin/Projects/helios_ws/install/px4_msgs/local/lib/python3.10/dist-packages:${PYTHONPATH} /usr/bin/cmake --install /home/redpaladin/Projects/helios_ws/build/px4_ros_com
[6.149s] -- Install configuration: ""
[6.149s] -- Installing: /home/redpaladin/Projects/helios_ws/install/px4_ros_com/lib/px4_ros_com/sensor_combined_listener
[6.152s] -- Set runtime path of "/home/redpaladin/Projects/helios_ws/install/px4_ros_com/lib/px4_ros_com/sensor_combined_listener" to ""
[6.152s] -- Installing: /home/redpaladin/Projects/helios_ws/install/px4_ros_com/lib/px4_ros_com/vehicle_gps_position_listener
[6.154s] -- Set runtime path of "/home/redpaladin/Projects/helios_ws/install/px4_ros_com/lib/px4_ros_com/vehicle_gps_position_listener" to ""
[6.154s] -- Installing: /home/redpaladin/Projects/helios_ws/install/px4_ros_com/lib/px4_ros_com/debug_vect_advertiser
[6.155s] -- Set runtime path of "/home/redpaladin/Projects/helios_ws/install/px4_ros_com/lib/px4_ros_com/debug_vect_advertiser" to ""
[6.155s] -- Installing: /home/redpaladin/Projects/helios_ws/install/px4_ros_com/lib/px4_ros_com/offboard_control
[6.156s] -- Set runtime path of "/home/redpaladin/Projects/helios_ws/install/px4_ros_com/lib/px4_ros_com/offboard_control" to ""
[6.156s] -- Installing: /home/redpaladin/Projects/helios_ws/install/px4_ros_com/lib/px4_ros_com/offboard_control_srv
[6.158s] -- Set runtime path of "/home/redpaladin/Projects/helios_ws/install/px4_ros_com/lib/px4_ros_com/offboard_control_srv" to ""
[6.158s] -- Installing: /home/redpaladin/Projects/helios_ws/install/px4_ros_com/share/px4_ros_com/environment/library_path.sh
[6.158s] -- Installing: /home/redpaladin/Projects/helios_ws/install/px4_ros_com/share/px4_ros_com/environment/library_path.dsv
[6.158s] -- Installing: /home/redpaladin/Projects/helios_ws/install/px4_ros_com/include/px4_ros_com
[6.158s] -- Installing: /home/redpaladin/Projects/helios_ws/install/px4_ros_com/include/px4_ros_com/frame_transforms.h
[6.158s] -- Installing: /home/redpaladin/Projects/helios_ws/install/px4_ros_com/lib/libframe_transforms.so
[6.162s] -- Set runtime path of "/home/redpaladin/Projects/helios_ws/install/px4_ros_com/lib/libframe_transforms.so" to ""
[6.162s] -- Installing: /home/redpaladin/Projects/helios_ws/install/px4_ros_com/share/px4_ros_com//launch
[6.162s] -- Installing: /home/redpaladin/Projects/helios_ws/install/px4_ros_com/share/px4_ros_com//launch/sensor_combined_listener.launch.py
[6.162s] -- Installing: /home/redpaladin/Projects/helios_ws/install/px4_ros_com/share/px4_ros_com//launch/offboard_control_launch.yaml
[6.162s] -- Installing: /home/redpaladin/Projects/helios_ws/install/px4_ros_com/share/px4_ros_com//test
[6.162s] -- Installing: /home/redpaladin/Projects/helios_ws/install/px4_ros_com/share/px4_ros_com//test/test_input.py
[6.162s] -- Installing: /home/redpaladin/Projects/helios_ws/install/px4_ros_com/share/px4_ros_com//test/__init__.py
[6.162s] -- Installing: /home/redpaladin/Projects/helios_ws/install/px4_ros_com/share/px4_ros_com//test/pipeline_io_test.py
[6.162s] -- Installing: /home/redpaladin/Projects/helios_ws/install/px4_ros_com/share/px4_ros_com//test/test_output.py
[6.162s] -- Installing: /home/redpaladin/Projects/helios_ws/install/px4_ros_com/share/px4_ros_com/environment/pythonpath.sh
[6.162s] -- Installing: /home/redpaladin/Projects/helios_ws/install/px4_ros_com/share/px4_ros_com/environment/pythonpath.dsv
[6.163s] -- Installing: /home/redpaladin/Projects/helios_ws/install/px4_ros_com/local/lib/python3.10/dist-packages/px4_ros_com-0.1.0-py3.10.egg-info
[6.163s] -- Installing: /home/redpaladin/Projects/helios_ws/install/px4_ros_com/local/lib/python3.10/dist-packages/px4_ros_com-0.1.0-py3.10.egg-info/top_level.txt
[6.163s] -- Installing: /home/redpaladin/Projects/helios_ws/install/px4_ros_com/local/lib/python3.10/dist-packages/px4_ros_com-0.1.0-py3.10.egg-info/SOURCES.txt
[6.163s] -- Installing: /home/redpaladin/Projects/helios_ws/install/px4_ros_com/local/lib/python3.10/dist-packages/px4_ros_com-0.1.0-py3.10.egg-info/PKG-INFO
[6.163s] -- Installing: /home/redpaladin/Projects/helios_ws/install/px4_ros_com/local/lib/python3.10/dist-packages/px4_ros_com-0.1.0-py3.10.egg-info/dependency_links.txt
[6.163s] -- Installing: /home/redpaladin/Projects/helios_ws/install/px4_ros_com/local/lib/python3.10/dist-packages/px4_ros_com
[6.163s] -- Installing: /home/redpaladin/Projects/helios_ws/install/px4_ros_com/local/lib/python3.10/dist-packages/px4_ros_com/__init__.py
[6.163s] -- Installing: /home/redpaladin/Projects/helios_ws/install/px4_ros_com/local/lib/python3.10/dist-packages/px4_ros_com/module_to_import.py
[6.185s] Listing '/home/redpaladin/Projects/helios_ws/install/px4_ros_com/local/lib/python3.10/dist-packages/px4_ros_com'...
[6.186s] Compiling '/home/redpaladin/Projects/helios_ws/install/px4_ros_com/local/lib/python3.10/dist-packages/px4_ros_com/__init__.py'...
[6.186s] Compiling '/home/redpaladin/Projects/helios_ws/install/px4_ros_com/local/lib/python3.10/dist-packages/px4_ros_com/module_to_import.py'...
[6.188s] -- Installing: /home/redpaladin/Projects/helios_ws/install/px4_ros_com/lib/px4_ros_com/offboard_control.py
[6.188s] -- Installing: /home/redpaladin/Projects/helios_ws/install/px4_ros_com/share/ament_index/resource_index/package_run_dependencies/px4_ros_com
[6.188s] -- Installing: /home/redpaladin/Projects/helios_ws/install/px4_ros_com/share/ament_index/resource_index/parent_prefix_path/px4_ros_com
[6.188s] -- Installing: /home/redpaladin/Projects/helios_ws/install/px4_ros_com/share/px4_ros_com/environment/ament_prefix_path.sh
[6.189s] -- Installing: /home/redpaladin/Projects/helios_ws/install/px4_ros_com/share/px4_ros_com/environment/ament_prefix_path.dsv
[6.189s] -- Installing: /home/redpaladin/Projects/helios_ws/install/px4_ros_com/share/px4_ros_com/environment/path.sh
[6.189s] -- Installing: /home/redpaladin/Projects/helios_ws/install/px4_ros_com/share/px4_ros_com/environment/path.dsv
[6.189s] -- Installing: /home/redpaladin/Projects/helios_ws/install/px4_ros_com/share/px4_ros_com/local_setup.bash
[6.189s] -- Installing: /home/redpaladin/Projects/helios_ws/install/px4_ros_com/share/px4_ros_com/local_setup.sh
[6.189s] -- Installing: /home/redpaladin/Projects/helios_ws/install/px4_ros_com/share/px4_ros_com/local_setup.zsh
[6.189s] -- Installing: /home/redpaladin/Projects/helios_ws/install/px4_ros_com/share/px4_ros_com/local_setup.dsv
[6.189s] -- Installing: /home/redpaladin/Projects/helios_ws/install/px4_ros_com/share/px4_ros_com/package.dsv
[6.189s] -- Installing: /home/redpaladin/Projects/helios_ws/install/px4_ros_com/share/ament_index/resource_index/packages/px4_ros_com
[6.190s] -- Installing: /home/redpaladin/Projects/helios_ws/install/px4_ros_com/share/px4_ros_com/cmake/export_frame_transformsExport.cmake
[6.190s] -- Installing: /home/redpaladin/Projects/helios_ws/install/px4_ros_com/share/px4_ros_com/cmake/export_frame_transformsExport-noconfig.cmake
[6.190s] -- Installing: /home/redpaladin/Projects/helios_ws/install/px4_ros_com/share/px4_ros_com/cmake/ament_cmake_export_dependencies-extras.cmake
[6.190s] -- Installing: /home/redpaladin/Projects/helios_ws/install/px4_ros_com/share/px4_ros_com/cmake/ament_cmake_export_targets-extras.cmake
[6.190s] -- Installing: /home/redpaladin/Projects/helios_ws/install/px4_ros_com/share/px4_ros_com/cmake/ament_cmake_export_include_directories-extras.cmake
[6.190s] -- Installing: /home/redpaladin/Projects/helios_ws/install/px4_ros_com/share/px4_ros_com/cmake/ament_cmake_export_libraries-extras.cmake
[6.190s] -- Installing: /home/redpaladin/Projects/helios_ws/install/px4_ros_com/share/px4_ros_com/cmake/px4_ros_comConfig.cmake
[6.190s] -- Installing: /home/redpaladin/Projects/helios_ws/install/px4_ros_com/share/px4_ros_com/cmake/px4_ros_comConfig-version.cmake
[6.191s] -- Installing: /home/redpaladin/Projects/helios_ws/install/px4_ros_com/share/px4_ros_com/package.xml
[6.193s] Invoked command in '/home/redpaladin/Projects/helios_ws/build/px4_ros_com' returned '0': AMENT_PREFIX_PATH=/home/redpaladin/Projects/helios_ws/install/px4_msgs:${AMENT_PREFIX_PATH} CMAKE_PREFIX_PATH=/home/redpaladin/Projects/helios_ws/install/px4_msgs:/home/redpaladin/Projects/helios_ws/install/helios:/opt/ros/humble LD_LIBRARY_PATH=/home/redpaladin/Projects/helios_ws/install/px4_msgs/lib:${LD_LIBRARY_PATH} PYTHONPATH=/home/redpaladin/Projects/helios_ws/install/px4_msgs/local/lib/python3.10/dist-packages:${PYTHONPATH} /usr/bin/cmake --install /home/redpaladin/Projects/helios_ws/build/px4_ros_com
