[33mCMake Warning at CMakeLists.txt:53 (add_library):
  Cannot generate a safe runtime search path for target
  gz_ros2_control-system because files in some directories may conflict with
  libraries in implicit directories:

    runtime library [libfastcdr.so.1] in /usr/lib/x86_64-linux-gnu may be hidden by files in:
      /opt/ros/humble/lib

  Some of these libraries may not be found correctly.

[0m
[33mCMake Warning at CMakeLists.txt:73 (add_library):
  Cannot generate a safe runtime search path for target gz_hardware_plugins
  because files in some directories may conflict with libraries in implicit
  directories:

    runtime library [libfastcdr.so.1] in /usr/lib/x86_64-linux-gnu may be hidden by files in:
      /opt/ros/humble/lib

  Some of these libraries may not be found correctly.

[0m
[33mCMake Warning at CMakeLists.txt:100 (add_library):
  Cannot generate a safe runtime search path for target
  ign_ros2_control-system because files in some directories may conflict with
  libraries in implicit directories:

    runtime library [libfastcdr.so.1] in /usr/lib/x86_64-linux-gnu may be hidden by files in:
      /opt/ros/humble/lib

  Some of these libraries may not be found correctly.

[0m
