[0.896s] Invoking command in '/home/redpaladin/Projects/helios_ws/src/helios': PYTHONPATH=/home/redpaladin/Projects/helios_ws/build/helios/prefix_override:/home/redpaladin/.local/lib/python3.10/site-packages/colcon_core/task/python/colcon_distutils_commands:/home/redpaladin/Projects/helios_ws/install/helios/lib/python3.10/site-packages:${PYTHONPATH} /usr/bin/python3 -W ignore:setup.py install is deprecated setup.py egg_info --egg-base ../../build/helios build --build-base /home/redpaladin/Projects/helios_ws/build/helios/build install --record /home/redpaladin/Projects/helios_ws/build/helios/install.log --single-version-externally-managed install_data
[1.027s] running egg_info
[1.035s] writing ../../build/helios/helios.egg-info/PKG-INFO
[1.035s] writing dependency_links to ../../build/helios/helios.egg-info/dependency_links.txt
[1.036s] writing entry points to ../../build/helios/helios.egg-info/entry_points.txt
[1.036s] writing requirements to ../../build/helios/helios.egg-info/requires.txt
[1.036s] writing top-level names to ../../build/helios/helios.egg-info/top_level.txt
[1.052s] reading manifest file '../../build/helios/helios.egg-info/SOURCES.txt'
[1.053s] writing manifest file '../../build/helios/helios.egg-info/SOURCES.txt'
[1.053s] running build
[1.053s] running build_py
[1.053s] copying helios/helios_tf_publisher.py -> /home/redpaladin/Projects/helios_ws/build/helios/build/lib/helios
[1.054s] copying helios/__init__.py -> /home/redpaladin/Projects/helios_ws/build/helios/build/lib/helios
[1.055s] running install
[1.057s] running install_lib
[1.065s] running install_data
[1.065s] copying resource/helios -> /home/redpaladin/Projects/helios_ws/install/helios/share/ament_index/resource_index/packages
[1.065s] copying package.xml -> /home/redpaladin/Projects/helios_ws/install/helios/share/helios
[1.066s] copying launch/gazebo.launch.py -> /home/redpaladin/Projects/helios_ws/install/helios/share/helios/launch
[1.067s] running install_egg_info
[1.075s] removing '/home/redpaladin/Projects/helios_ws/install/helios/lib/python3.10/site-packages/helios-0.0.0-py3.10.egg-info' (and everything under it)
[1.076s] Copying ../../build/helios/helios.egg-info to /home/redpaladin/Projects/helios_ws/install/helios/lib/python3.10/site-packages/helios-0.0.0-py3.10.egg-info
[1.077s] running install_scripts
[1.143s] Installing helios_tf_publisher script to /home/redpaladin/Projects/helios_ws/install/helios/lib/helios
[1.143s] writing list of installed files to '/home/redpaladin/Projects/helios_ws/build/helios/install.log'
[1.159s] Invoked command in '/home/redpaladin/Projects/helios_ws/src/helios' returned '0': PYTHONPATH=/home/redpaladin/Projects/helios_ws/build/helios/prefix_override:/home/redpaladin/.local/lib/python3.10/site-packages/colcon_core/task/python/colcon_distutils_commands:/home/redpaladin/Projects/helios_ws/install/helios/lib/python3.10/site-packages:${PYTHONPATH} /usr/bin/python3 -W ignore:setup.py install is deprecated setup.py egg_info --egg-base ../../build/helios build --build-base /home/redpaladin/Projects/helios_ws/build/helios/build install --record /home/redpaladin/Projects/helios_ws/build/helios/install.log --single-version-externally-managed install_data
