[0.548s] Invoking command in '/home/redpaladin/helios_ws/src/helios': PYTHONPATH=/home/redpaladin/helios_ws/build/helios/prefix_override:/home/redpaladin/.local/lib/python3.10/site-packages/colcon_core/task/python/colcon_distutils_commands:/home/redpaladin/helios_ws/install/helios/lib/python3.10/site-packages:${PYTHONPATH} /usr/bin/python3 -W ignore:setup.py install is deprecated setup.py egg_info --egg-base ../../build/helios build --build-base /home/redpaladin/helios_ws/build/helios/build install --record /home/redpaladin/helios_ws/build/helios/install.log --single-version-externally-managed install_data
[0.684s] running egg_info
[0.692s] writing ../../build/helios/helios.egg-info/PKG-INFO
[0.693s] writing dependency_links to ../../build/helios/helios.egg-info/dependency_links.txt
[0.693s] writing entry points to ../../build/helios/helios.egg-info/entry_points.txt
[0.693s] writing requirements to ../../build/helios/helios.egg-info/requires.txt
[0.694s] writing top-level names to ../../build/helios/helios.egg-info/top_level.txt
[0.711s] reading manifest file '../../build/helios/helios.egg-info/SOURCES.txt'
[0.712s] writing manifest file '../../build/helios/helios.egg-info/SOURCES.txt'
[0.712s] running build
[0.712s] running build_py
[0.712s] copying helios/helios_tf_publisher.py -> /home/redpaladin/helios_ws/build/helios/build/lib/helios
[0.712s] copying helios/__init__.py -> /home/redpaladin/helios_ws/build/helios/build/lib/helios
[0.713s] running install
[0.716s] running install_lib
[0.723s] copying /home/redpaladin/helios_ws/build/helios/build/lib/helios/helios_tf_publisher.py -> /home/redpaladin/helios_ws/install/helios/lib/python3.10/site-packages/helios
[0.724s] byte-compiling /home/redpaladin/helios_ws/install/helios/lib/python3.10/site-packages/helios/helios_tf_publisher.py to helios_tf_publisher.cpython-310.pyc
[0.725s] running install_data
[0.725s] copying resource/helios -> /home/redpaladin/helios_ws/install/helios/share/ament_index/resource_index/packages
[0.725s] copying package.xml -> /home/redpaladin/helios_ws/install/helios/share/helios
[0.726s] copying launch/gazebo.launch.py -> /home/redpaladin/helios_ws/install/helios/share/helios/launch
[0.726s] running install_egg_info
[0.735s] removing '/home/redpaladin/helios_ws/install/helios/lib/python3.10/site-packages/helios-0.0.0-py3.10.egg-info' (and everything under it)
[0.736s] Copying ../../build/helios/helios.egg-info to /home/redpaladin/helios_ws/install/helios/lib/python3.10/site-packages/helios-0.0.0-py3.10.egg-info
[0.738s] running install_scripts
[0.805s] Installing helios_tf_publisher script to /home/redpaladin/helios_ws/install/helios/lib/helios
[0.806s] writing list of installed files to '/home/redpaladin/helios_ws/build/helios/install.log'
[0.821s] Invoked command in '/home/redpaladin/helios_ws/src/helios' returned '0': PYTHONPATH=/home/redpaladin/helios_ws/build/helios/prefix_override:/home/redpaladin/.local/lib/python3.10/site-packages/colcon_core/task/python/colcon_distutils_commands:/home/redpaladin/helios_ws/install/helios/lib/python3.10/site-packages:${PYTHONPATH} /usr/bin/python3 -W ignore:setup.py install is deprecated setup.py egg_info --egg-base ../../build/helios build --build-base /home/redpaladin/helios_ws/build/helios/build install --record /home/redpaladin/helios_ws/build/helios/install.log --single-version-externally-managed install_data
