[1.173s] Invoking command in '/home/redpaladin/Projects/helios_ws/build/helios': PYTHONPATH=/home/redpaladin/Projects/helios_ws/build/helios/prefix_override:/home/redpaladin/.local/lib/python3.10/site-packages/colcon_core/task/python/colcon_distutils_commands:/home/redpaladin/Projects/helios_ws/install/helios/lib/python3.10/site-packages:${PYTHONPATH} /usr/bin/python3 -W ignore:setup.py install is deprecated setup.py develop --editable --build-directory /home/redpaladin/Projects/helios_ws/build/helios/build --no-deps symlink_data --force
[1.490s] running develop
[1.491s] /home/redpaladin/.local/lib/python3.10/site-packages/setuptools/command/develop.py:41: EasyInstallDeprecationWarning: easy_install command is deprecated.
[1.491s] !!
[1.491s] 
[1.491s]         ********************************************************************************
[1.491s]         Please avoid running ``setup.py`` and ``easy_install``.
[1.491s]         Instead, use pypa/build, pypa/installer or other
[1.491s]         standards-based tools.
[1.491s] 
[1.491s]         See https://github.com/pypa/setuptools/issues/917 for details.
[1.491s]         ********************************************************************************
[1.492s] 
[1.492s] !!
[1.492s]   easy_install.initialize_options(self)
[1.720s] running egg_info
[1.736s] writing helios.egg-info/PKG-INFO
[1.737s] writing dependency_links to helios.egg-info/dependency_links.txt
[1.738s] writing entry points to helios.egg-info/entry_points.txt
[1.738s] writing requirements to helios.egg-info/requires.txt
[1.739s] writing top-level names to helios.egg-info/top_level.txt
[1.769s] reading manifest file 'helios.egg-info/SOURCES.txt'
[1.771s] writing manifest file 'helios.egg-info/SOURCES.txt'
[1.786s] running build_ext
[1.787s] Creating /home/redpaladin/Projects/helios_ws/install/helios/lib/python3.10/site-packages/helios.egg-link (link to .)
[1.788s] Installing helios_tf_publisher script to /home/redpaladin/Projects/helios_ws/install/helios/lib/helios
[1.788s] 
[1.788s] Installed /home/redpaladin/Projects/helios_ws/build/helios
[1.789s] running symlink_data
[1.789s] symbolically linking /home/redpaladin/Projects/helios_ws/build/helios/resource/helios -> /home/redpaladin/Projects/helios_ws/install/helios/share/ament_index/resource_index/packages
[1.790s] symbolically linking /home/redpaladin/Projects/helios_ws/build/helios/package.xml -> /home/redpaladin/Projects/helios_ws/install/helios/share/helios
[1.791s] symbolically linking /home/redpaladin/Projects/helios_ws/build/helios/launch/gazebo.launch.py -> /home/redpaladin/Projects/helios_ws/install/helios/share/helios/launch
[1.824s] Invoked command in '/home/redpaladin/Projects/helios_ws/build/helios' returned '0': PYTHONPATH=/home/redpaladin/Projects/helios_ws/build/helios/prefix_override:/home/redpaladin/.local/lib/python3.10/site-packages/colcon_core/task/python/colcon_distutils_commands:/home/redpaladin/Projects/helios_ws/install/helios/lib/python3.10/site-packages:${PYTHONPATH} /usr/bin/python3 -W ignore:setup.py install is deprecated setup.py develop --editable --build-directory /home/redpaladin/Projects/helios_ws/build/helios/build --no-deps symlink_data --force
