[0.369s] Invoking command in '/home/redpaladin/Projects/helios_ws/src/helios': PYTHONPATH=/home/redpaladin/Projects/helios_ws/build/helios/prefix_override:/usr/lib/python3/dist-packages/colcon_core/task/python/colcon_distutils_commands:/home/redpaladin/Projects/helios_ws/install/helios/lib/python3.10/site-packages:${PYTHONPATH} /usr/bin/python3 -W ignore:setup.py install is deprecated -W ignore:easy_install command is deprecated setup.py egg_info --egg-base ../../build/helios build --build-base /home/redpaladin/Projects/helios_ws/build/helios/build install --record /home/redpaladin/Projects/helios_ws/build/helios/install.log --single-version-externally-managed install_data
[0.492s] running egg_info
[0.492s] creating ../../build/helios/helios.egg-info
[0.499s] writing ../../build/helios/helios.egg-info/PKG-INFO
[0.500s] writing dependency_links to ../../build/helios/helios.egg-info/dependency_links.txt
[0.500s] writing entry points to ../../build/helios/helios.egg-info/entry_points.txt
[0.500s] writing requirements to ../../build/helios/helios.egg-info/requires.txt
[0.500s] writing top-level names to ../../build/helios/helios.egg-info/top_level.txt
[0.500s] writing manifest file '../../build/helios/helios.egg-info/SOURCES.txt'
[0.515s] reading manifest file '../../build/helios/helios.egg-info/SOURCES.txt'
[0.516s] writing manifest file '../../build/helios/helios.egg-info/SOURCES.txt'
[0.516s] running build
[0.516s] running build_py
[0.516s] creating /home/redpaladin/Projects/helios_ws/build/helios/build
[0.516s] creating /home/redpaladin/Projects/helios_ws/build/helios/build/lib
[0.516s] creating /home/redpaladin/Projects/helios_ws/build/helios/build/lib/helios
[0.516s] copying helios/__init__.py -> /home/redpaladin/Projects/helios_ws/build/helios/build/lib/helios
[0.516s] copying helios/helios_tf_publisher.py -> /home/redpaladin/Projects/helios_ws/build/helios/build/lib/helios
[0.516s] copying helios/keyboard_control.py -> /home/redpaladin/Projects/helios_ws/build/helios/build/lib/helios
[0.516s] running install
[0.520s] running install_lib
[0.528s] creating /home/redpaladin/Projects/helios_ws/install/helios/lib/python3.10/site-packages/helios
[0.528s] copying /home/redpaladin/Projects/helios_ws/build/helios/build/lib/helios/__init__.py -> /home/redpaladin/Projects/helios_ws/install/helios/lib/python3.10/site-packages/helios
[0.528s] copying /home/redpaladin/Projects/helios_ws/build/helios/build/lib/helios/helios_tf_publisher.py -> /home/redpaladin/Projects/helios_ws/install/helios/lib/python3.10/site-packages/helios
[0.528s] copying /home/redpaladin/Projects/helios_ws/build/helios/build/lib/helios/keyboard_control.py -> /home/redpaladin/Projects/helios_ws/install/helios/lib/python3.10/site-packages/helios
[0.529s] byte-compiling /home/redpaladin/Projects/helios_ws/install/helios/lib/python3.10/site-packages/helios/__init__.py to __init__.cpython-310.pyc
[0.529s] byte-compiling /home/redpaladin/Projects/helios_ws/install/helios/lib/python3.10/site-packages/helios/helios_tf_publisher.py to helios_tf_publisher.cpython-310.pyc
[0.529s] byte-compiling /home/redpaladin/Projects/helios_ws/install/helios/lib/python3.10/site-packages/helios/keyboard_control.py to keyboard_control.cpython-310.pyc
[0.530s] running install_data
[0.530s] creating /home/redpaladin/Projects/helios_ws/install/helios/share/ament_index
[0.530s] creating /home/redpaladin/Projects/helios_ws/install/helios/share/ament_index/resource_index
[0.530s] creating /home/redpaladin/Projects/helios_ws/install/helios/share/ament_index/resource_index/packages
[0.530s] copying resource/helios -> /home/redpaladin/Projects/helios_ws/install/helios/share/ament_index/resource_index/packages
[0.530s] copying package.xml -> /home/redpaladin/Projects/helios_ws/install/helios/share/helios
[0.530s] creating /home/redpaladin/Projects/helios_ws/install/helios/share/helios/launch
[0.530s] copying launch/helios.launch.py -> /home/redpaladin/Projects/helios_ws/install/helios/share/helios/launch
[0.530s] running install_egg_info
[0.539s] Copying ../../build/helios/helios.egg-info to /home/redpaladin/Projects/helios_ws/install/helios/lib/python3.10/site-packages/helios-0.0.0-py3.10.egg-info
[0.539s] running install_scripts
[0.625s] Installing helios_tf_publisher script to /home/redpaladin/Projects/helios_ws/install/helios/lib/helios
[0.625s] Installing keyboard_control script to /home/redpaladin/Projects/helios_ws/install/helios/lib/helios
[0.625s] writing list of installed files to '/home/redpaladin/Projects/helios_ws/build/helios/install.log'
[0.644s] Invoked command in '/home/redpaladin/Projects/helios_ws/src/helios' returned '0': PYTHONPATH=/home/redpaladin/Projects/helios_ws/build/helios/prefix_override:/usr/lib/python3/dist-packages/colcon_core/task/python/colcon_distutils_commands:/home/redpaladin/Projects/helios_ws/install/helios/lib/python3.10/site-packages:${PYTHONPATH} /usr/bin/python3 -W ignore:setup.py install is deprecated -W ignore:easy_install command is deprecated setup.py egg_info --egg-base ../../build/helios build --build-base /home/redpaladin/Projects/helios_ws/build/helios/build install --record /home/redpaladin/Projects/helios_ws/build/helios/install.log --single-version-externally-managed install_data
