[0.007s] Invoking command in '/home/redpaladin/Projects/helios_ws/build/px4_ros_com': CMAKE_PREFIX_PATH=/home/redpaladin/Projects/helios_ws/install/px4_msgs:/home/redpaladin/Projects/helios_ws/install/px4_ros_com:/home/redpaladin/Projects/real_steel_ws/install/shadow:/home/redpaladin/Projects/helios_ws/install/helios:/opt/ros/humble LD_LIBRARY_PATH=/home/redpaladin/Projects/helios_ws/install/px4_msgs/lib:/home/redpaladin/Projects/helios_ws/install/px4_ros_com/lib:/opt/ros/humble/opt/rviz_ogre_vendor/lib:/opt/ros/humble/lib/x86_64-linux-gnu:/opt/ros/humble/lib /usr/bin/cmake --build /home/redpaladin/Projects/helios_ws/build/px4_ros_com -- -j24 -l24
[0.035s] -- Found ament_cmake: 1.3.11 (/opt/ros/humble/share/ament_cmake/cmake)
[0.125s] -- Found builtin_interfaces: 1.2.1 (/opt/ros/humble/share/builtin_interfaces/cmake)
[0.147s] -- Found rosidl_generator_c: 3.1.6 (/opt/ros/humble/share/rosidl_generator_c/cmake)
[0.149s] -- Found rosidl_adapter: 3.1.6 (/opt/ros/humble/share/rosidl_adapter/cmake)
[0.154s] -- Found rosidl_generator_cpp: 3.1.6 (/opt/ros/humble/share/rosidl_generator_cpp/cmake)
[0.162s] -- Using all available rosidl_typesupport_c: rosidl_typesupport_fastrtps_c;rosidl_typesupport_introspection_c
[0.171s] -- Using all available rosidl_typesupport_cpp: rosidl_typesupport_fastrtps_cpp;rosidl_typesupport_introspection_cpp
[0.179s] -- Found eigen3_cmake_module: 0.1.1 (/opt/ros/humble/share/eigen3_cmake_module/cmake)
[0.180s] -- Found geometry_msgs: 4.8.0 (/opt/ros/humble/share/geometry_msgs/cmake)
[0.201s] -- Found px4_msgs: 2.0.1 (/home/redpaladin/Projects/helios_ws/install/px4_msgs/share/px4_msgs/cmake)
[0.207s] -- Found rclcpp: 16.0.12 (/opt/ros/humble/share/rclcpp/cmake)
[0.230s] -- Found rmw_implementation_cmake: 6.1.2 (/opt/ros/humble/share/rmw_implementation_cmake/cmake)
[0.232s] -- Found rmw_fastrtps_cpp: 6.2.7 (/opt/ros/humble/share/rmw_fastrtps_cpp/cmake)
[0.316s] -- Using RMW implementation 'rmw_fastrtps_cpp' as default
[0.344s] -- Found sensor_msgs: 4.8.0 (/opt/ros/humble/share/sensor_msgs/cmake)
[0.356s] -- Found rclpy: 3.3.16 (/opt/ros/humble/share/rclpy/cmake)
[0.360s] -- Found ament_lint_auto: 0.12.12 (/opt/ros/humble/share/ament_lint_auto/cmake)
[0.410s] -- Added test 'copyright' to check source files copyright and LICENSE
[0.416s] -- Added test 'cppcheck' to perform static code analysis on C / C++ code
[0.417s] -- Configured cppcheck include dirs: /home/redpaladin/Projects/helios_ws/src/px4_ros_com/include;$<BUILD_INTERFACE:/home/redpaladin/Projects/helios_ws/src/px4_ros_com/include/px4_ros_com>
[0.417s] -- Configured cppcheck exclude dirs and/or files: 
[0.422s] -- Added test 'cpplint' to check C / C++ code against the Google style
[0.422s] -- Configured cpplint exclude dirs and/or files: 
[0.423s] -- Added test 'flake8' to check Python code syntax and style conventions
[0.425s] -- Added test 'lint_cmake' to check CMake code style
[0.426s] -- Added test 'pep257' to check Python code against some of the docstring style conventions in PEP 257
[0.431s] -- Added test 'uncrustify' to check C / C++ code style
[0.431s] -- Configured uncrustify additional arguments: 
[0.432s] -- Added test 'xmllint' to check XML markup files
[0.433s] -- Configuring done
[0.449s] -- Generating done
[0.455s] -- Build files have been written to: /home/redpaladin/Projects/helios_ws/build/px4_ros_com
[0.475s] [35m[1mConsolidate compiler generated dependencies of target sensor_combined_listener[0m
[0.475s] [35m[1mConsolidate compiler generated dependencies of target vehicle_gps_position_listener[0m
[0.475s] [35m[1mConsolidate compiler generated dependencies of target offboard_control[0m
[0.475s] [35m[1mConsolidate compiler generated dependencies of target offboard_control_srv[0m
[0.475s] [35m[1mConsolidate compiler generated dependencies of target frame_transforms[0m
[0.475s] [35m[1mConsolidate compiler generated dependencies of target debug_vect_advertiser[0m
[0.489s] [  0%] Built target ament_cmake_python_copy_px4_ros_com
[0.491s] [  8%] [32mBuilding CXX object CMakeFiles/frame_transforms.dir/src/lib/frame_transforms.cpp.o[0m
[0.494s] [ 16%] [32mBuilding CXX object CMakeFiles/offboard_control_srv.dir/src/examples/offboard/offboard_control_srv.cpp.o[0m
[0.494s] [ 25%] [32mBuilding CXX object CMakeFiles/vehicle_gps_position_listener.dir/src/examples/listeners/vehicle_gps_position_listener.cpp.o[0m
[0.495s] [ 50%] [32mBuilding CXX object CMakeFiles/debug_vect_advertiser.dir/src/examples/advertisers/debug_vect_advertiser.cpp.o[0m
[0.495s] [ 50%] [32mBuilding CXX object CMakeFiles/sensor_combined_listener.dir/src/examples/listeners/sensor_combined_listener.cpp.o[0m
[0.495s] [ 50%] [32mBuilding CXX object CMakeFiles/offboard_control.dir/src/examples/offboard/offboard_control.cpp.o[0m
[0.610s] running egg_info
[0.619s] writing px4_ros_com.egg-info/PKG-INFO
[0.619s] writing dependency_links to px4_ros_com.egg-info/dependency_links.txt
[0.620s] writing top-level names to px4_ros_com.egg-info/top_level.txt
[0.646s] reading manifest file 'px4_ros_com.egg-info/SOURCES.txt'
[0.646s] writing manifest file 'px4_ros_com.egg-info/SOURCES.txt'
[0.666s] [ 50%] Built target ament_cmake_python_build_px4_ros_com_egg
[3.218s] [ 58%] [32m[1mLinking CXX executable debug_vect_advertiser[0m
[3.353s] [ 58%] Built target debug_vect_advertiser
[3.630s] [ 66%] [32m[1mLinking CXX executable offboard_control[0m
[3.777s] [ 66%] Built target offboard_control
[4.164s] [ 75%] [32m[1mLinking CXX executable offboard_control_srv[0m
[4.296s] [ 75%] Built target offboard_control_srv
[4.756s] [ 83%] [32m[1mLinking CXX shared library libframe_transforms.so[0m
[4.908s] [ 83%] Built target frame_transforms
[5.590s] [ 91%] [32m[1mLinking CXX executable sensor_combined_listener[0m
[5.617s] [100%] [32m[1mLinking CXX executable vehicle_gps_position_listener[0m
[5.797s] [100%] Built target sensor_combined_listener
[5.819s] [100%] Built target vehicle_gps_position_listener
[5.827s] Invoked command in '/home/redpaladin/Projects/helios_ws/build/px4_ros_com' returned '0': CMAKE_PREFIX_PATH=/home/redpaladin/Projects/helios_ws/install/px4_msgs:/home/redpaladin/Projects/helios_ws/install/px4_ros_com:/home/redpaladin/Projects/real_steel_ws/install/shadow:/home/redpaladin/Projects/helios_ws/install/helios:/opt/ros/humble LD_LIBRARY_PATH=/home/redpaladin/Projects/helios_ws/install/px4_msgs/lib:/home/redpaladin/Projects/helios_ws/install/px4_ros_com/lib:/opt/ros/humble/opt/rviz_ogre_vendor/lib:/opt/ros/humble/lib/x86_64-linux-gnu:/opt/ros/humble/lib /usr/bin/cmake --build /home/redpaladin/Projects/helios_ws/build/px4_ros_com -- -j24 -l24
[5.828s] Invoking command in '/home/redpaladin/Projects/helios_ws/build/px4_ros_com': CMAKE_PREFIX_PATH=/home/redpaladin/Projects/helios_ws/install/px4_msgs:/home/redpaladin/Projects/helios_ws/install/px4_ros_com:/home/redpaladin/Projects/real_steel_ws/install/shadow:/home/redpaladin/Projects/helios_ws/install/helios:/opt/ros/humble LD_LIBRARY_PATH=/home/redpaladin/Projects/helios_ws/install/px4_msgs/lib:/home/redpaladin/Projects/helios_ws/install/px4_ros_com/lib:/opt/ros/humble/opt/rviz_ogre_vendor/lib:/opt/ros/humble/lib/x86_64-linux-gnu:/opt/ros/humble/lib /usr/bin/cmake --install /home/redpaladin/Projects/helios_ws/build/px4_ros_com
[5.833s] -- Install configuration: ""
[5.833s] -- Installing: /home/redpaladin/Projects/helios_ws/install/px4_ros_com/lib/px4_ros_com/sensor_combined_listener
[5.836s] -- Set runtime path of "/home/redpaladin/Projects/helios_ws/install/px4_ros_com/lib/px4_ros_com/sensor_combined_listener" to ""
[5.837s] -- Installing: /home/redpaladin/Projects/helios_ws/install/px4_ros_com/lib/px4_ros_com/vehicle_gps_position_listener
[5.840s] -- Set runtime path of "/home/redpaladin/Projects/helios_ws/install/px4_ros_com/lib/px4_ros_com/vehicle_gps_position_listener" to ""
[5.840s] -- Installing: /home/redpaladin/Projects/helios_ws/install/px4_ros_com/lib/px4_ros_com/debug_vect_advertiser
[5.841s] -- Set runtime path of "/home/redpaladin/Projects/helios_ws/install/px4_ros_com/lib/px4_ros_com/debug_vect_advertiser" to ""
[5.842s] -- Installing: /home/redpaladin/Projects/helios_ws/install/px4_ros_com/lib/px4_ros_com/offboard_control
[5.843s] -- Set runtime path of "/home/redpaladin/Projects/helios_ws/install/px4_ros_com/lib/px4_ros_com/offboard_control" to ""
[5.844s] -- Installing: /home/redpaladin/Projects/helios_ws/install/px4_ros_com/lib/px4_ros_com/offboard_control_srv
[5.846s] -- Set runtime path of "/home/redpaladin/Projects/helios_ws/install/px4_ros_com/lib/px4_ros_com/offboard_control_srv" to ""
[5.846s] -- Up-to-date: /home/redpaladin/Projects/helios_ws/install/px4_ros_com/share/px4_ros_com/environment/library_path.sh
[5.846s] -- Installing: /home/redpaladin/Projects/helios_ws/install/px4_ros_com/share/px4_ros_com/environment/library_path.dsv
[5.846s] -- Up-to-date: /home/redpaladin/Projects/helios_ws/install/px4_ros_com/include/px4_ros_com
[5.846s] -- Up-to-date: /home/redpaladin/Projects/helios_ws/install/px4_ros_com/include/px4_ros_com/frame_transforms.h
[5.846s] -- Installing: /home/redpaladin/Projects/helios_ws/install/px4_ros_com/lib/libframe_transforms.so
[5.850s] -- Set runtime path of "/home/redpaladin/Projects/helios_ws/install/px4_ros_com/lib/libframe_transforms.so" to ""
[5.850s] -- Up-to-date: /home/redpaladin/Projects/helios_ws/install/px4_ros_com/share/px4_ros_com//launch
[5.850s] -- Up-to-date: /home/redpaladin/Projects/helios_ws/install/px4_ros_com/share/px4_ros_com//launch/sensor_combined_listener.launch.py
[5.850s] -- Up-to-date: /home/redpaladin/Projects/helios_ws/install/px4_ros_com/share/px4_ros_com//launch/offboard_control_launch.yaml
[5.850s] -- Up-to-date: /home/redpaladin/Projects/helios_ws/install/px4_ros_com/share/px4_ros_com//test
[5.850s] -- Up-to-date: /home/redpaladin/Projects/helios_ws/install/px4_ros_com/share/px4_ros_com//test/test_input.py
[5.850s] -- Up-to-date: /home/redpaladin/Projects/helios_ws/install/px4_ros_com/share/px4_ros_com//test/__init__.py
[5.850s] -- Up-to-date: /home/redpaladin/Projects/helios_ws/install/px4_ros_com/share/px4_ros_com//test/pipeline_io_test.py
[5.850s] -- Up-to-date: /home/redpaladin/Projects/helios_ws/install/px4_ros_com/share/px4_ros_com//test/test_output.py
[5.850s] -- Up-to-date: /home/redpaladin/Projects/helios_ws/install/px4_ros_com/share/px4_ros_com/environment/pythonpath.sh
[5.850s] -- Installing: /home/redpaladin/Projects/helios_ws/install/px4_ros_com/share/px4_ros_com/environment/pythonpath.dsv
[5.850s] -- Up-to-date: /home/redpaladin/Projects/helios_ws/install/px4_ros_com/local/lib/python3.10/dist-packages/px4_ros_com-0.1.0-py3.10.egg-info
[5.851s] -- Installing: /home/redpaladin/Projects/helios_ws/install/px4_ros_com/local/lib/python3.10/dist-packages/px4_ros_com-0.1.0-py3.10.egg-info/top_level.txt
[5.851s] -- Installing: /home/redpaladin/Projects/helios_ws/install/px4_ros_com/local/lib/python3.10/dist-packages/px4_ros_com-0.1.0-py3.10.egg-info/SOURCES.txt
[5.851s] -- Installing: /home/redpaladin/Projects/helios_ws/install/px4_ros_com/local/lib/python3.10/dist-packages/px4_ros_com-0.1.0-py3.10.egg-info/PKG-INFO
[5.851s] -- Installing: /home/redpaladin/Projects/helios_ws/install/px4_ros_com/local/lib/python3.10/dist-packages/px4_ros_com-0.1.0-py3.10.egg-info/dependency_links.txt
[5.852s] -- Up-to-date: /home/redpaladin/Projects/helios_ws/install/px4_ros_com/local/lib/python3.10/dist-packages/px4_ros_com
[5.852s] -- Up-to-date: /home/redpaladin/Projects/helios_ws/install/px4_ros_com/local/lib/python3.10/dist-packages/px4_ros_com/__init__.py
[5.852s] -- Up-to-date: /home/redpaladin/Projects/helios_ws/install/px4_ros_com/local/lib/python3.10/dist-packages/px4_ros_com/module_to_import.py
[5.881s] Listing '/home/redpaladin/Projects/helios_ws/install/px4_ros_com/local/lib/python3.10/dist-packages/px4_ros_com'...
[5.883s] -- Up-to-date: /home/redpaladin/Projects/helios_ws/install/px4_ros_com/lib/px4_ros_com/offboard_control.py
[5.883s] -- Up-to-date: /home/redpaladin/Projects/helios_ws/install/px4_ros_com/share/ament_index/resource_index/package_run_dependencies/px4_ros_com
[5.883s] -- Installing: /home/redpaladin/Projects/helios_ws/install/px4_ros_com/share/ament_index/resource_index/parent_prefix_path/px4_ros_com
[5.883s] -- Up-to-date: /home/redpaladin/Projects/helios_ws/install/px4_ros_com/share/px4_ros_com/environment/ament_prefix_path.sh
[5.883s] -- Installing: /home/redpaladin/Projects/helios_ws/install/px4_ros_com/share/px4_ros_com/environment/ament_prefix_path.dsv
[5.883s] -- Up-to-date: /home/redpaladin/Projects/helios_ws/install/px4_ros_com/share/px4_ros_com/environment/path.sh
[5.884s] -- Installing: /home/redpaladin/Projects/helios_ws/install/px4_ros_com/share/px4_ros_com/environment/path.dsv
[5.884s] -- Up-to-date: /home/redpaladin/Projects/helios_ws/install/px4_ros_com/share/px4_ros_com/local_setup.bash
[5.884s] -- Up-to-date: /home/redpaladin/Projects/helios_ws/install/px4_ros_com/share/px4_ros_com/local_setup.sh
[5.884s] -- Up-to-date: /home/redpaladin/Projects/helios_ws/install/px4_ros_com/share/px4_ros_com/local_setup.zsh
[5.884s] -- Installing: /home/redpaladin/Projects/helios_ws/install/px4_ros_com/share/px4_ros_com/local_setup.dsv
[5.884s] -- Installing: /home/redpaladin/Projects/helios_ws/install/px4_ros_com/share/px4_ros_com/package.dsv
[5.884s] -- Up-to-date: /home/redpaladin/Projects/helios_ws/install/px4_ros_com/share/ament_index/resource_index/packages/px4_ros_com
[5.884s] -- Up-to-date: /home/redpaladin/Projects/helios_ws/install/px4_ros_com/share/px4_ros_com/cmake/export_frame_transformsExport.cmake
[5.884s] -- Up-to-date: /home/redpaladin/Projects/helios_ws/install/px4_ros_com/share/px4_ros_com/cmake/export_frame_transformsExport-noconfig.cmake
[5.884s] -- Up-to-date: /home/redpaladin/Projects/helios_ws/install/px4_ros_com/share/px4_ros_com/cmake/ament_cmake_export_dependencies-extras.cmake
[5.884s] -- Up-to-date: /home/redpaladin/Projects/helios_ws/install/px4_ros_com/share/px4_ros_com/cmake/ament_cmake_export_targets-extras.cmake
[5.884s] -- Up-to-date: /home/redpaladin/Projects/helios_ws/install/px4_ros_com/share/px4_ros_com/cmake/ament_cmake_export_include_directories-extras.cmake
[5.884s] -- Up-to-date: /home/redpaladin/Projects/helios_ws/install/px4_ros_com/share/px4_ros_com/cmake/ament_cmake_export_libraries-extras.cmake
[5.884s] -- Up-to-date: /home/redpaladin/Projects/helios_ws/install/px4_ros_com/share/px4_ros_com/cmake/px4_ros_comConfig.cmake
[5.884s] -- Up-to-date: /home/redpaladin/Projects/helios_ws/install/px4_ros_com/share/px4_ros_com/cmake/px4_ros_comConfig-version.cmake
[5.885s] -- Up-to-date: /home/redpaladin/Projects/helios_ws/install/px4_ros_com/share/px4_ros_com/package.xml
[5.886s] Invoked command in '/home/redpaladin/Projects/helios_ws/build/px4_ros_com' returned '0': CMAKE_PREFIX_PATH=/home/redpaladin/Projects/helios_ws/install/px4_msgs:/home/redpaladin/Projects/helios_ws/install/px4_ros_com:/home/redpaladin/Projects/real_steel_ws/install/shadow:/home/redpaladin/Projects/helios_ws/install/helios:/opt/ros/humble LD_LIBRARY_PATH=/home/redpaladin/Projects/helios_ws/install/px4_msgs/lib:/home/redpaladin/Projects/helios_ws/install/px4_ros_com/lib:/opt/ros/humble/opt/rviz_ogre_vendor/lib:/opt/ros/humble/lib/x86_64-linux-gnu:/opt/ros/humble/lib /usr/bin/cmake --install /home/redpaladin/Projects/helios_ws/build/px4_ros_com
