[0.837s] Invoking command in '/home/redpaladin/helios_ws/src/helios': PYTHONPATH=/home/redpaladin/helios_ws/build/helios/prefix_override:/home/redpaladin/.local/lib/python3.10/site-packages/colcon_core/task/python/colcon_distutils_commands:/home/redpaladin/helios_ws/install/helios/lib/python3.10/site-packages:${PYTHONPATH} /usr/bin/python3 -W ignore:setup.py install is deprecated setup.py egg_info --egg-base ../../build/helios build --build-base /home/redpaladin/helios_ws/build/helios/build install --record /home/redpaladin/helios_ws/build/helios/install.log --single-version-externally-managed install_data
[0.972s] running egg_info
[0.979s] writing ../../build/helios/helios.egg-info/PKG-INFO
[0.981s] writing dependency_links to ../../build/helios/helios.egg-info/dependency_links.txt
[0.982s] writing requirements to ../../build/helios/helios.egg-info/requires.txt
[0.982s] writing top-level names to ../../build/helios/helios.egg-info/top_level.txt
[1.001s] reading manifest file '../../build/helios/helios.egg-info/SOURCES.txt'
[1.002s] writing manifest file '../../build/helios/helios.egg-info/SOURCES.txt'
[1.002s] running build
[1.002s] running build_py
[1.002s] copying helios/__init__.py -> /home/redpaladin/helios_ws/build/helios/build/lib/helios
[1.003s] running install
[1.006s] running install_lib
[1.016s] running install_data
[1.016s] copying resource/helios -> /home/redpaladin/helios_ws/install/helios/share/ament_index/resource_index/packages
[1.016s] copying package.xml -> /home/redpaladin/helios_ws/install/helios/share/helios
[1.017s] copying launch/gazebo.launch.py -> /home/redpaladin/helios_ws/install/helios/share/helios/launch
[1.018s] running install_egg_info
[1.027s] removing '/home/redpaladin/helios_ws/install/helios/lib/python3.10/site-packages/helios-0.0.0-py3.10.egg-info' (and everything under it)
[1.028s] Copying ../../build/helios/helios.egg-info to /home/redpaladin/helios_ws/install/helios/lib/python3.10/site-packages/helios-0.0.0-py3.10.egg-info
[1.030s] running install_scripts
[1.103s] writing list of installed files to '/home/redpaladin/helios_ws/build/helios/install.log'
[1.120s] Invoked command in '/home/redpaladin/helios_ws/src/helios' returned '0': PYTHONPATH=/home/redpaladin/helios_ws/build/helios/prefix_override:/home/redpaladin/.local/lib/python3.10/site-packages/colcon_core/task/python/colcon_distutils_commands:/home/redpaladin/helios_ws/install/helios/lib/python3.10/site-packages:${PYTHONPATH} /usr/bin/python3 -W ignore:setup.py install is deprecated setup.py egg_info --egg-base ../../build/helios build --build-base /home/redpaladin/helios_ws/build/helios/build install --record /home/redpaladin/helios_ws/build/helios/install.log --single-version-externally-managed install_data
