[0.463s] Invoking command in '/home/redpaladin/Projects/helios_ws/build/helios': PYTHONPATH=/home/redpaladin/Projects/helios_ws/build/helios/prefix_override:/usr/lib/python3/dist-packages/colcon_core/task/python/colcon_distutils_commands:/home/redpaladin/Projects/helios_ws/install/helios/lib/python3.10/site-packages:${PYTHONPATH} /usr/bin/python3 -W ignore:setup.py install is deprecated -W ignore:easy_install command is deprecated setup.py develop --editable --build-directory /home/redpaladin/Projects/helios_ws/build/helios/build --no-deps symlink_data --force
[0.589s] running develop
[0.655s] running egg_info
[0.655s] writing helios.egg-info/PKG-INFO
[0.655s] writing dependency_links to helios.egg-info/dependency_links.txt
[0.656s] writing entry points to helios.egg-info/entry_points.txt
[0.656s] writing requirements to helios.egg-info/requires.txt
[0.656s] writing top-level names to helios.egg-info/top_level.txt
[0.657s] reading manifest file 'helios.egg-info/SOURCES.txt'
[0.657s] writing manifest file 'helios.egg-info/SOURCES.txt'
[0.658s] running build_ext
[0.658s] Creating /home/redpaladin/Projects/helios_ws/install/helios/lib/python3.10/site-packages/helios.egg-link (link to .)
[0.658s] Installing helios_tf_publisher script to /home/redpaladin/Projects/helios_ws/install/helios/lib/helios
[0.658s] Installing keyboard_control script to /home/redpaladin/Projects/helios_ws/install/helios/lib/helios
[0.658s] 
[0.658s] Installed /home/redpaladin/Projects/helios_ws/build/helios
[0.658s] running symlink_data
[0.658s] symbolically linking /home/redpaladin/Projects/helios_ws/build/helios/resource/helios -> /home/redpaladin/Projects/helios_ws/install/helios/share/ament_index/resource_index/packages
[0.658s] symbolically linking /home/redpaladin/Projects/helios_ws/build/helios/package.xml -> /home/redpaladin/Projects/helios_ws/install/helios/share/helios
[0.659s] symbolically linking /home/redpaladin/Projects/helios_ws/build/helios/launch/gazebo.launch.py -> /home/redpaladin/Projects/helios_ws/install/helios/share/helios/launch
[0.673s] Invoked command in '/home/redpaladin/Projects/helios_ws/build/helios' returned '0': PYTHONPATH=/home/redpaladin/Projects/helios_ws/build/helios/prefix_override:/usr/lib/python3/dist-packages/colcon_core/task/python/colcon_distutils_commands:/home/redpaladin/Projects/helios_ws/install/helios/lib/python3.10/site-packages:${PYTHONPATH} /usr/bin/python3 -W ignore:setup.py install is deprecated -W ignore:easy_install command is deprecated setup.py develop --editable --build-directory /home/redpaladin/Projects/helios_ws/build/helios/build --no-deps symlink_data --force
