[33mCMake Warning at CMakeLists.txt:32 (add_executable):
  Cannot generate a safe runtime search path for target example_position
  because files in some directories may conflict with libraries in implicit
  directories:

    runtime library [libfastcdr.so.1] in /usr/lib/x86_64-linux-gnu may be hidden by files in:
      /opt/ros/humble/lib

  Some of these libraries may not be found correctly.

[0m
[33mCMake Warning at CMakeLists.txt:40 (add_executable):
  Cannot generate a safe runtime search path for target example_velocity
  because files in some directories may conflict with libraries in implicit
  directories:

    runtime library [libfastcdr.so.1] in /usr/lib/x86_64-linux-gnu may be hidden by files in:
      /opt/ros/humble/lib

  Some of these libraries may not be found correctly.

[0m
[33mCMake Warning at CMakeLists.txt:48 (add_executable):
  Cannot generate a safe runtime search path for target example_effort
  because files in some directories may conflict with libraries in implicit
  directories:

    runtime library [libfastcdr.so.1] in /usr/lib/x86_64-linux-gnu may be hidden by files in:
      /opt/ros/humble/lib

  Some of these libraries may not be found correctly.

[0m
[33mCMake Warning at CMakeLists.txt:55 (add_executable):
  Cannot generate a safe runtime search path for target example_diff_drive
  because files in some directories may conflict with libraries in implicit
  directories:

    runtime library [libfastcdr.so.1] in /usr/lib/x86_64-linux-gnu may be hidden by files in:
      /opt/ros/humble/lib

  Some of these libraries may not be found correctly.

[0m
[33mCMake Warning at CMakeLists.txt:61 (add_executable):
  Cannot generate a safe runtime search path for target
  example_tricycle_drive because files in some directories may conflict with
  libraries in implicit directories:

    runtime library [libfastcdr.so.1] in /usr/lib/x86_64-linux-gnu may be hidden by files in:
      /opt/ros/humble/lib

  Some of these libraries may not be found correctly.

[0m
[33mCMake Warning at CMakeLists.txt:67 (add_executable):
  Cannot generate a safe runtime search path for target
  example_ackermann_drive because files in some directories may conflict with
  libraries in implicit directories:

    runtime library [libfastcdr.so.1] in /usr/lib/x86_64-linux-gnu may be hidden by files in:
      /opt/ros/humble/lib

  Some of these libraries may not be found correctly.

[0m
[33mCMake Warning at CMakeLists.txt:73 (add_executable):
  Cannot generate a safe runtime search path for target example_gripper
  because files in some directories may conflict with libraries in implicit
  directories:

    runtime library [libfastcdr.so.1] in /usr/lib/x86_64-linux-gnu may be hidden by files in:
      /opt/ros/humble/lib

  Some of these libraries may not be found correctly.

[0m
