[0.056s] DEBUG:colcon:Command line arguments: ['/usr/bin/colcon', 'build']
[0.056s] DEBUG:colcon:Parsed command line arguments: Namespace(log_base=None, log_level=None, verb_name='build', build_base='build', install_base='install', merge_install=False, symlink_install=False, test_result_base=None, continue_on_error=False, executor='parallel', parallel_workers=24, event_handlers=None, ignore_user_meta=False, metas=['./colcon.meta'], base_paths=['.'], packages_ignore=None, packages_ignore_regex=None, paths=None, packages_up_to=None, packages_up_to_regex=None, packages_above=None, packages_above_and_dependencies=None, packages_above_depth=None, packages_select_by_dep=None, packages_skip_by_dep=None, packages_skip_up_to=None, packages_select_build_failed=False, packages_skip_build_finished=False, packages_select_test_failures=False, packages_skip_test_passed=False, packages_select=None, packages_skip=None, packages_select_regex=None, packages_skip_regex=None, packages_start=None, packages_end=None, allow_overriding=[], cmake_args=None, cmake_target=None, cmake_target_skip_unavailable=False, cmake_clean_cache=False, cmake_clean_first=False, cmake_force_configure=False, ament_cmake_args=None, catkin_cmake_args=None, catkin_skip_building_tests=False, mixin_files=None, mixin=None, verb_parser=<colcon_mixin.mixin.mixin_argument.MixinArgumentDecorator object at 0x73c7a4207910>, verb_extension=<colcon_core.verb.build.BuildVerb object at 0x73c7a42071f0>, main=<bound method BuildVerb.main of <colcon_core.verb.build.BuildVerb object at 0x73c7a42071f0>>, mixin_verb=('build',))
[0.074s] Level 1:colcon.colcon_core.package_discovery:discover_packages(colcon_meta) check parameters
[0.074s] Level 1:colcon.colcon_core.package_discovery:discover_packages(recursive) check parameters
[0.074s] Level 1:colcon.colcon_core.package_discovery:discover_packages(ignore) check parameters
[0.074s] Level 1:colcon.colcon_core.package_discovery:discover_packages(path) check parameters
[0.074s] Level 1:colcon.colcon_core.package_discovery:discover_packages(colcon_meta) discover
[0.074s] Level 1:colcon.colcon_core.package_discovery:discover_packages(recursive) discover
[0.074s] INFO:colcon.colcon_core.package_discovery:Crawling recursively for packages in '/home/redpaladin/Projects/helios_ws'
[0.074s] Level 1:colcon.colcon_core.package_identification:_identify(.) by extensions ['ignore', 'ignore_ament_install']
[0.074s] Level 1:colcon.colcon_core.package_identification:_identify(.) by extension 'ignore'
[0.074s] Level 1:colcon.colcon_core.package_identification:_identify(.) by extension 'ignore_ament_install'
[0.074s] Level 1:colcon.colcon_core.package_identification:_identify(.) by extensions ['colcon_pkg']
[0.074s] Level 1:colcon.colcon_core.package_identification:_identify(.) by extension 'colcon_pkg'
[0.074s] Level 1:colcon.colcon_core.package_identification:_identify(.) by extensions ['colcon_meta']
[0.074s] Level 1:colcon.colcon_core.package_identification:_identify(.) by extension 'colcon_meta'
[0.074s] Level 1:colcon.colcon_core.package_identification:_identify(.) by extensions ['ros']
[0.074s] Level 1:colcon.colcon_core.package_identification:_identify(.) by extension 'ros'
[0.082s] Level 1:colcon.colcon_core.package_identification:_identify(.) by extensions ['cmake', 'python']
[0.082s] Level 1:colcon.colcon_core.package_identification:_identify(.) by extension 'cmake'
[0.082s] Level 1:colcon.colcon_core.package_identification:_identify(.) by extension 'python'
[0.082s] Level 1:colcon.colcon_core.package_identification:_identify(.) by extensions ['python_setup_py']
[0.082s] Level 1:colcon.colcon_core.package_identification:_identify(.) by extension 'python_setup_py'
[0.082s] Level 1:colcon.colcon_core.package_identification:_identify(build) by extensions ['ignore', 'ignore_ament_install']
[0.082s] Level 1:colcon.colcon_core.package_identification:_identify(build) by extension 'ignore'
[0.082s] Level 1:colcon.colcon_core.package_identification:_identify(build) ignored
[0.082s] Level 1:colcon.colcon_core.package_identification:_identify(install) by extensions ['ignore', 'ignore_ament_install']
[0.082s] Level 1:colcon.colcon_core.package_identification:_identify(install) by extension 'ignore'
[0.082s] Level 1:colcon.colcon_core.package_identification:_identify(install) ignored
[0.082s] Level 1:colcon.colcon_core.package_identification:_identify(log) by extensions ['ignore', 'ignore_ament_install']
[0.082s] Level 1:colcon.colcon_core.package_identification:_identify(log) by extension 'ignore'
[0.082s] Level 1:colcon.colcon_core.package_identification:_identify(log) ignored
[0.082s] Level 1:colcon.colcon_core.package_identification:_identify(src) by extensions ['ignore', 'ignore_ament_install']
[0.082s] Level 1:colcon.colcon_core.package_identification:_identify(src) by extension 'ignore'
[0.082s] Level 1:colcon.colcon_core.package_identification:_identify(src) by extension 'ignore_ament_install'
[0.082s] Level 1:colcon.colcon_core.package_identification:_identify(src) by extensions ['colcon_pkg']
[0.082s] Level 1:colcon.colcon_core.package_identification:_identify(src) by extension 'colcon_pkg'
[0.082s] Level 1:colcon.colcon_core.package_identification:_identify(src) by extensions ['colcon_meta']
[0.082s] Level 1:colcon.colcon_core.package_identification:_identify(src) by extension 'colcon_meta'
[0.082s] Level 1:colcon.colcon_core.package_identification:_identify(src) by extensions ['ros']
[0.082s] Level 1:colcon.colcon_core.package_identification:_identify(src) by extension 'ros'
[0.082s] Level 1:colcon.colcon_core.package_identification:_identify(src) by extensions ['cmake', 'python']
[0.082s] Level 1:colcon.colcon_core.package_identification:_identify(src) by extension 'cmake'
[0.082s] Level 1:colcon.colcon_core.package_identification:_identify(src) by extension 'python'
[0.082s] Level 1:colcon.colcon_core.package_identification:_identify(src) by extensions ['python_setup_py']
[0.082s] Level 1:colcon.colcon_core.package_identification:_identify(src) by extension 'python_setup_py'
[0.082s] Level 1:colcon.colcon_core.package_identification:_identify(src/helios) by extensions ['ignore', 'ignore_ament_install']
[0.082s] Level 1:colcon.colcon_core.package_identification:_identify(src/helios) by extension 'ignore'
[0.082s] Level 1:colcon.colcon_core.package_identification:_identify(src/helios) by extension 'ignore_ament_install'
[0.082s] Level 1:colcon.colcon_core.package_identification:_identify(src/helios) by extensions ['colcon_pkg']
[0.082s] Level 1:colcon.colcon_core.package_identification:_identify(src/helios) by extension 'colcon_pkg'
[0.082s] Level 1:colcon.colcon_core.package_identification:_identify(src/helios) by extensions ['colcon_meta']
[0.082s] Level 1:colcon.colcon_core.package_identification:_identify(src/helios) by extension 'colcon_meta'
[0.082s] Level 1:colcon.colcon_core.package_identification:_identify(src/helios) by extensions ['ros']
[0.082s] Level 1:colcon.colcon_core.package_identification:_identify(src/helios) by extension 'ros'
[0.084s] DEBUG:colcon.colcon_core.package_identification:Package 'src/helios' with type 'ros.ament_python' and name 'helios'
[0.084s] Level 1:colcon.colcon_core.package_identification:_identify(src/px4_msgs) by extensions ['ignore', 'ignore_ament_install']
[0.084s] Level 1:colcon.colcon_core.package_identification:_identify(src/px4_msgs) by extension 'ignore'
[0.084s] Level 1:colcon.colcon_core.package_identification:_identify(src/px4_msgs) by extension 'ignore_ament_install'
[0.084s] Level 1:colcon.colcon_core.package_identification:_identify(src/px4_msgs) by extensions ['colcon_pkg']
[0.084s] Level 1:colcon.colcon_core.package_identification:_identify(src/px4_msgs) by extension 'colcon_pkg'
[0.084s] Level 1:colcon.colcon_core.package_identification:_identify(src/px4_msgs) by extensions ['colcon_meta']
[0.084s] Level 1:colcon.colcon_core.package_identification:_identify(src/px4_msgs) by extension 'colcon_meta'
[0.084s] Level 1:colcon.colcon_core.package_identification:_identify(src/px4_msgs) by extensions ['ros']
[0.084s] Level 1:colcon.colcon_core.package_identification:_identify(src/px4_msgs) by extension 'ros'
[0.084s] DEBUG:colcon.colcon_core.package_identification:Package 'src/px4_msgs' with type 'ros.ament_cmake' and name 'px4_msgs'
[0.084s] Level 1:colcon.colcon_core.package_identification:_identify(src/px4_ros_com) by extensions ['ignore', 'ignore_ament_install']
[0.084s] Level 1:colcon.colcon_core.package_identification:_identify(src/px4_ros_com) by extension 'ignore'
[0.084s] Level 1:colcon.colcon_core.package_identification:_identify(src/px4_ros_com) by extension 'ignore_ament_install'
[0.084s] Level 1:colcon.colcon_core.package_identification:_identify(src/px4_ros_com) by extensions ['colcon_pkg']
[0.084s] Level 1:colcon.colcon_core.package_identification:_identify(src/px4_ros_com) by extension 'colcon_pkg'
[0.084s] Level 1:colcon.colcon_core.package_identification:_identify(src/px4_ros_com) by extensions ['colcon_meta']
[0.084s] Level 1:colcon.colcon_core.package_identification:_identify(src/px4_ros_com) by extension 'colcon_meta'
[0.084s] Level 1:colcon.colcon_core.package_identification:_identify(src/px4_ros_com) by extensions ['ros']
[0.085s] Level 1:colcon.colcon_core.package_identification:_identify(src/px4_ros_com) by extension 'ros'
[0.085s] DEBUG:colcon.colcon_core.package_identification:Package 'src/px4_ros_com' with type 'ros.ament_cmake' and name 'px4_ros_com'
[0.085s] Level 1:colcon.colcon_core.package_discovery:discover_packages(recursive) using defaults
[0.085s] Level 1:colcon.colcon_core.package_discovery:discover_packages(ignore) discover
[0.085s] Level 1:colcon.colcon_core.package_discovery:discover_packages(ignore) using defaults
[0.085s] Level 1:colcon.colcon_core.package_discovery:discover_packages(path) discover
[0.085s] Level 1:colcon.colcon_core.package_discovery:discover_packages(path) using defaults
[0.095s] Level 1:colcon.colcon_core.package_discovery:discover_packages(prefix_path) check parameters
[0.095s] Level 1:colcon.colcon_core.package_discovery:discover_packages(prefix_path) discover
[0.096s] DEBUG:colcon.colcon_installed_package_information.package_discovery:Found 3 installed packages in /home/redpaladin/Projects/helios_ws/install
[0.097s] DEBUG:colcon.colcon_installed_package_information.package_discovery:Found 290 installed packages in /opt/ros/humble
[0.097s] Level 1:colcon.colcon_core.package_discovery:discover_packages(prefix_path) using defaults
[0.116s] Level 5:colcon.colcon_core.verb:set package 'helios' build argument 'cmake_args' from command line to 'None'
[0.116s] Level 5:colcon.colcon_core.verb:set package 'helios' build argument 'cmake_target' from command line to 'None'
[0.116s] Level 5:colcon.colcon_core.verb:set package 'helios' build argument 'cmake_target_skip_unavailable' from command line to 'False'
[0.116s] Level 5:colcon.colcon_core.verb:set package 'helios' build argument 'cmake_clean_cache' from command line to 'False'
[0.116s] Level 5:colcon.colcon_core.verb:set package 'helios' build argument 'cmake_clean_first' from command line to 'False'
[0.116s] Level 5:colcon.colcon_core.verb:set package 'helios' build argument 'cmake_force_configure' from command line to 'False'
[0.116s] Level 5:colcon.colcon_core.verb:set package 'helios' build argument 'ament_cmake_args' from command line to 'None'
[0.116s] Level 5:colcon.colcon_core.verb:set package 'helios' build argument 'catkin_cmake_args' from command line to 'None'
[0.116s] Level 5:colcon.colcon_core.verb:set package 'helios' build argument 'catkin_skip_building_tests' from command line to 'False'
[0.116s] DEBUG:colcon.colcon_core.verb:Building package 'helios' with the following arguments: {'ament_cmake_args': None, 'build_base': '/home/redpaladin/Projects/helios_ws/build/helios', 'catkin_cmake_args': None, 'catkin_skip_building_tests': False, 'cmake_args': None, 'cmake_clean_cache': False, 'cmake_clean_first': False, 'cmake_force_configure': False, 'cmake_target': None, 'cmake_target_skip_unavailable': False, 'install_base': '/home/redpaladin/Projects/helios_ws/install/helios', 'merge_install': False, 'path': '/home/redpaladin/Projects/helios_ws/src/helios', 'symlink_install': False, 'test_result_base': None}
[0.116s] Level 5:colcon.colcon_core.verb:set package 'px4_msgs' build argument 'cmake_args' from command line to 'None'
[0.116s] Level 5:colcon.colcon_core.verb:set package 'px4_msgs' build argument 'cmake_target' from command line to 'None'
[0.116s] Level 5:colcon.colcon_core.verb:set package 'px4_msgs' build argument 'cmake_target_skip_unavailable' from command line to 'False'
[0.116s] Level 5:colcon.colcon_core.verb:set package 'px4_msgs' build argument 'cmake_clean_cache' from command line to 'False'
[0.116s] Level 5:colcon.colcon_core.verb:set package 'px4_msgs' build argument 'cmake_clean_first' from command line to 'False'
[0.116s] Level 5:colcon.colcon_core.verb:set package 'px4_msgs' build argument 'cmake_force_configure' from command line to 'False'
[0.116s] Level 5:colcon.colcon_core.verb:set package 'px4_msgs' build argument 'ament_cmake_args' from command line to 'None'
[0.116s] Level 5:colcon.colcon_core.verb:set package 'px4_msgs' build argument 'catkin_cmake_args' from command line to 'None'
[0.116s] Level 5:colcon.colcon_core.verb:set package 'px4_msgs' build argument 'catkin_skip_building_tests' from command line to 'False'
[0.116s] DEBUG:colcon.colcon_core.verb:Building package 'px4_msgs' with the following arguments: {'ament_cmake_args': None, 'build_base': '/home/redpaladin/Projects/helios_ws/build/px4_msgs', 'catkin_cmake_args': None, 'catkin_skip_building_tests': False, 'cmake_args': None, 'cmake_clean_cache': False, 'cmake_clean_first': False, 'cmake_force_configure': False, 'cmake_target': None, 'cmake_target_skip_unavailable': False, 'install_base': '/home/redpaladin/Projects/helios_ws/install/px4_msgs', 'merge_install': False, 'path': '/home/redpaladin/Projects/helios_ws/src/px4_msgs', 'symlink_install': False, 'test_result_base': None}
[0.117s] Level 5:colcon.colcon_core.verb:set package 'px4_ros_com' build argument 'cmake_args' from command line to 'None'
[0.117s] Level 5:colcon.colcon_core.verb:set package 'px4_ros_com' build argument 'cmake_target' from command line to 'None'
[0.117s] Level 5:colcon.colcon_core.verb:set package 'px4_ros_com' build argument 'cmake_target_skip_unavailable' from command line to 'False'
[0.117s] Level 5:colcon.colcon_core.verb:set package 'px4_ros_com' build argument 'cmake_clean_cache' from command line to 'False'
[0.117s] Level 5:colcon.colcon_core.verb:set package 'px4_ros_com' build argument 'cmake_clean_first' from command line to 'False'
[0.117s] Level 5:colcon.colcon_core.verb:set package 'px4_ros_com' build argument 'cmake_force_configure' from command line to 'False'
[0.117s] Level 5:colcon.colcon_core.verb:set package 'px4_ros_com' build argument 'ament_cmake_args' from command line to 'None'
[0.117s] Level 5:colcon.colcon_core.verb:set package 'px4_ros_com' build argument 'catkin_cmake_args' from command line to 'None'
[0.117s] Level 5:colcon.colcon_core.verb:set package 'px4_ros_com' build argument 'catkin_skip_building_tests' from command line to 'False'
[0.117s] DEBUG:colcon.colcon_core.verb:Building package 'px4_ros_com' with the following arguments: {'ament_cmake_args': None, 'build_base': '/home/redpaladin/Projects/helios_ws/build/px4_ros_com', 'catkin_cmake_args': None, 'catkin_skip_building_tests': False, 'cmake_args': None, 'cmake_clean_cache': False, 'cmake_clean_first': False, 'cmake_force_configure': False, 'cmake_target': None, 'cmake_target_skip_unavailable': False, 'install_base': '/home/redpaladin/Projects/helios_ws/install/px4_ros_com', 'merge_install': False, 'path': '/home/redpaladin/Projects/helios_ws/src/px4_ros_com', 'symlink_install': False, 'test_result_base': None}
[0.117s] INFO:colcon.colcon_core.executor:Executing jobs using 'parallel' executor
[0.117s] DEBUG:colcon.colcon_parallel_executor.executor.parallel:run_until_complete
[0.117s] INFO:colcon.colcon_ros.task.ament_cmake.build:Building ROS package in '/home/redpaladin/Projects/helios_ws/src/px4_msgs' with build type 'ament_cmake'
[0.117s] INFO:colcon.colcon_cmake.task.cmake.build:Building CMake package in '/home/redpaladin/Projects/helios_ws/src/px4_msgs'
[0.118s] INFO:colcon.colcon_core.plugin_system:Skipping extension 'colcon_core.shell.bat': Not used on non-Windows systems
[0.118s] INFO:colcon.colcon_core.shell:Skip shell extension 'powershell' for command environment: Not usable outside of PowerShell
[0.119s] DEBUG:colcon.colcon_core.shell:Skip shell extension 'dsv' for command environment
[0.120s] INFO:colcon.colcon_ros.task.ament_python.build:Building ROS package in '/home/redpaladin/Projects/helios_ws/src/helios' with build type 'ament_python'
[0.121s] Level 1:colcon.colcon_core.shell:create_environment_hook('helios', 'ament_prefix_path')
[0.121s] INFO:colcon.colcon_core.shell:Creating environment hook '/home/redpaladin/Projects/helios_ws/install/helios/share/helios/hook/ament_prefix_path.ps1'
[0.121s] INFO:colcon.colcon_core.shell:Creating environment descriptor '/home/redpaladin/Projects/helios_ws/install/helios/share/helios/hook/ament_prefix_path.dsv'
[0.121s] INFO:colcon.colcon_core.shell:Creating environment hook '/home/redpaladin/Projects/helios_ws/install/helios/share/helios/hook/ament_prefix_path.sh'
[0.122s] INFO:colcon.colcon_core.shell:Skip shell extension 'powershell' for command environment: Not usable outside of PowerShell
[0.122s] DEBUG:colcon.colcon_core.shell:Skip shell extension 'dsv' for command environment
[0.126s] DEBUG:colcon.colcon_core.event_handler.log_command:Invoking command in '/home/redpaladin/Projects/helios_ws/build/px4_msgs': CMAKE_PREFIX_PATH=${CMAKE_PREFIX_PATH}:/home/redpaladin/Projects/helios_ws/install/helios:/opt/ros/humble /usr/bin/cmake --build /home/redpaladin/Projects/helios_ws/build/px4_msgs -- -j24 -l24
[0.223s] INFO:colcon.colcon_core.task.python.build:Building Python package in '/home/redpaladin/Projects/helios_ws/src/helios'
[0.224s] INFO:colcon.colcon_core.shell:Skip shell extension 'powershell' for command environment: Not usable outside of PowerShell
[0.224s] DEBUG:colcon.colcon_core.shell:Skip shell extension 'dsv' for command environment
[0.492s] DEBUG:colcon.colcon_core.event_handler.log_command:Invoking command in '/home/redpaladin/Projects/helios_ws/src/helios': PYTHONPATH=/home/redpaladin/Projects/helios_ws/build/helios/prefix_override:/usr/lib/python3/dist-packages/colcon_core/task/python/colcon_distutils_commands:/home/redpaladin/Projects/helios_ws/install/helios/lib/python3.10/site-packages:${PYTHONPATH} /usr/bin/python3 -W ignore:setup.py install is deprecated -W ignore:easy_install command is deprecated setup.py egg_info --egg-base ../../build/helios build --build-base /home/redpaladin/Projects/helios_ws/build/helios/build install --record /home/redpaladin/Projects/helios_ws/build/helios/install.log --single-version-externally-managed install_data
[0.619s] DEBUG:colcon.colcon_core.event_handler.log_command:Invoked command in '/home/redpaladin/Projects/helios_ws/build/px4_msgs' returned '0': CMAKE_PREFIX_PATH=${CMAKE_PREFIX_PATH}:/home/redpaladin/Projects/helios_ws/install/helios:/opt/ros/humble /usr/bin/cmake --build /home/redpaladin/Projects/helios_ws/build/px4_msgs -- -j24 -l24
[0.625s] DEBUG:colcon.colcon_core.event_handler.log_command:Invoking command in '/home/redpaladin/Projects/helios_ws/build/px4_msgs': CMAKE_PREFIX_PATH=${CMAKE_PREFIX_PATH}:/home/redpaladin/Projects/helios_ws/install/helios:/opt/ros/humble /usr/bin/cmake --install /home/redpaladin/Projects/helios_ws/build/px4_msgs
[0.757s] Level 1:colcon.colcon_core.environment:checking '/home/redpaladin/Projects/helios_ws/install/helios' for CMake module files
[0.760s] Level 1:colcon.colcon_core.environment:checking '/home/redpaladin/Projects/helios_ws/install/helios' for CMake config files
[0.765s] DEBUG:colcon.colcon_core.event_handler.log_command:Invoked command in '/home/redpaladin/Projects/helios_ws/src/helios' returned '0': PYTHONPATH=/home/redpaladin/Projects/helios_ws/build/helios/prefix_override:/usr/lib/python3/dist-packages/colcon_core/task/python/colcon_distutils_commands:/home/redpaladin/Projects/helios_ws/install/helios/lib/python3.10/site-packages:${PYTHONPATH} /usr/bin/python3 -W ignore:setup.py install is deprecated -W ignore:easy_install command is deprecated setup.py egg_info --egg-base ../../build/helios build --build-base /home/redpaladin/Projects/helios_ws/build/helios/build install --record /home/redpaladin/Projects/helios_ws/build/helios/install.log --single-version-externally-managed install_data
[0.768s] Level 1:colcon.colcon_core.environment:checking '/home/redpaladin/Projects/helios_ws/install/helios/lib'
[0.768s] Level 1:colcon.colcon_core.environment:checking '/home/redpaladin/Projects/helios_ws/install/helios/bin'
[0.768s] Level 1:colcon.colcon_core.environment:checking '/home/redpaladin/Projects/helios_ws/install/helios/lib/pkgconfig/helios.pc'
[0.768s] Level 1:colcon.colcon_core.environment:checking '/home/redpaladin/Projects/helios_ws/install/helios/lib/python3.10/site-packages'
[0.768s] Level 1:colcon.colcon_core.shell:create_environment_hook('helios', 'pythonpath')
[0.769s] INFO:colcon.colcon_core.shell:Creating environment hook '/home/redpaladin/Projects/helios_ws/install/helios/share/helios/hook/pythonpath.ps1'
[0.769s] INFO:colcon.colcon_core.shell:Creating environment descriptor '/home/redpaladin/Projects/helios_ws/install/helios/share/helios/hook/pythonpath.dsv'
[0.769s] INFO:colcon.colcon_core.shell:Creating environment hook '/home/redpaladin/Projects/helios_ws/install/helios/share/helios/hook/pythonpath.sh'
[0.770s] Level 1:colcon.colcon_core.environment:checking '/home/redpaladin/Projects/helios_ws/install/helios/bin'
[0.770s] Level 1:colcon.colcon_core.environment:create_environment_scripts_only(helios)
[0.770s] INFO:colcon.colcon_core.shell:Creating package script '/home/redpaladin/Projects/helios_ws/install/helios/share/helios/package.ps1'
[0.771s] INFO:colcon.colcon_core.shell:Creating package descriptor '/home/redpaladin/Projects/helios_ws/install/helios/share/helios/package.dsv'
[0.771s] INFO:colcon.colcon_core.shell:Creating package script '/home/redpaladin/Projects/helios_ws/install/helios/share/helios/package.sh'
[0.771s] INFO:colcon.colcon_core.shell:Creating package script '/home/redpaladin/Projects/helios_ws/install/helios/share/helios/package.bash'
[0.772s] INFO:colcon.colcon_core.shell:Creating package script '/home/redpaladin/Projects/helios_ws/install/helios/share/helios/package.zsh'
[0.772s] Level 1:colcon.colcon_core.environment:create_file_with_runtime_dependencies(/home/redpaladin/Projects/helios_ws/install/helios/share/colcon-core/packages/helios)
[0.864s] Level 1:colcon.colcon_core.environment:create_environment_scripts_only(px4_msgs)
[0.864s] Level 1:colcon.colcon_core.environment:checking '/home/redpaladin/Projects/helios_ws/install/px4_msgs' for CMake module files
[0.865s] DEBUG:colcon.colcon_core.event_handler.log_command:Invoked command in '/home/redpaladin/Projects/helios_ws/build/px4_msgs' returned '0': CMAKE_PREFIX_PATH=${CMAKE_PREFIX_PATH}:/home/redpaladin/Projects/helios_ws/install/helios:/opt/ros/humble /usr/bin/cmake --install /home/redpaladin/Projects/helios_ws/build/px4_msgs
[0.865s] Level 1:colcon.colcon_core.environment:checking '/home/redpaladin/Projects/helios_ws/install/px4_msgs' for CMake config files
[0.865s] Level 1:colcon.colcon_core.shell:create_environment_hook('px4_msgs', 'cmake_prefix_path')
[0.865s] INFO:colcon.colcon_core.shell:Creating environment hook '/home/redpaladin/Projects/helios_ws/install/px4_msgs/share/px4_msgs/hook/cmake_prefix_path.ps1'
[0.866s] INFO:colcon.colcon_core.shell:Creating environment descriptor '/home/redpaladin/Projects/helios_ws/install/px4_msgs/share/px4_msgs/hook/cmake_prefix_path.dsv'
[0.866s] INFO:colcon.colcon_core.shell:Creating environment hook '/home/redpaladin/Projects/helios_ws/install/px4_msgs/share/px4_msgs/hook/cmake_prefix_path.sh'
[0.866s] Level 1:colcon.colcon_core.environment:checking '/home/redpaladin/Projects/helios_ws/install/px4_msgs/lib'
[0.866s] Level 1:colcon.colcon_core.shell:create_environment_hook('px4_msgs', 'ld_library_path_lib')
[0.866s] INFO:colcon.colcon_core.shell:Creating environment hook '/home/redpaladin/Projects/helios_ws/install/px4_msgs/share/px4_msgs/hook/ld_library_path_lib.ps1'
[0.866s] INFO:colcon.colcon_core.shell:Creating environment descriptor '/home/redpaladin/Projects/helios_ws/install/px4_msgs/share/px4_msgs/hook/ld_library_path_lib.dsv'
[0.867s] INFO:colcon.colcon_core.shell:Creating environment hook '/home/redpaladin/Projects/helios_ws/install/px4_msgs/share/px4_msgs/hook/ld_library_path_lib.sh'
[0.867s] Level 1:colcon.colcon_core.environment:checking '/home/redpaladin/Projects/helios_ws/install/px4_msgs/bin'
[0.867s] Level 1:colcon.colcon_core.environment:checking '/home/redpaladin/Projects/helios_ws/install/px4_msgs/lib/pkgconfig/px4_msgs.pc'
[0.867s] Level 1:colcon.colcon_core.environment:checking '/home/redpaladin/Projects/helios_ws/install/px4_msgs/lib/python3.10/site-packages'
[0.867s] Level 1:colcon.colcon_core.environment:checking '/home/redpaladin/Projects/helios_ws/install/px4_msgs/bin'
[0.867s] INFO:colcon.colcon_core.shell:Creating package script '/home/redpaladin/Projects/helios_ws/install/px4_msgs/share/px4_msgs/package.ps1'
[0.867s] INFO:colcon.colcon_core.shell:Creating package descriptor '/home/redpaladin/Projects/helios_ws/install/px4_msgs/share/px4_msgs/package.dsv'
[0.868s] INFO:colcon.colcon_core.shell:Creating package script '/home/redpaladin/Projects/helios_ws/install/px4_msgs/share/px4_msgs/package.sh'
[0.868s] INFO:colcon.colcon_core.shell:Creating package script '/home/redpaladin/Projects/helios_ws/install/px4_msgs/share/px4_msgs/package.bash'
[0.868s] INFO:colcon.colcon_core.shell:Creating package script '/home/redpaladin/Projects/helios_ws/install/px4_msgs/share/px4_msgs/package.zsh'
[0.868s] Level 1:colcon.colcon_core.environment:create_file_with_runtime_dependencies(/home/redpaladin/Projects/helios_ws/install/px4_msgs/share/colcon-core/packages/px4_msgs)
[0.869s] Level 1:colcon.colcon_core.environment:create_environment_scripts_only(px4_msgs)
[0.869s] Level 1:colcon.colcon_core.environment:checking '/home/redpaladin/Projects/helios_ws/install/px4_msgs' for CMake module files
[0.869s] Level 1:colcon.colcon_core.environment:checking '/home/redpaladin/Projects/helios_ws/install/px4_msgs' for CMake config files
[0.869s] Level 1:colcon.colcon_core.shell:create_environment_hook('px4_msgs', 'cmake_prefix_path')
[0.869s] INFO:colcon.colcon_core.shell:Creating environment hook '/home/redpaladin/Projects/helios_ws/install/px4_msgs/share/px4_msgs/hook/cmake_prefix_path.ps1'
[0.870s] INFO:colcon.colcon_core.shell:Creating environment descriptor '/home/redpaladin/Projects/helios_ws/install/px4_msgs/share/px4_msgs/hook/cmake_prefix_path.dsv'
[0.870s] INFO:colcon.colcon_core.shell:Creating environment hook '/home/redpaladin/Projects/helios_ws/install/px4_msgs/share/px4_msgs/hook/cmake_prefix_path.sh'
[0.870s] Level 1:colcon.colcon_core.environment:checking '/home/redpaladin/Projects/helios_ws/install/px4_msgs/lib'
[0.870s] Level 1:colcon.colcon_core.shell:create_environment_hook('px4_msgs', 'ld_library_path_lib')
[0.870s] INFO:colcon.colcon_core.shell:Creating environment hook '/home/redpaladin/Projects/helios_ws/install/px4_msgs/share/px4_msgs/hook/ld_library_path_lib.ps1'
[0.870s] INFO:colcon.colcon_core.shell:Creating environment descriptor '/home/redpaladin/Projects/helios_ws/install/px4_msgs/share/px4_msgs/hook/ld_library_path_lib.dsv'
[0.870s] INFO:colcon.colcon_core.shell:Creating environment hook '/home/redpaladin/Projects/helios_ws/install/px4_msgs/share/px4_msgs/hook/ld_library_path_lib.sh'
[0.871s] Level 1:colcon.colcon_core.environment:checking '/home/redpaladin/Projects/helios_ws/install/px4_msgs/bin'
[0.871s] Level 1:colcon.colcon_core.environment:checking '/home/redpaladin/Projects/helios_ws/install/px4_msgs/lib/pkgconfig/px4_msgs.pc'
[0.871s] Level 1:colcon.colcon_core.environment:checking '/home/redpaladin/Projects/helios_ws/install/px4_msgs/lib/python3.10/site-packages'
[0.871s] Level 1:colcon.colcon_core.environment:checking '/home/redpaladin/Projects/helios_ws/install/px4_msgs/bin'
[0.871s] INFO:colcon.colcon_core.shell:Creating package script '/home/redpaladin/Projects/helios_ws/install/px4_msgs/share/px4_msgs/package.ps1'
[0.871s] INFO:colcon.colcon_core.shell:Creating package descriptor '/home/redpaladin/Projects/helios_ws/install/px4_msgs/share/px4_msgs/package.dsv'
[0.872s] INFO:colcon.colcon_core.shell:Creating package script '/home/redpaladin/Projects/helios_ws/install/px4_msgs/share/px4_msgs/package.sh'
[0.872s] INFO:colcon.colcon_core.shell:Creating package script '/home/redpaladin/Projects/helios_ws/install/px4_msgs/share/px4_msgs/package.bash'
[0.872s] INFO:colcon.colcon_core.shell:Creating package script '/home/redpaladin/Projects/helios_ws/install/px4_msgs/share/px4_msgs/package.zsh'
[0.872s] Level 1:colcon.colcon_core.environment:create_file_with_runtime_dependencies(/home/redpaladin/Projects/helios_ws/install/px4_msgs/share/colcon-core/packages/px4_msgs)
[0.872s] INFO:colcon.colcon_ros.task.ament_cmake.build:Building ROS package in '/home/redpaladin/Projects/helios_ws/src/px4_ros_com' with build type 'ament_cmake'
[0.872s] INFO:colcon.colcon_cmake.task.cmake.build:Building CMake package in '/home/redpaladin/Projects/helios_ws/src/px4_ros_com'
[0.873s] INFO:colcon.colcon_core.shell:Skip shell extension 'powershell' for command environment: Not usable outside of PowerShell
[0.873s] DEBUG:colcon.colcon_core.shell:Skip shell extension 'dsv' for command environment
[0.879s] DEBUG:colcon.colcon_core.event_handler.log_command:Invoking command in '/home/redpaladin/Projects/helios_ws/build/px4_ros_com': CMAKE_PREFIX_PATH=/home/redpaladin/Projects/helios_ws/install/px4_msgs:/home/redpaladin/Projects/helios_ws/install/px4_ros_com:/home/redpaladin/Projects/helios_ws/install/helios:/opt/ros/humble LD_LIBRARY_PATH=/home/redpaladin/Projects/helios_ws/install/px4_msgs/lib:/home/redpaladin/Projects/helios_ws/install/px4_ros_com/lib:/opt/ros/humble/opt/rviz_ogre_vendor/lib:/opt/ros/humble/lib/x86_64-linux-gnu:/opt/ros/humble/lib /usr/bin/cmake --build /home/redpaladin/Projects/helios_ws/build/px4_ros_com -- -j24 -l24
[1.069s] DEBUG:colcon.colcon_core.event_handler.log_command:Invoked command in '/home/redpaladin/Projects/helios_ws/build/px4_ros_com' returned '0': CMAKE_PREFIX_PATH=/home/redpaladin/Projects/helios_ws/install/px4_msgs:/home/redpaladin/Projects/helios_ws/install/px4_ros_com:/home/redpaladin/Projects/helios_ws/install/helios:/opt/ros/humble LD_LIBRARY_PATH=/home/redpaladin/Projects/helios_ws/install/px4_msgs/lib:/home/redpaladin/Projects/helios_ws/install/px4_ros_com/lib:/opt/ros/humble/opt/rviz_ogre_vendor/lib:/opt/ros/humble/lib/x86_64-linux-gnu:/opt/ros/humble/lib /usr/bin/cmake --build /home/redpaladin/Projects/helios_ws/build/px4_ros_com -- -j24 -l24
[1.070s] DEBUG:colcon.colcon_core.event_handler.log_command:Invoking command in '/home/redpaladin/Projects/helios_ws/build/px4_ros_com': CMAKE_PREFIX_PATH=/home/redpaladin/Projects/helios_ws/install/px4_msgs:/home/redpaladin/Projects/helios_ws/install/px4_ros_com:/home/redpaladin/Projects/helios_ws/install/helios:/opt/ros/humble LD_LIBRARY_PATH=/home/redpaladin/Projects/helios_ws/install/px4_msgs/lib:/home/redpaladin/Projects/helios_ws/install/px4_ros_com/lib:/opt/ros/humble/opt/rviz_ogre_vendor/lib:/opt/ros/humble/lib/x86_64-linux-gnu:/opt/ros/humble/lib /usr/bin/cmake --install /home/redpaladin/Projects/helios_ws/build/px4_ros_com
[1.098s] Level 1:colcon.colcon_core.environment:create_environment_scripts_only(px4_ros_com)
[1.098s] DEBUG:colcon.colcon_core.event_handler.log_command:Invoked command in '/home/redpaladin/Projects/helios_ws/build/px4_ros_com' returned '0': CMAKE_PREFIX_PATH=/home/redpaladin/Projects/helios_ws/install/px4_msgs:/home/redpaladin/Projects/helios_ws/install/px4_ros_com:/home/redpaladin/Projects/helios_ws/install/helios:/opt/ros/humble LD_LIBRARY_PATH=/home/redpaladin/Projects/helios_ws/install/px4_msgs/lib:/home/redpaladin/Projects/helios_ws/install/px4_ros_com/lib:/opt/ros/humble/opt/rviz_ogre_vendor/lib:/opt/ros/humble/lib/x86_64-linux-gnu:/opt/ros/humble/lib /usr/bin/cmake --install /home/redpaladin/Projects/helios_ws/build/px4_ros_com
[1.099s] Level 1:colcon.colcon_core.environment:checking '/home/redpaladin/Projects/helios_ws/install/px4_ros_com' for CMake module files
[1.099s] Level 1:colcon.colcon_core.environment:checking '/home/redpaladin/Projects/helios_ws/install/px4_ros_com' for CMake config files
[1.099s] Level 1:colcon.colcon_core.shell:create_environment_hook('px4_ros_com', 'cmake_prefix_path')
[1.099s] INFO:colcon.colcon_core.shell:Creating environment hook '/home/redpaladin/Projects/helios_ws/install/px4_ros_com/share/px4_ros_com/hook/cmake_prefix_path.ps1'
[1.100s] INFO:colcon.colcon_core.shell:Creating environment descriptor '/home/redpaladin/Projects/helios_ws/install/px4_ros_com/share/px4_ros_com/hook/cmake_prefix_path.dsv'
[1.100s] INFO:colcon.colcon_core.shell:Creating environment hook '/home/redpaladin/Projects/helios_ws/install/px4_ros_com/share/px4_ros_com/hook/cmake_prefix_path.sh'
[1.100s] Level 1:colcon.colcon_core.environment:checking '/home/redpaladin/Projects/helios_ws/install/px4_ros_com/lib'
[1.100s] Level 1:colcon.colcon_core.shell:create_environment_hook('px4_ros_com', 'ld_library_path_lib')
[1.100s] INFO:colcon.colcon_core.shell:Creating environment hook '/home/redpaladin/Projects/helios_ws/install/px4_ros_com/share/px4_ros_com/hook/ld_library_path_lib.ps1'
[1.100s] INFO:colcon.colcon_core.shell:Creating environment descriptor '/home/redpaladin/Projects/helios_ws/install/px4_ros_com/share/px4_ros_com/hook/ld_library_path_lib.dsv'
[1.101s] INFO:colcon.colcon_core.shell:Creating environment hook '/home/redpaladin/Projects/helios_ws/install/px4_ros_com/share/px4_ros_com/hook/ld_library_path_lib.sh'
[1.101s] Level 1:colcon.colcon_core.environment:checking '/home/redpaladin/Projects/helios_ws/install/px4_ros_com/bin'
[1.101s] Level 1:colcon.colcon_core.environment:checking '/home/redpaladin/Projects/helios_ws/install/px4_ros_com/lib/pkgconfig/px4_ros_com.pc'
[1.101s] Level 1:colcon.colcon_core.environment:checking '/home/redpaladin/Projects/helios_ws/install/px4_ros_com/lib/python3.10/site-packages'
[1.101s] Level 1:colcon.colcon_core.environment:checking '/home/redpaladin/Projects/helios_ws/install/px4_ros_com/bin'
[1.101s] INFO:colcon.colcon_core.shell:Creating package script '/home/redpaladin/Projects/helios_ws/install/px4_ros_com/share/px4_ros_com/package.ps1'
[1.101s] INFO:colcon.colcon_core.shell:Creating package descriptor '/home/redpaladin/Projects/helios_ws/install/px4_ros_com/share/px4_ros_com/package.dsv'
[1.102s] INFO:colcon.colcon_core.shell:Creating package script '/home/redpaladin/Projects/helios_ws/install/px4_ros_com/share/px4_ros_com/package.sh'
[1.102s] INFO:colcon.colcon_core.shell:Creating package script '/home/redpaladin/Projects/helios_ws/install/px4_ros_com/share/px4_ros_com/package.bash'
[1.102s] INFO:colcon.colcon_core.shell:Creating package script '/home/redpaladin/Projects/helios_ws/install/px4_ros_com/share/px4_ros_com/package.zsh'
[1.102s] Level 1:colcon.colcon_core.environment:create_file_with_runtime_dependencies(/home/redpaladin/Projects/helios_ws/install/px4_ros_com/share/colcon-core/packages/px4_ros_com)
[1.103s] Level 1:colcon.colcon_core.environment:create_environment_scripts_only(px4_ros_com)
[1.103s] Level 1:colcon.colcon_core.environment:checking '/home/redpaladin/Projects/helios_ws/install/px4_ros_com' for CMake module files
[1.103s] Level 1:colcon.colcon_core.environment:checking '/home/redpaladin/Projects/helios_ws/install/px4_ros_com' for CMake config files
[1.103s] Level 1:colcon.colcon_core.shell:create_environment_hook('px4_ros_com', 'cmake_prefix_path')
[1.103s] INFO:colcon.colcon_core.shell:Creating environment hook '/home/redpaladin/Projects/helios_ws/install/px4_ros_com/share/px4_ros_com/hook/cmake_prefix_path.ps1'
[1.103s] INFO:colcon.colcon_core.shell:Creating environment descriptor '/home/redpaladin/Projects/helios_ws/install/px4_ros_com/share/px4_ros_com/hook/cmake_prefix_path.dsv'
[1.104s] INFO:colcon.colcon_core.shell:Creating environment hook '/home/redpaladin/Projects/helios_ws/install/px4_ros_com/share/px4_ros_com/hook/cmake_prefix_path.sh'
[1.104s] Level 1:colcon.colcon_core.environment:checking '/home/redpaladin/Projects/helios_ws/install/px4_ros_com/lib'
[1.104s] Level 1:colcon.colcon_core.shell:create_environment_hook('px4_ros_com', 'ld_library_path_lib')
[1.104s] INFO:colcon.colcon_core.shell:Creating environment hook '/home/redpaladin/Projects/helios_ws/install/px4_ros_com/share/px4_ros_com/hook/ld_library_path_lib.ps1'
[1.104s] INFO:colcon.colcon_core.shell:Creating environment descriptor '/home/redpaladin/Projects/helios_ws/install/px4_ros_com/share/px4_ros_com/hook/ld_library_path_lib.dsv'
[1.104s] INFO:colcon.colcon_core.shell:Creating environment hook '/home/redpaladin/Projects/helios_ws/install/px4_ros_com/share/px4_ros_com/hook/ld_library_path_lib.sh'
[1.104s] Level 1:colcon.colcon_core.environment:checking '/home/redpaladin/Projects/helios_ws/install/px4_ros_com/bin'
[1.104s] Level 1:colcon.colcon_core.environment:checking '/home/redpaladin/Projects/helios_ws/install/px4_ros_com/lib/pkgconfig/px4_ros_com.pc'
[1.105s] Level 1:colcon.colcon_core.environment:checking '/home/redpaladin/Projects/helios_ws/install/px4_ros_com/lib/python3.10/site-packages'
[1.105s] Level 1:colcon.colcon_core.environment:checking '/home/redpaladin/Projects/helios_ws/install/px4_ros_com/bin'
[1.105s] INFO:colcon.colcon_core.shell:Creating package script '/home/redpaladin/Projects/helios_ws/install/px4_ros_com/share/px4_ros_com/package.ps1'
[1.105s] INFO:colcon.colcon_core.shell:Creating package descriptor '/home/redpaladin/Projects/helios_ws/install/px4_ros_com/share/px4_ros_com/package.dsv'
[1.105s] INFO:colcon.colcon_core.shell:Creating package script '/home/redpaladin/Projects/helios_ws/install/px4_ros_com/share/px4_ros_com/package.sh'
[1.106s] INFO:colcon.colcon_core.shell:Creating package script '/home/redpaladin/Projects/helios_ws/install/px4_ros_com/share/px4_ros_com/package.bash'
[1.106s] INFO:colcon.colcon_core.shell:Creating package script '/home/redpaladin/Projects/helios_ws/install/px4_ros_com/share/px4_ros_com/package.zsh'
[1.106s] Level 1:colcon.colcon_core.environment:create_file_with_runtime_dependencies(/home/redpaladin/Projects/helios_ws/install/px4_ros_com/share/colcon-core/packages/px4_ros_com)
[1.106s] DEBUG:colcon.colcon_parallel_executor.executor.parallel:closing loop
[1.106s] DEBUG:colcon.colcon_parallel_executor.executor.parallel:loop closed
[1.106s] DEBUG:colcon.colcon_parallel_executor.executor.parallel:run_until_complete finished with '0'
[1.106s] DEBUG:colcon.colcon_core.event_reactor:joining thread
[1.110s] INFO:colcon.colcon_core.plugin_system:Skipping extension 'colcon_notification.desktop_notification.terminal_notifier': Not used on non-Darwin systems
[1.110s] INFO:colcon.colcon_core.plugin_system:Skipping extension 'colcon_notification.desktop_notification.win32': Not used on non-Windows systems
[1.110s] INFO:colcon.colcon_notification.desktop_notification:Sending desktop notification using 'notify2'
[1.117s] DEBUG:colcon.colcon_core.event_reactor:joined thread
[1.117s] INFO:colcon.colcon_core.shell:Creating prefix script '/home/redpaladin/Projects/helios_ws/install/local_setup.ps1'
[1.118s] INFO:colcon.colcon_core.shell:Creating prefix util module '/home/redpaladin/Projects/helios_ws/install/_local_setup_util_ps1.py'
[1.118s] INFO:colcon.colcon_core.shell:Creating prefix chain script '/home/redpaladin/Projects/helios_ws/install/setup.ps1'
[1.119s] INFO:colcon.colcon_core.shell:Creating prefix script '/home/redpaladin/Projects/helios_ws/install/local_setup.sh'
[1.120s] INFO:colcon.colcon_core.shell:Creating prefix util module '/home/redpaladin/Projects/helios_ws/install/_local_setup_util_sh.py'
[1.120s] INFO:colcon.colcon_core.shell:Creating prefix chain script '/home/redpaladin/Projects/helios_ws/install/setup.sh'
[1.120s] INFO:colcon.colcon_core.shell:Creating prefix script '/home/redpaladin/Projects/helios_ws/install/local_setup.bash'
[1.121s] INFO:colcon.colcon_core.shell:Creating prefix chain script '/home/redpaladin/Projects/helios_ws/install/setup.bash'
[1.121s] INFO:colcon.colcon_core.shell:Creating prefix script '/home/redpaladin/Projects/helios_ws/install/local_setup.zsh'
[1.122s] INFO:colcon.colcon_core.shell:Creating prefix chain script '/home/redpaladin/Projects/helios_ws/install/setup.zsh'
