[0.425s] Invoking command in '/home/redpaladin/helios_ws/src/helios': PYTHONPATH=/home/redpaladin/helios_ws/build/helios/prefix_override:/home/redpaladin/.local/lib/python3.10/site-packages/colcon_core/task/python/colcon_distutils_commands:/home/redpaladin/helios_ws/install/helios/lib/python3.10/site-packages:${PYTHONPATH} /usr/bin/python3 -W ignore:setup.py install is deprecated setup.py egg_info --egg-base ../../build/helios build --build-base /home/redpaladin/helios_ws/build/helios/build install --record /home/redpaladin/helios_ws/build/helios/install.log --single-version-externally-managed install_data
[0.554s] running egg_info
[0.563s] writing ../../build/helios/helios.egg-info/PKG-INFO
[0.563s] writing dependency_links to ../../build/helios/helios.egg-info/dependency_links.txt
[0.564s] writing requirements to ../../build/helios/helios.egg-info/requires.txt
[0.564s] writing top-level names to ../../build/helios/helios.egg-info/top_level.txt
[0.583s] reading manifest file '../../build/helios/helios.egg-info/SOURCES.txt'
[0.584s] writing manifest file '../../build/helios/helios.egg-info/SOURCES.txt'
[0.584s] running build
[0.584s] running build_py
[0.584s] copying helios/__init__.py -> /home/redpaladin/helios_ws/build/helios/build/lib/helios
[0.585s] running install
[0.587s] running install_lib
[0.597s] running install_data
[0.597s] copying resource/helios -> /home/redpaladin/helios_ws/install/helios/share/ament_index/resource_index/packages
[0.597s] copying package.xml -> /home/redpaladin/helios_ws/install/helios/share/helios
[0.597s] copying launch/gazebo.launch.py -> /home/redpaladin/helios_ws/install/helios/share/helios/launch
[0.597s] running install_egg_info
[0.607s] removing '/home/redpaladin/helios_ws/install/helios/lib/python3.10/site-packages/helios-0.0.0-py3.10.egg-info' (and everything under it)
[0.607s] Copying ../../build/helios/helios.egg-info to /home/redpaladin/helios_ws/install/helios/lib/python3.10/site-packages/helios-0.0.0-py3.10.egg-info
[0.609s] running install_scripts
[0.674s] writing list of installed files to '/home/redpaladin/helios_ws/build/helios/install.log'
[0.689s] Invoked command in '/home/redpaladin/helios_ws/src/helios' returned '0': PYTHONPATH=/home/redpaladin/helios_ws/build/helios/prefix_override:/home/redpaladin/.local/lib/python3.10/site-packages/colcon_core/task/python/colcon_distutils_commands:/home/redpaladin/helios_ws/install/helios/lib/python3.10/site-packages:${PYTHONPATH} /usr/bin/python3 -W ignore:setup.py install is deprecated setup.py egg_info --egg-base ../../build/helios build --build-base /home/redpaladin/helios_ws/build/helios/build install --record /home/redpaladin/helios_ws/build/helios/install.log --single-version-externally-managed install_data
