[0.481s] Invoking command in '/home/redpaladin/Projects/helios_ws/src/helios': PYTHONPATH=/home/redpaladin/Projects/helios_ws/build/helios/prefix_override:/usr/lib/python3/dist-packages/colcon_core/task/python/colcon_distutils_commands:/home/redpaladin/Projects/helios_ws/install/helios/lib/python3.10/site-packages:${PYTHONPATH} /usr/bin/python3 -W ignore:setup.py install is deprecated -W ignore:easy_install command is deprecated setup.py egg_info --egg-base ../../build/helios build --build-base /home/redpaladin/Projects/helios_ws/build/helios/build install --record /home/redpaladin/Projects/helios_ws/build/helios/install.log --single-version-externally-managed install_data
[0.618s] running egg_info
[0.627s] writing ../../build/helios/helios.egg-info/PKG-INFO
[0.628s] writing dependency_links to ../../build/helios/helios.egg-info/dependency_links.txt
[0.628s] writing entry points to ../../build/helios/helios.egg-info/entry_points.txt
[0.628s] writing requirements to ../../build/helios/helios.egg-info/requires.txt
[0.628s] writing top-level names to ../../build/helios/helios.egg-info/top_level.txt
[0.645s] reading manifest file '../../build/helios/helios.egg-info/SOURCES.txt'
[0.645s] writing manifest file '../../build/helios/helios.egg-info/SOURCES.txt'
[0.645s] running build
[0.645s] running build_py
[0.646s] copying helios/helios_tf_publisher_updated.py -> /home/redpaladin/Projects/helios_ws/build/helios/build/lib/helios
[0.646s] running install
[0.649s] running install_lib
[0.657s] copying /home/redpaladin/Projects/helios_ws/build/helios/build/lib/helios/helios_tf_publisher_updated.py -> /home/redpaladin/Projects/helios_ws/install/helios/lib/python3.10/site-packages/helios
[0.658s] byte-compiling /home/redpaladin/Projects/helios_ws/install/helios/lib/python3.10/site-packages/helios/helios_tf_publisher_updated.py to helios_tf_publisher_updated.cpython-310.pyc
[0.658s] running install_data
[0.658s] running install_egg_info
[0.667s] removing '/home/redpaladin/Projects/helios_ws/install/helios/lib/python3.10/site-packages/helios-0.0.0-py3.10.egg-info' (and everything under it)
[0.669s] Copying ../../build/helios/helios.egg-info to /home/redpaladin/Projects/helios_ws/install/helios/lib/python3.10/site-packages/helios-0.0.0-py3.10.egg-info
[0.669s] running install_scripts
[0.767s] Installing helios_tf_publisher script to /home/redpaladin/Projects/helios_ws/install/helios/lib/helios
[0.767s] Installing helios_tf_publisher_updated script to /home/redpaladin/Projects/helios_ws/install/helios/lib/helios
[0.767s] Installing keyboard_control script to /home/redpaladin/Projects/helios_ws/install/helios/lib/helios
[0.767s] writing list of installed files to '/home/redpaladin/Projects/helios_ws/build/helios/install.log'
[0.781s] Invoked command in '/home/redpaladin/Projects/helios_ws/src/helios' returned '0': PYTHONPATH=/home/redpaladin/Projects/helios_ws/build/helios/prefix_override:/usr/lib/python3/dist-packages/colcon_core/task/python/colcon_distutils_commands:/home/redpaladin/Projects/helios_ws/install/helios/lib/python3.10/site-packages:${PYTHONPATH} /usr/bin/python3 -W ignore:setup.py install is deprecated -W ignore:easy_install command is deprecated setup.py egg_info --egg-base ../../build/helios build --build-base /home/redpaladin/Projects/helios_ws/build/helios/build install --record /home/redpaladin/Projects/helios_ws/build/helios/install.log --single-version-externally-managed install_data
