[0.462s] Invoking command in '/home/redpaladin/Projects/helios_ws/build/helios': PYTHONPATH=/home/redpaladin/Projects/helios_ws/build/helios/prefix_override:/usr/lib/python3/dist-packages/colcon_core/task/python/colcon_distutils_commands:/home/redpaladin/Projects/helios_ws/install/helios/lib/python3.10/site-packages:${PYTHONPATH} /usr/bin/python3 -W ignore:setup.py install is deprecated -W ignore:easy_install command is deprecated setup.py develop --uninstall --editable --build-directory /home/redpaladin/Projects/helios_ws/build/helios/build
[0.585s] running develop
[0.657s] Removing /home/redpaladin/Projects/helios_ws/install/helios/lib/python3.10/site-packages/helios.egg-link (link to .)
[0.672s] Invoked command in '/home/redpaladin/Projects/helios_ws/build/helios' returned '0': PYTHONPATH=/home/redpaladin/Projects/helios_ws/build/helios/prefix_override:/usr/lib/python3/dist-packages/colcon_core/task/python/colcon_distutils_commands:/home/redpaladin/Projects/helios_ws/install/helios/lib/python3.10/site-packages:${PYTHONPATH} /usr/bin/python3 -W ignore:setup.py install is deprecated -W ignore:easy_install command is deprecated setup.py develop --uninstall --editable --build-directory /home/redpaladin/Projects/helios_ws/build/helios/build
[0.673s] Invoking command in '/home/redpaladin/Projects/helios_ws/src/helios': PYTHONPATH=/home/redpaladin/Projects/helios_ws/build/helios/prefix_override:/usr/lib/python3/dist-packages/colcon_core/task/python/colcon_distutils_commands:/home/redpaladin/Projects/helios_ws/install/helios/lib/python3.10/site-packages:${PYTHONPATH} /usr/bin/python3 -W ignore:setup.py install is deprecated -W ignore:easy_install command is deprecated setup.py egg_info --egg-base ../../build/helios build --build-base /home/redpaladin/Projects/helios_ws/build/helios/build install --record /home/redpaladin/Projects/helios_ws/build/helios/install.log --single-version-externally-managed install_data --force
[0.787s] running egg_info
[0.787s] writing ../../build/helios/helios.egg-info/PKG-INFO
[0.788s] writing dependency_links to ../../build/helios/helios.egg-info/dependency_links.txt
[0.788s] writing entry points to ../../build/helios/helios.egg-info/entry_points.txt
[0.788s] writing requirements to ../../build/helios/helios.egg-info/requires.txt
[0.788s] writing top-level names to ../../build/helios/helios.egg-info/top_level.txt
[0.789s] reading manifest file '../../build/helios/helios.egg-info/SOURCES.txt'
[0.789s] writing manifest file '../../build/helios/helios.egg-info/SOURCES.txt'
[0.789s] running build
[0.789s] running build_py
[0.789s] copying helios/keyboard_control.py -> /home/redpaladin/Projects/helios_ws/build/helios/build/lib/helios
[0.789s] running install
[0.789s] running install_lib
[0.790s] copying /home/redpaladin/Projects/helios_ws/build/helios/build/lib/helios/keyboard_control.py -> /home/redpaladin/Projects/helios_ws/install/helios/lib/python3.10/site-packages/helios
[0.790s] byte-compiling /home/redpaladin/Projects/helios_ws/install/helios/lib/python3.10/site-packages/helios/keyboard_control.py to keyboard_control.cpython-310.pyc
[0.791s] running install_data
[0.791s] copying resource/helios -> /home/redpaladin/Projects/helios_ws/install/helios/share/ament_index/resource_index/packages
[0.791s] copying package.xml -> /home/redpaladin/Projects/helios_ws/install/helios/share/helios
[0.791s] copying launch/gazebo.launch.py -> /home/redpaladin/Projects/helios_ws/install/helios/share/helios/launch
[0.791s] running install_egg_info
[0.792s] removing '/home/redpaladin/Projects/helios_ws/install/helios/lib/python3.10/site-packages/helios-0.0.0-py3.10.egg-info' (and everything under it)
[0.792s] Copying ../../build/helios/helios.egg-info to /home/redpaladin/Projects/helios_ws/install/helios/lib/python3.10/site-packages/helios-0.0.0-py3.10.egg-info
[0.793s] running install_scripts
[0.803s] Installing helios_tf_publisher script to /home/redpaladin/Projects/helios_ws/install/helios/lib/helios
[0.803s] Installing keyboard_control script to /home/redpaladin/Projects/helios_ws/install/helios/lib/helios
[0.803s] writing list of installed files to '/home/redpaladin/Projects/helios_ws/build/helios/install.log'
[0.815s] Invoked command in '/home/redpaladin/Projects/helios_ws/src/helios' returned '0': PYTHONPATH=/home/redpaladin/Projects/helios_ws/build/helios/prefix_override:/usr/lib/python3/dist-packages/colcon_core/task/python/colcon_distutils_commands:/home/redpaladin/Projects/helios_ws/install/helios/lib/python3.10/site-packages:${PYTHONPATH} /usr/bin/python3 -W ignore:setup.py install is deprecated -W ignore:easy_install command is deprecated setup.py egg_info --egg-base ../../build/helios build --build-base /home/redpaladin/Projects/helios_ws/build/helios/build install --record /home/redpaladin/Projects/helios_ws/build/helios/install.log --single-version-externally-managed install_data --force
