[0.502s] Invoking command in '/home/redpaladin/Projects/helios_ws/src/helios': PYTHONPATH=/home/redpaladin/Projects/helios_ws/build/helios/prefix_override:/usr/lib/python3/dist-packages/colcon_core/task/python/colcon_distutils_commands:/home/redpaladin/Projects/helios_ws/install/helios/lib/python3.10/site-packages:${PYTHONPATH} /usr/bin/python3 -W ignore:setup.py install is deprecated -W ignore:easy_install command is deprecated setup.py egg_info --egg-base ../../build/helios build --build-base /home/redpaladin/Projects/helios_ws/build/helios/build install --record /home/redpaladin/Projects/helios_ws/build/helios/install.log --single-version-externally-managed install_data
[0.633s] running egg_info
[0.641s] writing ../../build/helios/helios.egg-info/PKG-INFO
[0.641s] writing dependency_links to ../../build/helios/helios.egg-info/dependency_links.txt
[0.641s] writing entry points to ../../build/helios/helios.egg-info/entry_points.txt
[0.642s] writing requirements to ../../build/helios/helios.egg-info/requires.txt
[0.642s] writing top-level names to ../../build/helios/helios.egg-info/top_level.txt
[0.658s] reading manifest file '../../build/helios/helios.egg-info/SOURCES.txt'
[0.659s] writing manifest file '../../build/helios/helios.egg-info/SOURCES.txt'
[0.659s] running build
[0.659s] running build_py
[0.659s] copying helios/dummy_rcp.py -> /home/redpaladin/Projects/helios_ws/build/helios/build/lib/helios
[0.659s] running install
[0.662s] running install_lib
[0.670s] copying /home/redpaladin/Projects/helios_ws/build/helios/build/lib/helios/dummy_rcp.py -> /home/redpaladin/Projects/helios_ws/install/helios/lib/python3.10/site-packages/helios
[0.671s] byte-compiling /home/redpaladin/Projects/helios_ws/install/helios/lib/python3.10/site-packages/helios/dummy_rcp.py to dummy_rcp.cpython-310.pyc
[0.671s] running install_data
[0.671s] running install_egg_info
[0.680s] removing '/home/redpaladin/Projects/helios_ws/install/helios/lib/python3.10/site-packages/helios-0.0.0-py3.10.egg-info' (and everything under it)
[0.680s] Copying ../../build/helios/helios.egg-info to /home/redpaladin/Projects/helios_ws/install/helios/lib/python3.10/site-packages/helios-0.0.0-py3.10.egg-info
[0.680s] running install_scripts
[0.774s] Installing helios_tf_publisher script to /home/redpaladin/Projects/helios_ws/install/helios/lib/helios
[0.774s] Installing helios_tf_publisher_updated script to /home/redpaladin/Projects/helios_ws/install/helios/lib/helios
[0.774s] Installing keyboard_control script to /home/redpaladin/Projects/helios_ws/install/helios/lib/helios
[0.774s] Installing robot_state_publisher script to /home/redpaladin/Projects/helios_ws/install/helios/lib/helios
[0.774s] writing list of installed files to '/home/redpaladin/Projects/helios_ws/build/helios/install.log'
[0.788s] Invoked command in '/home/redpaladin/Projects/helios_ws/src/helios' returned '0': PYTHONPATH=/home/redpaladin/Projects/helios_ws/build/helios/prefix_override:/usr/lib/python3/dist-packages/colcon_core/task/python/colcon_distutils_commands:/home/redpaladin/Projects/helios_ws/install/helios/lib/python3.10/site-packages:${PYTHONPATH} /usr/bin/python3 -W ignore:setup.py install is deprecated -W ignore:easy_install command is deprecated setup.py egg_info --egg-base ../../build/helios build --build-base /home/redpaladin/Projects/helios_ws/build/helios/build install --record /home/redpaladin/Projects/helios_ws/build/helios/install.log --single-version-externally-managed install_data
