[0.427s] Invoking command in '/home/redpaladin/Projects/helios_ws/src/helios': PYTHONPATH=/home/redpaladin/Projects/helios_ws/build/helios/prefix_override:/home/redpaladin/.local/lib/python3.10/site-packages/colcon_core/task/python/colcon_distutils_commands:/home/redpaladin/Projects/helios_ws/install/helios/lib/python3.10/site-packages:${PYTHONPATH} /usr/bin/python3 -W ignore:setup.py install is deprecated setup.py egg_info --egg-base ../../build/helios build --build-base /home/redpaladin/Projects/helios_ws/build/helios/build install --record /home/redpaladin/Projects/helios_ws/build/helios/install.log --single-version-externally-managed install_data
[0.558s] running egg_info
[0.566s] writing ../../build/helios/helios.egg-info/PKG-INFO
[0.566s] writing dependency_links to ../../build/helios/helios.egg-info/dependency_links.txt
[0.566s] writing entry points to ../../build/helios/helios.egg-info/entry_points.txt
[0.567s] writing requirements to ../../build/helios/helios.egg-info/requires.txt
[0.567s] writing top-level names to ../../build/helios/helios.egg-info/top_level.txt
[0.584s] reading manifest file '../../build/helios/helios.egg-info/SOURCES.txt'
[0.584s] writing manifest file '../../build/helios/helios.egg-info/SOURCES.txt'
[0.584s] running build
[0.585s] running build_py
[0.585s] copying helios/helios_tf_publisher.py -> /home/redpaladin/Projects/helios_ws/build/helios/build/lib/helios
[0.585s] copying helios/__init__.py -> /home/redpaladin/Projects/helios_ws/build/helios/build/lib/helios
[0.585s] running install
[0.588s] running install_lib
[0.595s] copying /home/redpaladin/Projects/helios_ws/build/helios/build/lib/helios/helios_tf_publisher.py -> /home/redpaladin/Projects/helios_ws/install/helios/lib/python3.10/site-packages/helios
[0.596s] byte-compiling /home/redpaladin/Projects/helios_ws/install/helios/lib/python3.10/site-packages/helios/helios_tf_publisher.py to helios_tf_publisher.cpython-310.pyc
[0.597s] running install_data
[0.597s] copying resource/helios -> /home/redpaladin/Projects/helios_ws/install/helios/share/ament_index/resource_index/packages
[0.597s] copying package.xml -> /home/redpaladin/Projects/helios_ws/install/helios/share/helios
[0.597s] copying launch/gazebo.launch.py -> /home/redpaladin/Projects/helios_ws/install/helios/share/helios/launch
[0.598s] running install_egg_info
[0.606s] removing '/home/redpaladin/Projects/helios_ws/install/helios/lib/python3.10/site-packages/helios-0.0.0-py3.10.egg-info' (and everything under it)
[0.606s] Copying ../../build/helios/helios.egg-info to /home/redpaladin/Projects/helios_ws/install/helios/lib/python3.10/site-packages/helios-0.0.0-py3.10.egg-info
[0.609s] running install_scripts
[0.679s] Installing helios_tf_publisher script to /home/redpaladin/Projects/helios_ws/install/helios/lib/helios
[0.679s] writing list of installed files to '/home/redpaladin/Projects/helios_ws/build/helios/install.log'
[0.694s] Invoked command in '/home/redpaladin/Projects/helios_ws/src/helios' returned '0': PYTHONPATH=/home/redpaladin/Projects/helios_ws/build/helios/prefix_override:/home/redpaladin/.local/lib/python3.10/site-packages/colcon_core/task/python/colcon_distutils_commands:/home/redpaladin/Projects/helios_ws/install/helios/lib/python3.10/site-packages:${PYTHONPATH} /usr/bin/python3 -W ignore:setup.py install is deprecated setup.py egg_info --egg-base ../../build/helios build --build-base /home/redpaladin/Projects/helios_ws/build/helios/build install --record /home/redpaladin/Projects/helios_ws/build/helios/install.log --single-version-externally-managed install_data
