[0.392s] Invoking command in '/home/redpaladin/Projects/helios_ws/src/helios': PYTHONPATH=/home/redpaladin/Projects/helios_ws/build/helios/prefix_override:/home/redpaladin/.local/lib/python3.10/site-packages/colcon_core/task/python/colcon_distutils_commands:/home/redpaladin/Projects/helios_ws/install/helios/lib/python3.10/site-packages:${PYTHONPATH} /usr/bin/python3 -W ignore:setup.py install is deprecated setup.py egg_info --egg-base ../../build/helios build --build-base /home/redpaladin/Projects/helios_ws/build/helios/build install --record /home/redpaladin/Projects/helios_ws/build/helios/install.log --single-version-externally-managed install_data
[0.516s] running egg_info
[0.523s] writing ../../build/helios/helios.egg-info/PKG-INFO
[0.524s] writing dependency_links to ../../build/helios/helios.egg-info/dependency_links.txt
[0.524s] writing requirements to ../../build/helios/helios.egg-info/requires.txt
[0.525s] writing top-level names to ../../build/helios/helios.egg-info/top_level.txt
[0.539s] reading manifest file '../../build/helios/helios.egg-info/SOURCES.txt'
[0.540s] writing manifest file '../../build/helios/helios.egg-info/SOURCES.txt'
[0.540s] running build
[0.540s] running build_py
[0.541s] copying helios/__init__.py -> /home/redpaladin/Projects/helios_ws/build/helios/build/lib/helios
[0.541s] running install
[0.543s] running install_lib
[0.550s] running install_data
[0.551s] copying resource/helios -> /home/redpaladin/Projects/helios_ws/install/helios/share/ament_index/resource_index/packages
[0.551s] copying package.xml -> /home/redpaladin/Projects/helios_ws/install/helios/share/helios
[0.551s] copying launch/gazebo.launch.py -> /home/redpaladin/Projects/helios_ws/install/helios/share/helios/launch
[0.551s] running install_egg_info
[0.559s] removing '/home/redpaladin/Projects/helios_ws/install/helios/lib/python3.10/site-packages/helios-0.0.0-py3.10.egg-info' (and everything under it)
[0.559s] Copying ../../build/helios/helios.egg-info to /home/redpaladin/Projects/helios_ws/install/helios/lib/python3.10/site-packages/helios-0.0.0-py3.10.egg-info
[0.560s] running install_scripts
[0.623s] writing list of installed files to '/home/redpaladin/Projects/helios_ws/build/helios/install.log'
[0.639s] Invoked command in '/home/redpaladin/Projects/helios_ws/src/helios' returned '0': PYTHONPATH=/home/redpaladin/Projects/helios_ws/build/helios/prefix_override:/home/redpaladin/.local/lib/python3.10/site-packages/colcon_core/task/python/colcon_distutils_commands:/home/redpaladin/Projects/helios_ws/install/helios/lib/python3.10/site-packages:${PYTHONPATH} /usr/bin/python3 -W ignore:setup.py install is deprecated setup.py egg_info --egg-base ../../build/helios build --build-base /home/redpaladin/Projects/helios_ws/build/helios/build install --record /home/redpaladin/Projects/helios_ws/build/helios/install.log --single-version-externally-managed install_data
