[0.599s] DEBUG:colcon:Command line arguments: ['/home/redpaladin/.local/bin/colcon', 'build']
[0.599s] DEBUG:colcon:Parsed command line arguments: Namespace(log_base=None, log_level=None, verb_name='build', build_base='build', install_base='install', merge_install=False, symlink_install=False, test_result_base=None, continue_on_error=False, executor='parallel', parallel_workers=24, event_handlers=None, ignore_user_meta=False, metas=['./colcon.meta'], base_paths=['.'], packages_ignore=None, packages_ignore_regex=None, paths=None, packages_up_to=None, packages_up_to_regex=None, packages_above=None, packages_above_and_dependencies=None, packages_above_depth=None, packages_select_by_dep=None, packages_skip_by_dep=None, packages_skip_up_to=None, packages_select_build_failed=False, packages_skip_build_finished=False, packages_select_test_failures=False, packages_skip_test_passed=False, packages_select=None, packages_skip=None, packages_select_regex=None, packages_skip_regex=None, packages_start=None, packages_end=None, allow_overriding=[], cmake_args=None, cmake_target=None, cmake_target_skip_unavailable=False, cmake_clean_cache=False, cmake_clean_first=False, cmake_force_configure=False, ament_cmake_args=None, catkin_cmake_args=None, catkin_skip_building_tests=False, verb_parser=<colcon_defaults.argument_parser.defaults.DefaultArgumentsDecorator object at 0x7fd9a841a9e0>, verb_extension=<colcon_core.verb.build.BuildVerb object at 0x7fd9a877fbb0>, main=<bound method BuildVerb.main of <colcon_core.verb.build.BuildVerb object at 0x7fd9a877fbb0>>)
[21.901s] Level 1:colcon.colcon_core.package_discovery:discover_packages(colcon_meta) check parameters
[21.902s] Level 1:colcon.colcon_core.package_discovery:discover_packages(recursive) check parameters
[21.902s] Level 1:colcon.colcon_core.package_discovery:discover_packages(ignore) check parameters
[21.902s] Level 1:colcon.colcon_core.package_discovery:discover_packages(path) check parameters
[21.902s] Level 1:colcon.colcon_core.package_discovery:discover_packages(colcon_meta) discover
[21.902s] Level 1:colcon.colcon_core.package_discovery:discover_packages(recursive) discover
[21.902s] INFO:colcon.colcon_core.package_discovery:Crawling recursively for packages in '/home/redpaladin/Projects/helios_ws'
[21.903s] Level 1:colcon.colcon_core.package_identification:_identify(.) by extensions ['ignore', 'ignore_ament_install']
[21.903s] Level 1:colcon.colcon_core.package_identification:_identify(.) by extension 'ignore'
[21.903s] Level 1:colcon.colcon_core.package_identification:_identify(.) by extension 'ignore_ament_install'
[21.903s] Level 1:colcon.colcon_core.package_identification:_identify(.) by extensions ['colcon_pkg']
[21.903s] Level 1:colcon.colcon_core.package_identification:_identify(.) by extension 'colcon_pkg'
[21.904s] Level 1:colcon.colcon_core.package_identification:_identify(.) by extensions ['colcon_meta']
[21.904s] Level 1:colcon.colcon_core.package_identification:_identify(.) by extension 'colcon_meta'
[21.904s] Level 1:colcon.colcon_core.package_identification:_identify(.) by extensions ['ros']
[21.904s] Level 1:colcon.colcon_core.package_identification:_identify(.) by extension 'ros'
[21.939s] Level 1:colcon.colcon_core.package_identification:_identify(.) by extensions ['cmake', 'python']
[21.939s] Level 1:colcon.colcon_core.package_identification:_identify(.) by extension 'cmake'
[21.939s] Level 1:colcon.colcon_core.package_identification:_identify(.) by extension 'python'
[21.939s] Level 1:colcon.colcon_core.package_identification:_identify(.) by extensions ['python_setup_py']
[21.940s] Level 1:colcon.colcon_core.package_identification:_identify(.) by extension 'python_setup_py'
[21.940s] Level 1:colcon.colcon_core.package_identification:_identify(build) by extensions ['ignore', 'ignore_ament_install']
[21.940s] Level 1:colcon.colcon_core.package_identification:_identify(build) by extension 'ignore'
[21.940s] Level 1:colcon.colcon_core.package_identification:_identify(build) ignored
[21.941s] Level 1:colcon.colcon_core.package_identification:_identify(install) by extensions ['ignore', 'ignore_ament_install']
[21.941s] Level 1:colcon.colcon_core.package_identification:_identify(install) by extension 'ignore'
[21.941s] Level 1:colcon.colcon_core.package_identification:_identify(install) ignored
[21.942s] Level 1:colcon.colcon_core.package_identification:_identify(log) by extensions ['ignore', 'ignore_ament_install']
[21.942s] Level 1:colcon.colcon_core.package_identification:_identify(log) by extension 'ignore'
[21.943s] Level 1:colcon.colcon_core.package_identification:_identify(log) ignored
[21.943s] Level 1:colcon.colcon_core.package_identification:_identify(src) by extensions ['ignore', 'ignore_ament_install']
[21.943s] Level 1:colcon.colcon_core.package_identification:_identify(src) by extension 'ignore'
[21.943s] Level 1:colcon.colcon_core.package_identification:_identify(src) by extension 'ignore_ament_install'
[21.944s] Level 1:colcon.colcon_core.package_identification:_identify(src) by extensions ['colcon_pkg']
[21.944s] Level 1:colcon.colcon_core.package_identification:_identify(src) by extension 'colcon_pkg'
[21.944s] Level 1:colcon.colcon_core.package_identification:_identify(src) by extensions ['colcon_meta']
[21.944s] Level 1:colcon.colcon_core.package_identification:_identify(src) by extension 'colcon_meta'
[21.944s] Level 1:colcon.colcon_core.package_identification:_identify(src) by extensions ['ros']
[21.944s] Level 1:colcon.colcon_core.package_identification:_identify(src) by extension 'ros'
[21.944s] Level 1:colcon.colcon_core.package_identification:_identify(src) by extensions ['cmake', 'python']
[21.944s] Level 1:colcon.colcon_core.package_identification:_identify(src) by extension 'cmake'
[21.945s] Level 1:colcon.colcon_core.package_identification:_identify(src) by extension 'python'
[21.945s] Level 1:colcon.colcon_core.package_identification:_identify(src) by extensions ['python_setup_py']
[21.945s] Level 1:colcon.colcon_core.package_identification:_identify(src) by extension 'python_setup_py'
[21.945s] Level 1:colcon.colcon_core.package_identification:_identify(src/helios) by extensions ['ignore', 'ignore_ament_install']
[21.945s] Level 1:colcon.colcon_core.package_identification:_identify(src/helios) by extension 'ignore'
[21.945s] Level 1:colcon.colcon_core.package_identification:_identify(src/helios) by extension 'ignore_ament_install'
[21.946s] Level 1:colcon.colcon_core.package_identification:_identify(src/helios) by extensions ['colcon_pkg']
[21.946s] Level 1:colcon.colcon_core.package_identification:_identify(src/helios) by extension 'colcon_pkg'
[21.946s] Level 1:colcon.colcon_core.package_identification:_identify(src/helios) by extensions ['colcon_meta']
[21.946s] Level 1:colcon.colcon_core.package_identification:_identify(src/helios) by extension 'colcon_meta'
[21.946s] Level 1:colcon.colcon_core.package_identification:_identify(src/helios) by extensions ['ros']
[21.946s] Level 1:colcon.colcon_core.package_identification:_identify(src/helios) by extension 'ros'
[21.954s] DEBUG:colcon.colcon_core.package_identification:Package 'src/helios' with type 'ros.ament_python' and name 'helios'
[21.955s] Level 1:colcon.colcon_core.package_discovery:discover_packages(recursive) using defaults
[21.955s] Level 1:colcon.colcon_core.package_discovery:discover_packages(ignore) discover
[21.955s] Level 1:colcon.colcon_core.package_discovery:discover_packages(ignore) using defaults
[21.955s] Level 1:colcon.colcon_core.package_discovery:discover_packages(path) discover
[21.955s] Level 1:colcon.colcon_core.package_discovery:discover_packages(path) using defaults
[0.835s] Level 1:colcon.colcon_core.package_discovery:discover_packages(prefix_path) check parameters
[0.836s] Level 1:colcon.colcon_core.package_discovery:discover_packages(prefix_path) discover
[0.859s] DEBUG:colcon.colcon_installed_package_information.package_discovery:Found 1 installed packages in /home/redpaladin/Projects/helios_ws/install
[0.861s] DEBUG:colcon.colcon_installed_package_information.package_discovery:Found 7 installed packages in /home/redpaladin/robot_task_ws/install
[0.863s] DEBUG:colcon.colcon_installed_package_information.package_discovery:Found 1 installed packages in /home/redpaladin/ros2_ws_test/install
[0.866s] DEBUG:colcon.colcon_installed_package_information.package_discovery:Found 307 installed packages in /opt/ros/humble
[0.871s] Level 1:colcon.colcon_core.package_discovery:discover_packages(prefix_path) using defaults
[1.009s] Level 5:colcon.colcon_core.verb:set package 'helios' build argument 'cmake_args' from command line to 'None'
[1.009s] Level 5:colcon.colcon_core.verb:set package 'helios' build argument 'cmake_target' from command line to 'None'
[1.009s] Level 5:colcon.colcon_core.verb:set package 'helios' build argument 'cmake_target_skip_unavailable' from command line to 'False'
[1.009s] Level 5:colcon.colcon_core.verb:set package 'helios' build argument 'cmake_clean_cache' from command line to 'False'
[1.009s] Level 5:colcon.colcon_core.verb:set package 'helios' build argument 'cmake_clean_first' from command line to 'False'
[1.009s] Level 5:colcon.colcon_core.verb:set package 'helios' build argument 'cmake_force_configure' from command line to 'False'
[1.009s] Level 5:colcon.colcon_core.verb:set package 'helios' build argument 'ament_cmake_args' from command line to 'None'
[1.009s] Level 5:colcon.colcon_core.verb:set package 'helios' build argument 'catkin_cmake_args' from command line to 'None'
[1.010s] Level 5:colcon.colcon_core.verb:set package 'helios' build argument 'catkin_skip_building_tests' from command line to 'False'
[1.010s] DEBUG:colcon.colcon_core.verb:Building package 'helios' with the following arguments: {'ament_cmake_args': None, 'build_base': '/home/redpaladin/Projects/helios_ws/build/helios', 'catkin_cmake_args': None, 'catkin_skip_building_tests': False, 'cmake_args': None, 'cmake_clean_cache': False, 'cmake_clean_first': False, 'cmake_force_configure': False, 'cmake_target': None, 'cmake_target_skip_unavailable': False, 'install_base': '/home/redpaladin/Projects/helios_ws/install/helios', 'merge_install': False, 'path': '/home/redpaladin/Projects/helios_ws/src/helios', 'symlink_install': False, 'test_result_base': None}
[1.010s] INFO:colcon.colcon_core.executor:Executing jobs using 'parallel' executor
[1.013s] DEBUG:colcon.colcon_parallel_executor.executor.parallel:run_until_complete
[1.014s] INFO:colcon.colcon_ros.task.ament_python.build:Building ROS package in '/home/redpaladin/Projects/helios_ws/src/helios' with build type 'ament_python'
[1.015s] Level 1:colcon.colcon_core.shell:create_environment_hook('helios', 'ament_prefix_path')
[1.026s] INFO:colcon.colcon_core.plugin_system:Skipping extension 'colcon_core.shell.bat': Not used on non-Windows systems
[1.027s] INFO:colcon.colcon_core.shell:Creating environment hook '/home/redpaladin/Projects/helios_ws/install/helios/share/helios/hook/ament_prefix_path.ps1'
[1.030s] INFO:colcon.colcon_core.shell:Creating environment descriptor '/home/redpaladin/Projects/helios_ws/install/helios/share/helios/hook/ament_prefix_path.dsv'
[1.033s] INFO:colcon.colcon_core.shell:Creating environment hook '/home/redpaladin/Projects/helios_ws/install/helios/share/helios/hook/ament_prefix_path.sh'
[1.035s] INFO:colcon.colcon_core.shell:Skip shell extension 'powershell' for command environment: Not usable outside of PowerShell
[1.035s] DEBUG:colcon.colcon_core.shell:Skip shell extension 'dsv' for command environment
[1.426s] INFO:colcon.colcon_core.task.python.build:Building Python package in '/home/redpaladin/Projects/helios_ws/src/helios'
[1.427s] INFO:colcon.colcon_core.shell:Skip shell extension 'powershell' for command environment: Not usable outside of PowerShell
[1.427s] DEBUG:colcon.colcon_core.shell:Skip shell extension 'dsv' for command environment
[3.122s] DEBUG:colcon.colcon_core.event_handler.log_command:Invoking command in '/home/redpaladin/Projects/helios_ws/src/helios': PYTHONPATH=/home/redpaladin/Projects/helios_ws/build/helios/prefix_override:/home/redpaladin/.local/lib/python3.10/site-packages/colcon_core/task/python/colcon_distutils_commands:/home/redpaladin/Projects/helios_ws/install/helios/lib/python3.10/site-packages:${PYTHONPATH} /usr/bin/python3 -W ignore:setup.py install is deprecated setup.py egg_info --egg-base ../../build/helios build --build-base /home/redpaladin/Projects/helios_ws/build/helios/build install --record /home/redpaladin/Projects/helios_ws/build/helios/install.log --single-version-externally-managed install_data
[3.944s] DEBUG:colcon.colcon_core.event_handler.log_command:Invoked command in '/home/redpaladin/Projects/helios_ws/src/helios' returned '0': PYTHONPATH=/home/redpaladin/Projects/helios_ws/build/helios/prefix_override:/home/redpaladin/.local/lib/python3.10/site-packages/colcon_core/task/python/colcon_distutils_commands:/home/redpaladin/Projects/helios_ws/install/helios/lib/python3.10/site-packages:${PYTHONPATH} /usr/bin/python3 -W ignore:setup.py install is deprecated setup.py egg_info --egg-base ../../build/helios build --build-base /home/redpaladin/Projects/helios_ws/build/helios/build install --record /home/redpaladin/Projects/helios_ws/build/helios/install.log --single-version-externally-managed install_data
[3.958s] Level 1:colcon.colcon_core.environment:checking '/home/redpaladin/Projects/helios_ws/install/helios' for CMake module files
[3.959s] Level 1:colcon.colcon_core.environment:checking '/home/redpaladin/Projects/helios_ws/install/helios' for CMake config files
[3.962s] Level 1:colcon.colcon_core.environment:checking '/home/redpaladin/Projects/helios_ws/install/helios/lib'
[3.962s] Level 1:colcon.colcon_core.environment:checking '/home/redpaladin/Projects/helios_ws/install/helios/bin'
[3.962s] Level 1:colcon.colcon_core.environment:checking '/home/redpaladin/Projects/helios_ws/install/helios/lib/pkgconfig/helios.pc'
[3.963s] Level 1:colcon.colcon_core.environment:checking '/home/redpaladin/Projects/helios_ws/install/helios/lib/python3.10/site-packages'
[3.963s] Level 1:colcon.colcon_core.shell:create_environment_hook('helios', 'pythonpath')
[3.964s] INFO:colcon.colcon_core.shell:Creating environment hook '/home/redpaladin/Projects/helios_ws/install/helios/share/helios/hook/pythonpath.ps1'
[3.965s] INFO:colcon.colcon_core.shell:Creating environment descriptor '/home/redpaladin/Projects/helios_ws/install/helios/share/helios/hook/pythonpath.dsv'
[3.966s] INFO:colcon.colcon_core.shell:Creating environment hook '/home/redpaladin/Projects/helios_ws/install/helios/share/helios/hook/pythonpath.sh'
[3.967s] Level 1:colcon.colcon_core.environment:checking '/home/redpaladin/Projects/helios_ws/install/helios/bin'
[3.967s] Level 1:colcon.colcon_core.environment:create_environment_scripts_only(helios)
[3.967s] INFO:colcon.colcon_core.shell:Creating package script '/home/redpaladin/Projects/helios_ws/install/helios/share/helios/package.ps1'
[3.970s] INFO:colcon.colcon_core.shell:Creating package descriptor '/home/redpaladin/Projects/helios_ws/install/helios/share/helios/package.dsv'
[3.971s] INFO:colcon.colcon_core.shell:Creating package script '/home/redpaladin/Projects/helios_ws/install/helios/share/helios/package.sh'
[3.973s] INFO:colcon.colcon_core.shell:Creating package script '/home/redpaladin/Projects/helios_ws/install/helios/share/helios/package.bash'
[3.975s] INFO:colcon.colcon_core.shell:Creating package script '/home/redpaladin/Projects/helios_ws/install/helios/share/helios/package.zsh'
[3.976s] Level 1:colcon.colcon_core.environment:create_file_with_runtime_dependencies(/home/redpaladin/Projects/helios_ws/install/helios/share/colcon-core/packages/helios)
[3.978s] DEBUG:colcon.colcon_parallel_executor.executor.parallel:closing loop
[3.979s] DEBUG:colcon.colcon_parallel_executor.executor.parallel:loop closed
[3.979s] DEBUG:colcon.colcon_parallel_executor.executor.parallel:run_until_complete finished with '0'
[3.980s] DEBUG:colcon.colcon_core.event_reactor:joining thread
[4.078s] INFO:colcon.colcon_core.plugin_system:Skipping extension 'colcon_notification.desktop_notification.notify_send': Could not find 'notify-send'
[4.079s] INFO:colcon.colcon_core.plugin_system:Skipping extension 'colcon_notification.desktop_notification.terminal_notifier': Not used on non-Darwin systems
[4.079s] INFO:colcon.colcon_core.plugin_system:Skipping extension 'colcon_notification.desktop_notification.win32': Not used on non-Windows systems
[4.079s] INFO:colcon.colcon_notification.desktop_notification:Sending desktop notification using 'notify2'
[4.093s] DEBUG:colcon.colcon_notification.desktop_notification.notify2:Failed to initialize notify2: org.freedesktop.DBus.Error.ServiceUnknown: The name org.freedesktop.Notifications was not provided by any .service files
[4.093s] DEBUG:colcon.colcon_core.event_reactor:joined thread
[4.094s] INFO:colcon.colcon_core.shell:Creating prefix script '/home/redpaladin/Projects/helios_ws/install/local_setup.ps1'
[4.096s] INFO:colcon.colcon_core.shell:Creating prefix util module '/home/redpaladin/Projects/helios_ws/install/_local_setup_util_ps1.py'
[4.099s] INFO:colcon.colcon_core.shell:Creating prefix chain script '/home/redpaladin/Projects/helios_ws/install/setup.ps1'
[4.101s] INFO:colcon.colcon_core.shell:Creating prefix script '/home/redpaladin/Projects/helios_ws/install/local_setup.sh'
[4.103s] INFO:colcon.colcon_core.shell:Creating prefix util module '/home/redpaladin/Projects/helios_ws/install/_local_setup_util_sh.py'
[4.104s] INFO:colcon.colcon_core.shell:Creating prefix chain script '/home/redpaladin/Projects/helios_ws/install/setup.sh'
[4.107s] INFO:colcon.colcon_core.shell:Creating prefix script '/home/redpaladin/Projects/helios_ws/install/local_setup.bash'
[4.109s] INFO:colcon.colcon_core.shell:Creating prefix chain script '/home/redpaladin/Projects/helios_ws/install/setup.bash'
[4.111s] INFO:colcon.colcon_core.shell:Creating prefix script '/home/redpaladin/Projects/helios_ws/install/local_setup.zsh'
[4.114s] INFO:colcon.colcon_core.shell:Creating prefix chain script '/home/redpaladin/Projects/helios_ws/install/setup.zsh'
