[2.106s] Invoking command in '/home/redpaladin/helios_ws/src/helios': PYTHONPATH=/home/redpaladin/helios_ws/build/helios/prefix_override:/home/redpaladin/.local/lib/python3.10/site-packages/colcon_core/task/python/colcon_distutils_commands:/home/redpaladin/helios_ws/install/helios/lib/python3.10/site-packages:${PYTHONPATH} /usr/bin/python3 -W ignore:setup.py install is deprecated setup.py egg_info --egg-base ../../build/helios build --build-base /home/redpaladin/helios_ws/build/helios/build install --record /home/redpaladin/helios_ws/build/helios/install.log --single-version-externally-managed install_data
[2.507s] running egg_info
[2.526s] writing ../../build/helios/helios.egg-info/PKG-INFO
[2.538s] writing dependency_links to ../../build/helios/helios.egg-info/dependency_links.txt
[2.539s] writing entry points to ../../build/helios/helios.egg-info/entry_points.txt
[2.539s] writing requirements to ../../build/helios/helios.egg-info/requires.txt
[2.540s] writing top-level names to ../../build/helios/helios.egg-info/top_level.txt
[2.584s] reading manifest file '../../build/helios/helios.egg-info/SOURCES.txt'
[2.587s] writing manifest file '../../build/helios/helios.egg-info/SOURCES.txt'
[2.588s] running build
[2.588s] running build_py
[2.588s] copying helios/helios_tf_publisher.py -> /home/redpaladin/helios_ws/build/helios/build/lib/helios
[2.590s] copying helios/__init__.py -> /home/redpaladin/helios_ws/build/helios/build/lib/helios
[2.591s] running install
[2.598s] running install_lib
[2.630s] running install_data
[2.630s] copying resource/helios -> /home/redpaladin/helios_ws/install/helios/share/ament_index/resource_index/packages
[2.631s] copying package.xml -> /home/redpaladin/helios_ws/install/helios/share/helios
[2.632s] copying launch/gazebo.launch.py -> /home/redpaladin/helios_ws/install/helios/share/helios/launch
[2.633s] running install_egg_info
[2.660s] removing '/home/redpaladin/helios_ws/install/helios/lib/python3.10/site-packages/helios-0.0.0-py3.10.egg-info' (and everything under it)
[2.663s] Copying ../../build/helios/helios.egg-info to /home/redpaladin/helios_ws/install/helios/lib/python3.10/site-packages/helios-0.0.0-py3.10.egg-info
[2.666s] running install_scripts
[2.888s] Installing helios_tf_publisher script to /home/redpaladin/helios_ws/install/helios/lib/helios
[2.889s] writing list of installed files to '/home/redpaladin/helios_ws/build/helios/install.log'
[2.929s] Invoked command in '/home/redpaladin/helios_ws/src/helios' returned '0': PYTHONPATH=/home/redpaladin/helios_ws/build/helios/prefix_override:/home/redpaladin/.local/lib/python3.10/site-packages/colcon_core/task/python/colcon_distutils_commands:/home/redpaladin/helios_ws/install/helios/lib/python3.10/site-packages:${PYTHONPATH} /usr/bin/python3 -W ignore:setup.py install is deprecated setup.py egg_info --egg-base ../../build/helios build --build-base /home/redpaladin/helios_ws/build/helios/build install --record /home/redpaladin/helios_ws/build/helios/install.log --single-version-externally-managed install_data
