[0.797s] Invoking command in '/home/redpaladin/helios_ws/src/helios': PYTHONPATH=/home/redpaladin/helios_ws/build/helios/prefix_override:/home/redpaladin/.local/lib/python3.10/site-packages/colcon_core/task/python/colcon_distutils_commands:/home/redpaladin/helios_ws/install/helios/lib/python3.10/site-packages:${PYTHONPATH} /usr/bin/python3 -W ignore:setup.py install is deprecated setup.py egg_info --egg-base ../../build/helios build --build-base /home/redpaladin/helios_ws/build/helios/build install --record /home/redpaladin/helios_ws/build/helios/install.log --single-version-externally-managed install_data
[0.929s] running egg_info
[0.936s] writing ../../build/helios/helios.egg-info/PKG-INFO
[0.936s] writing dependency_links to ../../build/helios/helios.egg-info/dependency_links.txt
[0.937s] writing requirements to ../../build/helios/helios.egg-info/requires.txt
[0.937s] writing top-level names to ../../build/helios/helios.egg-info/top_level.txt
[0.952s] reading manifest file '../../build/helios/helios.egg-info/SOURCES.txt'
[0.953s] writing manifest file '../../build/helios/helios.egg-info/SOURCES.txt'
[0.953s] running build
[0.953s] running build_py
[0.953s] copying helios/__init__.py -> /home/redpaladin/helios_ws/build/helios/build/lib/helios
[0.953s] running install
[0.956s] running install_lib
[0.963s] running install_data
[0.964s] copying resource/helios -> /home/redpaladin/helios_ws/install/helios/share/ament_index/resource_index/packages
[0.964s] copying package.xml -> /home/redpaladin/helios_ws/install/helios/share/helios
[0.964s] copying launch/gazebo.launch.py -> /home/redpaladin/helios_ws/install/helios/share/helios/launch
[0.964s] running install_egg_info
[0.971s] removing '/home/redpaladin/helios_ws/install/helios/lib/python3.10/site-packages/helios-0.0.0-py3.10.egg-info' (and everything under it)
[0.972s] Copying ../../build/helios/helios.egg-info to /home/redpaladin/helios_ws/install/helios/lib/python3.10/site-packages/helios-0.0.0-py3.10.egg-info
[0.974s] running install_scripts
[1.041s] writing list of installed files to '/home/redpaladin/helios_ws/build/helios/install.log'
[1.056s] Invoked command in '/home/redpaladin/helios_ws/src/helios' returned '0': PYTHONPATH=/home/redpaladin/helios_ws/build/helios/prefix_override:/home/redpaladin/.local/lib/python3.10/site-packages/colcon_core/task/python/colcon_distutils_commands:/home/redpaladin/helios_ws/install/helios/lib/python3.10/site-packages:${PYTHONPATH} /usr/bin/python3 -W ignore:setup.py install is deprecated setup.py egg_info --egg-base ../../build/helios build --build-base /home/redpaladin/helios_ws/build/helios/build install --record /home/redpaladin/helios_ws/build/helios/install.log --single-version-externally-managed install_data
