[0.759s] Invoking command in '/home/redpaladin/Projects/helios_ws/src/helios': PYTHONPATH=/home/redpaladin/Projects/helios_ws/build/helios/prefix_override:/home/redpaladin/.local/lib/python3.10/site-packages/colcon_core/task/python/colcon_distutils_commands:/home/redpaladin/Projects/helios_ws/install/helios/lib/python3.10/site-packages:${PYTHONPATH} /usr/bin/python3 -W ignore:setup.py install is deprecated setup.py egg_info --egg-base ../../build/helios build --build-base /home/redpaladin/Projects/helios_ws/build/helios/build install --record /home/redpaladin/Projects/helios_ws/build/helios/install.log --single-version-externally-managed install_data
[0.896s] running egg_info
[0.904s] writing ../../build/helios/helios.egg-info/PKG-INFO
[0.905s] writing dependency_links to ../../build/helios/helios.egg-info/dependency_links.txt
[0.905s] writing requirements to ../../build/helios/helios.egg-info/requires.txt
[0.906s] writing top-level names to ../../build/helios/helios.egg-info/top_level.txt
[0.921s] reading manifest file '../../build/helios/helios.egg-info/SOURCES.txt'
[0.922s] writing manifest file '../../build/helios/helios.egg-info/SOURCES.txt'
[0.923s] running build
[0.923s] running build_py
[0.923s] copying helios/__init__.py -> /home/redpaladin/Projects/helios_ws/build/helios/build/lib/helios
[0.923s] running install
[0.926s] running install_lib
[0.934s] running install_data
[0.934s] copying resource/helios -> /home/redpaladin/Projects/helios_ws/install/helios/share/ament_index/resource_index/packages
[0.935s] copying package.xml -> /home/redpaladin/Projects/helios_ws/install/helios/share/helios
[0.935s] copying launch/gazebo.launch.py -> /home/redpaladin/Projects/helios_ws/install/helios/share/helios/launch
[0.935s] running install_egg_info
[0.943s] removing '/home/redpaladin/Projects/helios_ws/install/helios/lib/python3.10/site-packages/helios-0.0.0-py3.10.egg-info' (and everything under it)
[0.943s] Copying ../../build/helios/helios.egg-info to /home/redpaladin/Projects/helios_ws/install/helios/lib/python3.10/site-packages/helios-0.0.0-py3.10.egg-info
[0.945s] running install_scripts
[1.018s] writing list of installed files to '/home/redpaladin/Projects/helios_ws/build/helios/install.log'
[1.037s] Invoked command in '/home/redpaladin/Projects/helios_ws/src/helios' returned '0': PYTHONPATH=/home/redpaladin/Projects/helios_ws/build/helios/prefix_override:/home/redpaladin/.local/lib/python3.10/site-packages/colcon_core/task/python/colcon_distutils_commands:/home/redpaladin/Projects/helios_ws/install/helios/lib/python3.10/site-packages:${PYTHONPATH} /usr/bin/python3 -W ignore:setup.py install is deprecated setup.py egg_info --egg-base ../../build/helios build --build-base /home/redpaladin/Projects/helios_ws/build/helios/build install --record /home/redpaladin/Projects/helios_ws/build/helios/install.log --single-version-externally-managed install_data
