[0.006s] Invoking command in '/home/redpaladin/Projects/helios_ws/build/px4_ros_com': CMAKE_PREFIX_PATH=/home/redpaladin/Projects/helios_ws/install/px4_msgs:/home/redpaladin/Projects/helios_ws/install/px4_ros_com:/home/redpaladin/Projects/helios_ws/install/helios:/opt/ros/humble LD_LIBRARY_PATH=/home/redpaladin/Projects/helios_ws/install/px4_msgs/lib:/home/redpaladin/Projects/helios_ws/install/px4_ros_com/lib:/opt/ros/humble/opt/rviz_ogre_vendor/lib:/opt/ros/humble/lib/x86_64-linux-gnu:/opt/ros/humble/lib /usr/bin/cmake --build /home/redpaladin/Projects/helios_ws/build/px4_ros_com -- -j24 -l24
[0.043s] [ 16%] Built target frame_transforms
[0.044s] [ 33%] Built target sensor_combined_listener
[0.044s] [ 50%] Built target vehicle_gps_position_listener
[0.044s] [ 66%] Built target debug_vect_advertiser
[0.046s] [100%] Built target offboard_control_srv
[0.046s] [100%] Built target offboard_control
[0.047s] [100%] Built target ament_cmake_python_copy_px4_ros_com
[0.152s] running egg_info
[0.160s] writing px4_ros_com.egg-info/PKG-INFO
[0.160s] writing dependency_links to px4_ros_com.egg-info/dependency_links.txt
[0.160s] writing top-level names to px4_ros_com.egg-info/top_level.txt
[0.181s] reading manifest file 'px4_ros_com.egg-info/SOURCES.txt'
[0.182s] writing manifest file 'px4_ros_com.egg-info/SOURCES.txt'
[0.197s] [100%] Built target ament_cmake_python_build_px4_ros_com_egg
[0.205s] Invoked command in '/home/redpaladin/Projects/helios_ws/build/px4_ros_com' returned '0': CMAKE_PREFIX_PATH=/home/redpaladin/Projects/helios_ws/install/px4_msgs:/home/redpaladin/Projects/helios_ws/install/px4_ros_com:/home/redpaladin/Projects/helios_ws/install/helios:/opt/ros/humble LD_LIBRARY_PATH=/home/redpaladin/Projects/helios_ws/install/px4_msgs/lib:/home/redpaladin/Projects/helios_ws/install/px4_ros_com/lib:/opt/ros/humble/opt/rviz_ogre_vendor/lib:/opt/ros/humble/lib/x86_64-linux-gnu:/opt/ros/humble/lib /usr/bin/cmake --build /home/redpaladin/Projects/helios_ws/build/px4_ros_com -- -j24 -l24
[0.206s] Invoking command in '/home/redpaladin/Projects/helios_ws/build/px4_ros_com': CMAKE_PREFIX_PATH=/home/redpaladin/Projects/helios_ws/install/px4_msgs:/home/redpaladin/Projects/helios_ws/install/px4_ros_com:/home/redpaladin/Projects/helios_ws/install/helios:/opt/ros/humble LD_LIBRARY_PATH=/home/redpaladin/Projects/helios_ws/install/px4_msgs/lib:/home/redpaladin/Projects/helios_ws/install/px4_ros_com/lib:/opt/ros/humble/opt/rviz_ogre_vendor/lib:/opt/ros/humble/lib/x86_64-linux-gnu:/opt/ros/humble/lib /usr/bin/cmake --install /home/redpaladin/Projects/helios_ws/build/px4_ros_com
[0.210s] -- Install configuration: ""
[0.210s] -- Up-to-date: /home/redpaladin/Projects/helios_ws/install/px4_ros_com/lib/px4_ros_com/sensor_combined_listener
[0.210s] -- Up-to-date: /home/redpaladin/Projects/helios_ws/install/px4_ros_com/lib/px4_ros_com/vehicle_gps_position_listener
[0.211s] -- Up-to-date: /home/redpaladin/Projects/helios_ws/install/px4_ros_com/lib/px4_ros_com/debug_vect_advertiser
[0.211s] -- Up-to-date: /home/redpaladin/Projects/helios_ws/install/px4_ros_com/lib/px4_ros_com/offboard_control
[0.211s] -- Up-to-date: /home/redpaladin/Projects/helios_ws/install/px4_ros_com/lib/px4_ros_com/offboard_control_srv
[0.211s] -- Up-to-date: /home/redpaladin/Projects/helios_ws/install/px4_ros_com/share/px4_ros_com/environment/library_path.sh
[0.211s] -- Up-to-date: /home/redpaladin/Projects/helios_ws/install/px4_ros_com/share/px4_ros_com/environment/library_path.dsv
[0.211s] -- Up-to-date: /home/redpaladin/Projects/helios_ws/install/px4_ros_com/include/px4_ros_com
[0.211s] -- Up-to-date: /home/redpaladin/Projects/helios_ws/install/px4_ros_com/include/px4_ros_com/frame_transforms.h
[0.211s] -- Up-to-date: /home/redpaladin/Projects/helios_ws/install/px4_ros_com/lib/libframe_transforms.so
[0.211s] -- Up-to-date: /home/redpaladin/Projects/helios_ws/install/px4_ros_com/share/px4_ros_com//launch
[0.211s] -- Up-to-date: /home/redpaladin/Projects/helios_ws/install/px4_ros_com/share/px4_ros_com//launch/sensor_combined_listener.launch.py
[0.211s] -- Up-to-date: /home/redpaladin/Projects/helios_ws/install/px4_ros_com/share/px4_ros_com//launch/offboard_control_launch.yaml
[0.211s] -- Up-to-date: /home/redpaladin/Projects/helios_ws/install/px4_ros_com/share/px4_ros_com//test
[0.211s] -- Up-to-date: /home/redpaladin/Projects/helios_ws/install/px4_ros_com/share/px4_ros_com//test/test_input.py
[0.211s] -- Up-to-date: /home/redpaladin/Projects/helios_ws/install/px4_ros_com/share/px4_ros_com//test/__init__.py
[0.211s] -- Up-to-date: /home/redpaladin/Projects/helios_ws/install/px4_ros_com/share/px4_ros_com//test/pipeline_io_test.py
[0.211s] -- Up-to-date: /home/redpaladin/Projects/helios_ws/install/px4_ros_com/share/px4_ros_com//test/test_output.py
[0.211s] -- Up-to-date: /home/redpaladin/Projects/helios_ws/install/px4_ros_com/share/px4_ros_com/environment/pythonpath.sh
[0.212s] -- Up-to-date: /home/redpaladin/Projects/helios_ws/install/px4_ros_com/share/px4_ros_com/environment/pythonpath.dsv
[0.212s] -- Up-to-date: /home/redpaladin/Projects/helios_ws/install/px4_ros_com/local/lib/python3.10/dist-packages/px4_ros_com-0.1.0-py3.10.egg-info
[0.212s] -- Installing: /home/redpaladin/Projects/helios_ws/install/px4_ros_com/local/lib/python3.10/dist-packages/px4_ros_com-0.1.0-py3.10.egg-info/top_level.txt
[0.212s] -- Installing: /home/redpaladin/Projects/helios_ws/install/px4_ros_com/local/lib/python3.10/dist-packages/px4_ros_com-0.1.0-py3.10.egg-info/SOURCES.txt
[0.212s] -- Installing: /home/redpaladin/Projects/helios_ws/install/px4_ros_com/local/lib/python3.10/dist-packages/px4_ros_com-0.1.0-py3.10.egg-info/PKG-INFO
[0.212s] -- Installing: /home/redpaladin/Projects/helios_ws/install/px4_ros_com/local/lib/python3.10/dist-packages/px4_ros_com-0.1.0-py3.10.egg-info/dependency_links.txt
[0.212s] -- Up-to-date: /home/redpaladin/Projects/helios_ws/install/px4_ros_com/local/lib/python3.10/dist-packages/px4_ros_com
[0.212s] -- Up-to-date: /home/redpaladin/Projects/helios_ws/install/px4_ros_com/local/lib/python3.10/dist-packages/px4_ros_com/__init__.py
[0.212s] -- Up-to-date: /home/redpaladin/Projects/helios_ws/install/px4_ros_com/local/lib/python3.10/dist-packages/px4_ros_com/module_to_import.py
[0.231s] Listing '/home/redpaladin/Projects/helios_ws/install/px4_ros_com/local/lib/python3.10/dist-packages/px4_ros_com'...
[0.233s] -- Up-to-date: /home/redpaladin/Projects/helios_ws/install/px4_ros_com/lib/px4_ros_com/offboard_control.py
[0.233s] -- Up-to-date: /home/redpaladin/Projects/helios_ws/install/px4_ros_com/share/ament_index/resource_index/package_run_dependencies/px4_ros_com
[0.233s] -- Up-to-date: /home/redpaladin/Projects/helios_ws/install/px4_ros_com/share/ament_index/resource_index/parent_prefix_path/px4_ros_com
[0.234s] -- Up-to-date: /home/redpaladin/Projects/helios_ws/install/px4_ros_com/share/px4_ros_com/environment/ament_prefix_path.sh
[0.234s] -- Up-to-date: /home/redpaladin/Projects/helios_ws/install/px4_ros_com/share/px4_ros_com/environment/ament_prefix_path.dsv
[0.234s] -- Up-to-date: /home/redpaladin/Projects/helios_ws/install/px4_ros_com/share/px4_ros_com/environment/path.sh
[0.234s] -- Up-to-date: /home/redpaladin/Projects/helios_ws/install/px4_ros_com/share/px4_ros_com/environment/path.dsv
[0.234s] -- Up-to-date: /home/redpaladin/Projects/helios_ws/install/px4_ros_com/share/px4_ros_com/local_setup.bash
[0.234s] -- Up-to-date: /home/redpaladin/Projects/helios_ws/install/px4_ros_com/share/px4_ros_com/local_setup.sh
[0.234s] -- Up-to-date: /home/redpaladin/Projects/helios_ws/install/px4_ros_com/share/px4_ros_com/local_setup.zsh
[0.234s] -- Up-to-date: /home/redpaladin/Projects/helios_ws/install/px4_ros_com/share/px4_ros_com/local_setup.dsv
[0.234s] -- Installing: /home/redpaladin/Projects/helios_ws/install/px4_ros_com/share/px4_ros_com/package.dsv
[0.234s] -- Up-to-date: /home/redpaladin/Projects/helios_ws/install/px4_ros_com/share/ament_index/resource_index/packages/px4_ros_com
[0.234s] -- Up-to-date: /home/redpaladin/Projects/helios_ws/install/px4_ros_com/share/px4_ros_com/cmake/export_frame_transformsExport.cmake
[0.234s] -- Up-to-date: /home/redpaladin/Projects/helios_ws/install/px4_ros_com/share/px4_ros_com/cmake/export_frame_transformsExport-noconfig.cmake
[0.234s] -- Up-to-date: /home/redpaladin/Projects/helios_ws/install/px4_ros_com/share/px4_ros_com/cmake/ament_cmake_export_dependencies-extras.cmake
[0.234s] -- Up-to-date: /home/redpaladin/Projects/helios_ws/install/px4_ros_com/share/px4_ros_com/cmake/ament_cmake_export_targets-extras.cmake
[0.234s] -- Up-to-date: /home/redpaladin/Projects/helios_ws/install/px4_ros_com/share/px4_ros_com/cmake/ament_cmake_export_include_directories-extras.cmake
[0.234s] -- Up-to-date: /home/redpaladin/Projects/helios_ws/install/px4_ros_com/share/px4_ros_com/cmake/ament_cmake_export_libraries-extras.cmake
[0.234s] -- Up-to-date: /home/redpaladin/Projects/helios_ws/install/px4_ros_com/share/px4_ros_com/cmake/px4_ros_comConfig.cmake
[0.234s] -- Up-to-date: /home/redpaladin/Projects/helios_ws/install/px4_ros_com/share/px4_ros_com/cmake/px4_ros_comConfig-version.cmake
[0.234s] -- Up-to-date: /home/redpaladin/Projects/helios_ws/install/px4_ros_com/share/px4_ros_com/package.xml
[0.236s] Invoked command in '/home/redpaladin/Projects/helios_ws/build/px4_ros_com' returned '0': CMAKE_PREFIX_PATH=/home/redpaladin/Projects/helios_ws/install/px4_msgs:/home/redpaladin/Projects/helios_ws/install/px4_ros_com:/home/redpaladin/Projects/helios_ws/install/helios:/opt/ros/humble LD_LIBRARY_PATH=/home/redpaladin/Projects/helios_ws/install/px4_msgs/lib:/home/redpaladin/Projects/helios_ws/install/px4_ros_com/lib:/opt/ros/humble/opt/rviz_ogre_vendor/lib:/opt/ros/humble/lib/x86_64-linux-gnu:/opt/ros/humble/lib /usr/bin/cmake --install /home/redpaladin/Projects/helios_ws/build/px4_ros_com
