[0.144s] DEBUG:colcon:Command line arguments: ['/usr/bin/colcon', 'build', '--packages-select', 'px4_ros_com', 'px4_msgs']
[0.144s] DEBUG:colcon:Parsed command line arguments: Namespace(log_base=None, log_level=None, verb_name='build', build_base='build', install_base='install', merge_install=False, symlink_install=False, test_result_base=None, continue_on_error=False, executor='parallel', parallel_workers=24, event_handlers=None, ignore_user_meta=False, metas=['./colcon.meta'], base_paths=['.'], packages_ignore=None, packages_ignore_regex=None, paths=None, packages_up_to=None, packages_up_to_regex=None, packages_above=None, packages_above_and_dependencies=None, packages_above_depth=None, packages_select_by_dep=None, packages_skip_by_dep=None, packages_skip_up_to=None, packages_select_build_failed=False, packages_skip_build_finished=False, packages_select_test_failures=False, packages_skip_test_passed=False, packages_select=['px4_ros_com', 'px4_msgs'], packages_skip=None, packages_select_regex=None, packages_skip_regex=None, packages_start=None, packages_end=None, allow_overriding=[], cmake_args=None, cmake_target=None, cmake_target_skip_unavailable=False, cmake_clean_cache=False, cmake_clean_first=False, cmake_force_configure=False, ament_cmake_args=None, catkin_cmake_args=None, catkin_skip_building_tests=False, mixin_files=None, mixin=None, verb_parser=<colcon_mixin.mixin.mixin_argument.MixinArgumentDecorator object at 0x7219acf6eec0>, verb_extension=<colcon_core.verb.build.BuildVerb object at 0x7219acf6e7a0>, main=<bound method BuildVerb.main of <colcon_core.verb.build.BuildVerb object at 0x7219acf6e7a0>>, mixin_verb=('build',))
[0.320s] Level 1:colcon.colcon_core.package_discovery:discover_packages(colcon_meta) check parameters
[0.320s] Level 1:colcon.colcon_core.package_discovery:discover_packages(recursive) check parameters
[0.320s] Level 1:colcon.colcon_core.package_discovery:discover_packages(ignore) check parameters
[0.320s] Level 1:colcon.colcon_core.package_discovery:discover_packages(path) check parameters
[0.320s] Level 1:colcon.colcon_core.package_discovery:discover_packages(colcon_meta) discover
[0.320s] Level 1:colcon.colcon_core.package_discovery:discover_packages(recursive) discover
[0.321s] INFO:colcon.colcon_core.package_discovery:Crawling recursively for packages in '/home/redpaladin/Projects/helios_ws'
[0.321s] Level 1:colcon.colcon_core.package_identification:_identify(.) by extensions ['ignore', 'ignore_ament_install']
[0.321s] Level 1:colcon.colcon_core.package_identification:_identify(.) by extension 'ignore'
[0.321s] Level 1:colcon.colcon_core.package_identification:_identify(.) by extension 'ignore_ament_install'
[0.321s] Level 1:colcon.colcon_core.package_identification:_identify(.) by extensions ['colcon_pkg']
[0.321s] Level 1:colcon.colcon_core.package_identification:_identify(.) by extension 'colcon_pkg'
[0.321s] Level 1:colcon.colcon_core.package_identification:_identify(.) by extensions ['colcon_meta']
[0.321s] Level 1:colcon.colcon_core.package_identification:_identify(.) by extension 'colcon_meta'
[0.321s] Level 1:colcon.colcon_core.package_identification:_identify(.) by extensions ['ros']
[0.321s] Level 1:colcon.colcon_core.package_identification:_identify(.) by extension 'ros'
[0.332s] Level 1:colcon.colcon_core.package_identification:_identify(.) by extensions ['cmake', 'python']
[0.333s] Level 1:colcon.colcon_core.package_identification:_identify(.) by extension 'cmake'
[0.333s] Level 1:colcon.colcon_core.package_identification:_identify(.) by extension 'python'
[0.333s] Level 1:colcon.colcon_core.package_identification:_identify(.) by extensions ['python_setup_py']
[0.333s] Level 1:colcon.colcon_core.package_identification:_identify(.) by extension 'python_setup_py'
[0.333s] Level 1:colcon.colcon_core.package_identification:_identify(build) by extensions ['ignore', 'ignore_ament_install']
[0.333s] Level 1:colcon.colcon_core.package_identification:_identify(build) by extension 'ignore'
[0.333s] Level 1:colcon.colcon_core.package_identification:_identify(build) ignored
[0.333s] Level 1:colcon.colcon_core.package_identification:_identify(install) by extensions ['ignore', 'ignore_ament_install']
[0.333s] Level 1:colcon.colcon_core.package_identification:_identify(install) by extension 'ignore'
[0.333s] Level 1:colcon.colcon_core.package_identification:_identify(install) ignored
[0.333s] Level 1:colcon.colcon_core.package_identification:_identify(log) by extensions ['ignore', 'ignore_ament_install']
[0.333s] Level 1:colcon.colcon_core.package_identification:_identify(log) by extension 'ignore'
[0.333s] Level 1:colcon.colcon_core.package_identification:_identify(log) ignored
[0.333s] Level 1:colcon.colcon_core.package_identification:_identify(src) by extensions ['ignore', 'ignore_ament_install']
[0.333s] Level 1:colcon.colcon_core.package_identification:_identify(src) by extension 'ignore'
[0.334s] Level 1:colcon.colcon_core.package_identification:_identify(src) by extension 'ignore_ament_install'
[0.334s] Level 1:colcon.colcon_core.package_identification:_identify(src) by extensions ['colcon_pkg']
[0.334s] Level 1:colcon.colcon_core.package_identification:_identify(src) by extension 'colcon_pkg'
[0.334s] Level 1:colcon.colcon_core.package_identification:_identify(src) by extensions ['colcon_meta']
[0.334s] Level 1:colcon.colcon_core.package_identification:_identify(src) by extension 'colcon_meta'
[0.334s] Level 1:colcon.colcon_core.package_identification:_identify(src) by extensions ['ros']
[0.334s] Level 1:colcon.colcon_core.package_identification:_identify(src) by extension 'ros'
[0.334s] Level 1:colcon.colcon_core.package_identification:_identify(src) by extensions ['cmake', 'python']
[0.334s] Level 1:colcon.colcon_core.package_identification:_identify(src) by extension 'cmake'
[0.334s] Level 1:colcon.colcon_core.package_identification:_identify(src) by extension 'python'
[0.334s] Level 1:colcon.colcon_core.package_identification:_identify(src) by extensions ['python_setup_py']
[0.334s] Level 1:colcon.colcon_core.package_identification:_identify(src) by extension 'python_setup_py'
[0.334s] Level 1:colcon.colcon_core.package_identification:_identify(src/PX4-Autopilot) by extensions ['ignore', 'ignore_ament_install']
[0.334s] Level 1:colcon.colcon_core.package_identification:_identify(src/PX4-Autopilot) by extension 'ignore'
[0.334s] Level 1:colcon.colcon_core.package_identification:_identify(src/PX4-Autopilot) by extension 'ignore_ament_install'
[0.334s] Level 1:colcon.colcon_core.package_identification:_identify(src/PX4-Autopilot) by extensions ['colcon_pkg']
[0.334s] Level 1:colcon.colcon_core.package_identification:_identify(src/PX4-Autopilot) by extension 'colcon_pkg'
[0.334s] Level 1:colcon.colcon_core.package_identification:_identify(src/PX4-Autopilot) by extensions ['colcon_meta']
[0.334s] Level 1:colcon.colcon_core.package_identification:_identify(src/PX4-Autopilot) by extension 'colcon_meta'
[0.334s] Level 1:colcon.colcon_core.package_identification:_identify(src/PX4-Autopilot) by extensions ['ros']
[0.334s] Level 1:colcon.colcon_core.package_identification:_identify(src/PX4-Autopilot) by extension 'ros'
[0.337s] DEBUG:colcon.colcon_core.package_identification:Package 'src/PX4-Autopilot' with type 'ros.ament_cmake' and name 'px4'
[0.338s] Level 1:colcon.colcon_core.package_identification:_identify(src/helios) by extensions ['ignore', 'ignore_ament_install']
[0.338s] Level 1:colcon.colcon_core.package_identification:_identify(src/helios) by extension 'ignore'
[0.338s] Level 1:colcon.colcon_core.package_identification:_identify(src/helios) by extension 'ignore_ament_install'
[0.338s] Level 1:colcon.colcon_core.package_identification:_identify(src/helios) by extensions ['colcon_pkg']
[0.338s] Level 1:colcon.colcon_core.package_identification:_identify(src/helios) by extension 'colcon_pkg'
[0.338s] Level 1:colcon.colcon_core.package_identification:_identify(src/helios) by extensions ['colcon_meta']
[0.338s] Level 1:colcon.colcon_core.package_identification:_identify(src/helios) by extension 'colcon_meta'
[0.338s] Level 1:colcon.colcon_core.package_identification:_identify(src/helios) by extensions ['ros']
[0.338s] Level 1:colcon.colcon_core.package_identification:_identify(src/helios) by extension 'ros'
[0.339s] DEBUG:colcon.colcon_core.package_identification:Package 'src/helios' with type 'ros.ament_python' and name 'helios'
[0.339s] Level 1:colcon.colcon_core.package_identification:_identify(src/px4_msgs) by extensions ['ignore', 'ignore_ament_install']
[0.347s] Level 1:colcon.colcon_core.package_identification:_identify(src/px4_msgs) by extension 'ignore'
[0.348s] Level 1:colcon.colcon_core.package_identification:_identify(src/px4_msgs) by extension 'ignore_ament_install'
[0.348s] Level 1:colcon.colcon_core.package_identification:_identify(src/px4_msgs) by extensions ['colcon_pkg']
[0.348s] Level 1:colcon.colcon_core.package_identification:_identify(src/px4_msgs) by extension 'colcon_pkg'
[0.348s] Level 1:colcon.colcon_core.package_identification:_identify(src/px4_msgs) by extensions ['colcon_meta']
[0.348s] Level 1:colcon.colcon_core.package_identification:_identify(src/px4_msgs) by extension 'colcon_meta'
[0.348s] Level 1:colcon.colcon_core.package_identification:_identify(src/px4_msgs) by extensions ['ros']
[0.348s] Level 1:colcon.colcon_core.package_identification:_identify(src/px4_msgs) by extension 'ros'
[0.348s] DEBUG:colcon.colcon_core.package_identification:Package 'src/px4_msgs' with type 'ros.ament_cmake' and name 'px4_msgs'
[0.349s] Level 1:colcon.colcon_core.package_identification:_identify(src/px4_ros_com) by extensions ['ignore', 'ignore_ament_install']
[0.349s] Level 1:colcon.colcon_core.package_identification:_identify(src/px4_ros_com) by extension 'ignore'
[0.349s] Level 1:colcon.colcon_core.package_identification:_identify(src/px4_ros_com) by extension 'ignore_ament_install'
[0.349s] Level 1:colcon.colcon_core.package_identification:_identify(src/px4_ros_com) by extensions ['colcon_pkg']
[0.349s] Level 1:colcon.colcon_core.package_identification:_identify(src/px4_ros_com) by extension 'colcon_pkg'
[0.349s] Level 1:colcon.colcon_core.package_identification:_identify(src/px4_ros_com) by extensions ['colcon_meta']
[0.349s] Level 1:colcon.colcon_core.package_identification:_identify(src/px4_ros_com) by extension 'colcon_meta'
[0.349s] Level 1:colcon.colcon_core.package_identification:_identify(src/px4_ros_com) by extensions ['ros']
[0.349s] Level 1:colcon.colcon_core.package_identification:_identify(src/px4_ros_com) by extension 'ros'
[0.350s] DEBUG:colcon.colcon_core.package_identification:Package 'src/px4_ros_com' with type 'ros.ament_cmake' and name 'px4_ros_com'
[0.350s] Level 1:colcon.colcon_core.package_discovery:discover_packages(recursive) using defaults
[0.350s] Level 1:colcon.colcon_core.package_discovery:discover_packages(ignore) discover
[0.350s] Level 1:colcon.colcon_core.package_discovery:discover_packages(ignore) using defaults
[0.350s] Level 1:colcon.colcon_core.package_discovery:discover_packages(path) discover
[0.350s] Level 1:colcon.colcon_core.package_discovery:discover_packages(path) using defaults
[0.370s] INFO:colcon.colcon_core.package_selection:Skipping not selected package 'helios' in 'src/helios'
[0.370s] INFO:colcon.colcon_core.package_selection:Skipping not selected package 'px4' in 'src/PX4-Autopilot'
[0.371s] Level 1:colcon.colcon_core.package_discovery:discover_packages(prefix_path) check parameters
[0.371s] Level 1:colcon.colcon_core.package_discovery:discover_packages(prefix_path) discover
[0.373s] DEBUG:colcon.colcon_installed_package_information.package_discovery:Found 1 installed packages in /home/redpaladin/Projects/helios_ws/install
[0.376s] DEBUG:colcon.colcon_installed_package_information.package_discovery:Found 294 installed packages in /opt/ros/humble
[0.377s] Level 1:colcon.colcon_core.package_discovery:discover_packages(prefix_path) using defaults
[0.418s] Level 5:colcon.colcon_core.verb:set package 'px4_msgs' build argument 'cmake_args' from command line to 'None'
[0.418s] Level 5:colcon.colcon_core.verb:set package 'px4_msgs' build argument 'cmake_target' from command line to 'None'
[0.418s] Level 5:colcon.colcon_core.verb:set package 'px4_msgs' build argument 'cmake_target_skip_unavailable' from command line to 'False'
[0.418s] Level 5:colcon.colcon_core.verb:set package 'px4_msgs' build argument 'cmake_clean_cache' from command line to 'False'
[0.418s] Level 5:colcon.colcon_core.verb:set package 'px4_msgs' build argument 'cmake_clean_first' from command line to 'False'
[0.418s] Level 5:colcon.colcon_core.verb:set package 'px4_msgs' build argument 'cmake_force_configure' from command line to 'False'
[0.418s] Level 5:colcon.colcon_core.verb:set package 'px4_msgs' build argument 'ament_cmake_args' from command line to 'None'
[0.418s] Level 5:colcon.colcon_core.verb:set package 'px4_msgs' build argument 'catkin_cmake_args' from command line to 'None'
[0.418s] Level 5:colcon.colcon_core.verb:set package 'px4_msgs' build argument 'catkin_skip_building_tests' from command line to 'False'
[0.418s] DEBUG:colcon.colcon_core.verb:Building package 'px4_msgs' with the following arguments: {'ament_cmake_args': None, 'build_base': '/home/redpaladin/Projects/helios_ws/build/px4_msgs', 'catkin_cmake_args': None, 'catkin_skip_building_tests': False, 'cmake_args': None, 'cmake_clean_cache': False, 'cmake_clean_first': False, 'cmake_force_configure': False, 'cmake_target': None, 'cmake_target_skip_unavailable': False, 'install_base': '/home/redpaladin/Projects/helios_ws/install/px4_msgs', 'merge_install': False, 'path': '/home/redpaladin/Projects/helios_ws/src/px4_msgs', 'symlink_install': False, 'test_result_base': None}
[0.418s] Level 5:colcon.colcon_core.verb:set package 'px4_ros_com' build argument 'cmake_args' from command line to 'None'
[0.418s] Level 5:colcon.colcon_core.verb:set package 'px4_ros_com' build argument 'cmake_target' from command line to 'None'
[0.418s] Level 5:colcon.colcon_core.verb:set package 'px4_ros_com' build argument 'cmake_target_skip_unavailable' from command line to 'False'
[0.418s] Level 5:colcon.colcon_core.verb:set package 'px4_ros_com' build argument 'cmake_clean_cache' from command line to 'False'
[0.418s] Level 5:colcon.colcon_core.verb:set package 'px4_ros_com' build argument 'cmake_clean_first' from command line to 'False'
[0.418s] Level 5:colcon.colcon_core.verb:set package 'px4_ros_com' build argument 'cmake_force_configure' from command line to 'False'
[0.418s] Level 5:colcon.colcon_core.verb:set package 'px4_ros_com' build argument 'ament_cmake_args' from command line to 'None'
[0.418s] Level 5:colcon.colcon_core.verb:set package 'px4_ros_com' build argument 'catkin_cmake_args' from command line to 'None'
[0.418s] Level 5:colcon.colcon_core.verb:set package 'px4_ros_com' build argument 'catkin_skip_building_tests' from command line to 'False'
[0.418s] DEBUG:colcon.colcon_core.verb:Building package 'px4_ros_com' with the following arguments: {'ament_cmake_args': None, 'build_base': '/home/redpaladin/Projects/helios_ws/build/px4_ros_com', 'catkin_cmake_args': None, 'catkin_skip_building_tests': False, 'cmake_args': None, 'cmake_clean_cache': False, 'cmake_clean_first': False, 'cmake_force_configure': False, 'cmake_target': None, 'cmake_target_skip_unavailable': False, 'install_base': '/home/redpaladin/Projects/helios_ws/install/px4_ros_com', 'merge_install': False, 'path': '/home/redpaladin/Projects/helios_ws/src/px4_ros_com', 'symlink_install': False, 'test_result_base': None}
[0.418s] INFO:colcon.colcon_core.executor:Executing jobs using 'parallel' executor
[0.419s] DEBUG:colcon.colcon_parallel_executor.executor.parallel:run_until_complete
[0.420s] INFO:colcon.colcon_ros.task.ament_cmake.build:Building ROS package in '/home/redpaladin/Projects/helios_ws/src/px4_msgs' with build type 'ament_cmake'
[0.420s] INFO:colcon.colcon_cmake.task.cmake.build:Building CMake package in '/home/redpaladin/Projects/helios_ws/src/px4_msgs'
[0.423s] INFO:colcon.colcon_core.plugin_system:Skipping extension 'colcon_core.shell.bat': Not used on non-Windows systems
[0.423s] INFO:colcon.colcon_core.shell:Skip shell extension 'powershell' for command environment: Not usable outside of PowerShell
[0.423s] DEBUG:colcon.colcon_core.shell:Skip shell extension 'dsv' for command environment
[0.430s] DEBUG:colcon.colcon_core.event_handler.log_command:Invoking command in '/home/redpaladin/Projects/helios_ws/build/px4_msgs': CMAKE_PREFIX_PATH=/home/redpaladin/Projects/helios_ws/install/helios:/opt/ros/humble /usr/bin/cmake /home/redpaladin/Projects/helios_ws/src/px4_msgs -DCMAKE_INSTALL_PREFIX=/home/redpaladin/Projects/helios_ws/install/px4_msgs
[2.451s] DEBUG:colcon.colcon_core.event_handler.log_command:Invoked command in '/home/redpaladin/Projects/helios_ws/build/px4_msgs' returned '0': CMAKE_PREFIX_PATH=/home/redpaladin/Projects/helios_ws/install/helios:/opt/ros/humble /usr/bin/cmake /home/redpaladin/Projects/helios_ws/src/px4_msgs -DCMAKE_INSTALL_PREFIX=/home/redpaladin/Projects/helios_ws/install/px4_msgs
[2.453s] DEBUG:colcon.colcon_core.event_handler.log_command:Invoking command in '/home/redpaladin/Projects/helios_ws/build/px4_msgs': CMAKE_PREFIX_PATH=/home/redpaladin/Projects/helios_ws/install/helios:/opt/ros/humble /usr/bin/cmake --build /home/redpaladin/Projects/helios_ws/build/px4_msgs -- -j24 -l24
[94.581s] DEBUG:colcon.colcon_core.event_handler.log_command:Invoked command in '/home/redpaladin/Projects/helios_ws/build/px4_msgs' returned '0': CMAKE_PREFIX_PATH=/home/redpaladin/Projects/helios_ws/install/helios:/opt/ros/humble /usr/bin/cmake --build /home/redpaladin/Projects/helios_ws/build/px4_msgs -- -j24 -l24
[94.588s] DEBUG:colcon.colcon_core.event_handler.log_command:Invoking command in '/home/redpaladin/Projects/helios_ws/build/px4_msgs': CMAKE_PREFIX_PATH=/home/redpaladin/Projects/helios_ws/install/helios:/opt/ros/humble /usr/bin/cmake --install /home/redpaladin/Projects/helios_ws/build/px4_msgs
[95.511s] Level 1:colcon.colcon_core.environment:create_environment_scripts_only(px4_msgs)
[95.511s] DEBUG:colcon.colcon_core.event_handler.log_command:Invoked command in '/home/redpaladin/Projects/helios_ws/build/px4_msgs' returned '0': CMAKE_PREFIX_PATH=/home/redpaladin/Projects/helios_ws/install/helios:/opt/ros/humble /usr/bin/cmake --install /home/redpaladin/Projects/helios_ws/build/px4_msgs
[95.525s] Level 1:colcon.colcon_core.environment:checking '/home/redpaladin/Projects/helios_ws/install/px4_msgs' for CMake module files
[95.526s] Level 1:colcon.colcon_core.environment:checking '/home/redpaladin/Projects/helios_ws/install/px4_msgs' for CMake config files
[95.526s] Level 1:colcon.colcon_core.shell:create_environment_hook('px4_msgs', 'cmake_prefix_path')
[95.526s] INFO:colcon.colcon_core.shell:Creating environment hook '/home/redpaladin/Projects/helios_ws/install/px4_msgs/share/px4_msgs/hook/cmake_prefix_path.ps1'
[95.527s] INFO:colcon.colcon_core.shell:Creating environment descriptor '/home/redpaladin/Projects/helios_ws/install/px4_msgs/share/px4_msgs/hook/cmake_prefix_path.dsv'
[95.527s] INFO:colcon.colcon_core.shell:Creating environment hook '/home/redpaladin/Projects/helios_ws/install/px4_msgs/share/px4_msgs/hook/cmake_prefix_path.sh'
[95.528s] Level 1:colcon.colcon_core.environment:checking '/home/redpaladin/Projects/helios_ws/install/px4_msgs/lib'
[95.528s] Level 1:colcon.colcon_core.shell:create_environment_hook('px4_msgs', 'ld_library_path_lib')
[95.528s] INFO:colcon.colcon_core.shell:Creating environment hook '/home/redpaladin/Projects/helios_ws/install/px4_msgs/share/px4_msgs/hook/ld_library_path_lib.ps1'
[95.528s] INFO:colcon.colcon_core.shell:Creating environment descriptor '/home/redpaladin/Projects/helios_ws/install/px4_msgs/share/px4_msgs/hook/ld_library_path_lib.dsv'
[95.528s] INFO:colcon.colcon_core.shell:Creating environment hook '/home/redpaladin/Projects/helios_ws/install/px4_msgs/share/px4_msgs/hook/ld_library_path_lib.sh'
[95.529s] Level 1:colcon.colcon_core.environment:checking '/home/redpaladin/Projects/helios_ws/install/px4_msgs/bin'
[95.529s] Level 1:colcon.colcon_core.environment:checking '/home/redpaladin/Projects/helios_ws/install/px4_msgs/lib/pkgconfig/px4_msgs.pc'
[95.529s] Level 1:colcon.colcon_core.environment:checking '/home/redpaladin/Projects/helios_ws/install/px4_msgs/lib/python3.10/site-packages'
[95.529s] Level 1:colcon.colcon_core.environment:checking '/home/redpaladin/Projects/helios_ws/install/px4_msgs/bin'
[95.529s] INFO:colcon.colcon_core.shell:Creating package script '/home/redpaladin/Projects/helios_ws/install/px4_msgs/share/px4_msgs/package.ps1'
[95.529s] INFO:colcon.colcon_core.shell:Creating package descriptor '/home/redpaladin/Projects/helios_ws/install/px4_msgs/share/px4_msgs/package.dsv'
[95.530s] INFO:colcon.colcon_core.shell:Creating package script '/home/redpaladin/Projects/helios_ws/install/px4_msgs/share/px4_msgs/package.sh'
[95.530s] INFO:colcon.colcon_core.shell:Creating package script '/home/redpaladin/Projects/helios_ws/install/px4_msgs/share/px4_msgs/package.bash'
[95.531s] INFO:colcon.colcon_core.shell:Creating package script '/home/redpaladin/Projects/helios_ws/install/px4_msgs/share/px4_msgs/package.zsh'
[95.531s] Level 1:colcon.colcon_core.environment:create_file_with_runtime_dependencies(/home/redpaladin/Projects/helios_ws/install/px4_msgs/share/colcon-core/packages/px4_msgs)
[95.532s] Level 1:colcon.colcon_core.environment:create_environment_scripts_only(px4_msgs)
[95.532s] Level 1:colcon.colcon_core.environment:checking '/home/redpaladin/Projects/helios_ws/install/px4_msgs' for CMake module files
[95.532s] Level 1:colcon.colcon_core.environment:checking '/home/redpaladin/Projects/helios_ws/install/px4_msgs' for CMake config files
[95.532s] Level 1:colcon.colcon_core.shell:create_environment_hook('px4_msgs', 'cmake_prefix_path')
[95.533s] INFO:colcon.colcon_core.shell:Creating environment hook '/home/redpaladin/Projects/helios_ws/install/px4_msgs/share/px4_msgs/hook/cmake_prefix_path.ps1'
[95.533s] INFO:colcon.colcon_core.shell:Creating environment descriptor '/home/redpaladin/Projects/helios_ws/install/px4_msgs/share/px4_msgs/hook/cmake_prefix_path.dsv'
[95.533s] INFO:colcon.colcon_core.shell:Creating environment hook '/home/redpaladin/Projects/helios_ws/install/px4_msgs/share/px4_msgs/hook/cmake_prefix_path.sh'
[95.533s] Level 1:colcon.colcon_core.environment:checking '/home/redpaladin/Projects/helios_ws/install/px4_msgs/lib'
[95.533s] Level 1:colcon.colcon_core.shell:create_environment_hook('px4_msgs', 'ld_library_path_lib')
[95.533s] INFO:colcon.colcon_core.shell:Creating environment hook '/home/redpaladin/Projects/helios_ws/install/px4_msgs/share/px4_msgs/hook/ld_library_path_lib.ps1'
[95.533s] INFO:colcon.colcon_core.shell:Creating environment descriptor '/home/redpaladin/Projects/helios_ws/install/px4_msgs/share/px4_msgs/hook/ld_library_path_lib.dsv'
[95.534s] INFO:colcon.colcon_core.shell:Creating environment hook '/home/redpaladin/Projects/helios_ws/install/px4_msgs/share/px4_msgs/hook/ld_library_path_lib.sh'
[95.534s] Level 1:colcon.colcon_core.environment:checking '/home/redpaladin/Projects/helios_ws/install/px4_msgs/bin'
[95.534s] Level 1:colcon.colcon_core.environment:checking '/home/redpaladin/Projects/helios_ws/install/px4_msgs/lib/pkgconfig/px4_msgs.pc'
[95.534s] Level 1:colcon.colcon_core.environment:checking '/home/redpaladin/Projects/helios_ws/install/px4_msgs/lib/python3.10/site-packages'
[95.534s] Level 1:colcon.colcon_core.environment:checking '/home/redpaladin/Projects/helios_ws/install/px4_msgs/bin'
[95.534s] INFO:colcon.colcon_core.shell:Creating package script '/home/redpaladin/Projects/helios_ws/install/px4_msgs/share/px4_msgs/package.ps1'
[95.534s] INFO:colcon.colcon_core.shell:Creating package descriptor '/home/redpaladin/Projects/helios_ws/install/px4_msgs/share/px4_msgs/package.dsv'
[95.535s] INFO:colcon.colcon_core.shell:Creating package script '/home/redpaladin/Projects/helios_ws/install/px4_msgs/share/px4_msgs/package.sh'
[95.535s] INFO:colcon.colcon_core.shell:Creating package script '/home/redpaladin/Projects/helios_ws/install/px4_msgs/share/px4_msgs/package.bash'
[95.535s] INFO:colcon.colcon_core.shell:Creating package script '/home/redpaladin/Projects/helios_ws/install/px4_msgs/share/px4_msgs/package.zsh'
[95.535s] Level 1:colcon.colcon_core.environment:create_file_with_runtime_dependencies(/home/redpaladin/Projects/helios_ws/install/px4_msgs/share/colcon-core/packages/px4_msgs)
[95.536s] INFO:colcon.colcon_ros.task.ament_cmake.build:Building ROS package in '/home/redpaladin/Projects/helios_ws/src/px4_ros_com' with build type 'ament_cmake'
[95.536s] INFO:colcon.colcon_cmake.task.cmake.build:Building CMake package in '/home/redpaladin/Projects/helios_ws/src/px4_ros_com'
[95.536s] INFO:colcon.colcon_core.shell:Skip shell extension 'powershell' for command environment: Not usable outside of PowerShell
[95.536s] DEBUG:colcon.colcon_core.shell:Skip shell extension 'dsv' for command environment
[95.543s] DEBUG:colcon.colcon_core.event_handler.log_command:Invoking command in '/home/redpaladin/Projects/helios_ws/build/px4_ros_com': AMENT_PREFIX_PATH=/home/redpaladin/Projects/helios_ws/install/px4_msgs:${AMENT_PREFIX_PATH} CMAKE_PREFIX_PATH=/home/redpaladin/Projects/helios_ws/install/px4_msgs:/home/redpaladin/Projects/helios_ws/install/helios:/opt/ros/humble LD_LIBRARY_PATH=/home/redpaladin/Projects/helios_ws/install/px4_msgs/lib:${LD_LIBRARY_PATH} PYTHONPATH=/home/redpaladin/Projects/helios_ws/install/px4_msgs/local/lib/python3.10/dist-packages:${PYTHONPATH} /usr/bin/cmake /home/redpaladin/Projects/helios_ws/src/px4_ros_com -DCMAKE_INSTALL_PREFIX=/home/redpaladin/Projects/helios_ws/install/px4_ros_com
[96.408s] DEBUG:colcon.colcon_core.event_handler.log_command:Invoked command in '/home/redpaladin/Projects/helios_ws/build/px4_ros_com' returned '0': AMENT_PREFIX_PATH=/home/redpaladin/Projects/helios_ws/install/px4_msgs:${AMENT_PREFIX_PATH} CMAKE_PREFIX_PATH=/home/redpaladin/Projects/helios_ws/install/px4_msgs:/home/redpaladin/Projects/helios_ws/install/helios:/opt/ros/humble LD_LIBRARY_PATH=/home/redpaladin/Projects/helios_ws/install/px4_msgs/lib:${LD_LIBRARY_PATH} PYTHONPATH=/home/redpaladin/Projects/helios_ws/install/px4_msgs/local/lib/python3.10/dist-packages:${PYTHONPATH} /usr/bin/cmake /home/redpaladin/Projects/helios_ws/src/px4_ros_com -DCMAKE_INSTALL_PREFIX=/home/redpaladin/Projects/helios_ws/install/px4_ros_com
[96.409s] DEBUG:colcon.colcon_core.event_handler.log_command:Invoking command in '/home/redpaladin/Projects/helios_ws/build/px4_ros_com': AMENT_PREFIX_PATH=/home/redpaladin/Projects/helios_ws/install/px4_msgs:${AMENT_PREFIX_PATH} CMAKE_PREFIX_PATH=/home/redpaladin/Projects/helios_ws/install/px4_msgs:/home/redpaladin/Projects/helios_ws/install/helios:/opt/ros/humble LD_LIBRARY_PATH=/home/redpaladin/Projects/helios_ws/install/px4_msgs/lib:${LD_LIBRARY_PATH} PYTHONPATH=/home/redpaladin/Projects/helios_ws/install/px4_msgs/local/lib/python3.10/dist-packages:${PYTHONPATH} /usr/bin/cmake --build /home/redpaladin/Projects/helios_ws/build/px4_ros_com -- -j24 -l24
[101.678s] DEBUG:colcon.colcon_core.event_handler.log_command:Invoked command in '/home/redpaladin/Projects/helios_ws/build/px4_ros_com' returned '0': AMENT_PREFIX_PATH=/home/redpaladin/Projects/helios_ws/install/px4_msgs:${AMENT_PREFIX_PATH} CMAKE_PREFIX_PATH=/home/redpaladin/Projects/helios_ws/install/px4_msgs:/home/redpaladin/Projects/helios_ws/install/helios:/opt/ros/humble LD_LIBRARY_PATH=/home/redpaladin/Projects/helios_ws/install/px4_msgs/lib:${LD_LIBRARY_PATH} PYTHONPATH=/home/redpaladin/Projects/helios_ws/install/px4_msgs/local/lib/python3.10/dist-packages:${PYTHONPATH} /usr/bin/cmake --build /home/redpaladin/Projects/helios_ws/build/px4_ros_com -- -j24 -l24
[101.680s] DEBUG:colcon.colcon_core.event_handler.log_command:Invoking command in '/home/redpaladin/Projects/helios_ws/build/px4_ros_com': AMENT_PREFIX_PATH=/home/redpaladin/Projects/helios_ws/install/px4_msgs:${AMENT_PREFIX_PATH} CMAKE_PREFIX_PATH=/home/redpaladin/Projects/helios_ws/install/px4_msgs:/home/redpaladin/Projects/helios_ws/install/helios:/opt/ros/humble LD_LIBRARY_PATH=/home/redpaladin/Projects/helios_ws/install/px4_msgs/lib:${LD_LIBRARY_PATH} PYTHONPATH=/home/redpaladin/Projects/helios_ws/install/px4_msgs/local/lib/python3.10/dist-packages:${PYTHONPATH} /usr/bin/cmake --install /home/redpaladin/Projects/helios_ws/build/px4_ros_com
[101.728s] Level 1:colcon.colcon_core.environment:create_environment_scripts_only(px4_ros_com)
[101.729s] Level 1:colcon.colcon_core.environment:checking '/home/redpaladin/Projects/helios_ws/install/px4_ros_com' for CMake module files
[101.729s] DEBUG:colcon.colcon_core.event_handler.log_command:Invoked command in '/home/redpaladin/Projects/helios_ws/build/px4_ros_com' returned '0': AMENT_PREFIX_PATH=/home/redpaladin/Projects/helios_ws/install/px4_msgs:${AMENT_PREFIX_PATH} CMAKE_PREFIX_PATH=/home/redpaladin/Projects/helios_ws/install/px4_msgs:/home/redpaladin/Projects/helios_ws/install/helios:/opt/ros/humble LD_LIBRARY_PATH=/home/redpaladin/Projects/helios_ws/install/px4_msgs/lib:${LD_LIBRARY_PATH} PYTHONPATH=/home/redpaladin/Projects/helios_ws/install/px4_msgs/local/lib/python3.10/dist-packages:${PYTHONPATH} /usr/bin/cmake --install /home/redpaladin/Projects/helios_ws/build/px4_ros_com
[101.729s] Level 1:colcon.colcon_core.environment:checking '/home/redpaladin/Projects/helios_ws/install/px4_ros_com' for CMake config files
[101.729s] Level 1:colcon.colcon_core.shell:create_environment_hook('px4_ros_com', 'cmake_prefix_path')
[101.730s] INFO:colcon.colcon_core.shell:Creating environment hook '/home/redpaladin/Projects/helios_ws/install/px4_ros_com/share/px4_ros_com/hook/cmake_prefix_path.ps1'
[101.730s] INFO:colcon.colcon_core.shell:Creating environment descriptor '/home/redpaladin/Projects/helios_ws/install/px4_ros_com/share/px4_ros_com/hook/cmake_prefix_path.dsv'
[101.730s] INFO:colcon.colcon_core.shell:Creating environment hook '/home/redpaladin/Projects/helios_ws/install/px4_ros_com/share/px4_ros_com/hook/cmake_prefix_path.sh'
[101.730s] Level 1:colcon.colcon_core.environment:checking '/home/redpaladin/Projects/helios_ws/install/px4_ros_com/lib'
[101.730s] Level 1:colcon.colcon_core.shell:create_environment_hook('px4_ros_com', 'ld_library_path_lib')
[101.730s] INFO:colcon.colcon_core.shell:Creating environment hook '/home/redpaladin/Projects/helios_ws/install/px4_ros_com/share/px4_ros_com/hook/ld_library_path_lib.ps1'
[101.731s] INFO:colcon.colcon_core.shell:Creating environment descriptor '/home/redpaladin/Projects/helios_ws/install/px4_ros_com/share/px4_ros_com/hook/ld_library_path_lib.dsv'
[101.731s] INFO:colcon.colcon_core.shell:Creating environment hook '/home/redpaladin/Projects/helios_ws/install/px4_ros_com/share/px4_ros_com/hook/ld_library_path_lib.sh'
[101.731s] Level 1:colcon.colcon_core.environment:checking '/home/redpaladin/Projects/helios_ws/install/px4_ros_com/bin'
[101.731s] Level 1:colcon.colcon_core.environment:checking '/home/redpaladin/Projects/helios_ws/install/px4_ros_com/lib/pkgconfig/px4_ros_com.pc'
[101.731s] Level 1:colcon.colcon_core.environment:checking '/home/redpaladin/Projects/helios_ws/install/px4_ros_com/lib/python3.10/site-packages'
[101.731s] Level 1:colcon.colcon_core.environment:checking '/home/redpaladin/Projects/helios_ws/install/px4_ros_com/bin'
[101.731s] INFO:colcon.colcon_core.shell:Creating package script '/home/redpaladin/Projects/helios_ws/install/px4_ros_com/share/px4_ros_com/package.ps1'
[101.732s] INFO:colcon.colcon_core.shell:Creating package descriptor '/home/redpaladin/Projects/helios_ws/install/px4_ros_com/share/px4_ros_com/package.dsv'
[101.732s] INFO:colcon.colcon_core.shell:Creating package script '/home/redpaladin/Projects/helios_ws/install/px4_ros_com/share/px4_ros_com/package.sh'
[101.732s] INFO:colcon.colcon_core.shell:Creating package script '/home/redpaladin/Projects/helios_ws/install/px4_ros_com/share/px4_ros_com/package.bash'
[101.732s] INFO:colcon.colcon_core.shell:Creating package script '/home/redpaladin/Projects/helios_ws/install/px4_ros_com/share/px4_ros_com/package.zsh'
[101.732s] Level 1:colcon.colcon_core.environment:create_file_with_runtime_dependencies(/home/redpaladin/Projects/helios_ws/install/px4_ros_com/share/colcon-core/packages/px4_ros_com)
[101.733s] Level 1:colcon.colcon_core.environment:create_environment_scripts_only(px4_ros_com)
[101.733s] Level 1:colcon.colcon_core.environment:checking '/home/redpaladin/Projects/helios_ws/install/px4_ros_com' for CMake module files
[101.733s] Level 1:colcon.colcon_core.environment:checking '/home/redpaladin/Projects/helios_ws/install/px4_ros_com' for CMake config files
[101.733s] Level 1:colcon.colcon_core.shell:create_environment_hook('px4_ros_com', 'cmake_prefix_path')
[101.733s] INFO:colcon.colcon_core.shell:Creating environment hook '/home/redpaladin/Projects/helios_ws/install/px4_ros_com/share/px4_ros_com/hook/cmake_prefix_path.ps1'
[101.734s] INFO:colcon.colcon_core.shell:Creating environment descriptor '/home/redpaladin/Projects/helios_ws/install/px4_ros_com/share/px4_ros_com/hook/cmake_prefix_path.dsv'
[101.734s] INFO:colcon.colcon_core.shell:Creating environment hook '/home/redpaladin/Projects/helios_ws/install/px4_ros_com/share/px4_ros_com/hook/cmake_prefix_path.sh'
[101.734s] Level 1:colcon.colcon_core.environment:checking '/home/redpaladin/Projects/helios_ws/install/px4_ros_com/lib'
[101.734s] Level 1:colcon.colcon_core.shell:create_environment_hook('px4_ros_com', 'ld_library_path_lib')
[101.734s] INFO:colcon.colcon_core.shell:Creating environment hook '/home/redpaladin/Projects/helios_ws/install/px4_ros_com/share/px4_ros_com/hook/ld_library_path_lib.ps1'
[101.734s] INFO:colcon.colcon_core.shell:Creating environment descriptor '/home/redpaladin/Projects/helios_ws/install/px4_ros_com/share/px4_ros_com/hook/ld_library_path_lib.dsv'
[101.734s] INFO:colcon.colcon_core.shell:Creating environment hook '/home/redpaladin/Projects/helios_ws/install/px4_ros_com/share/px4_ros_com/hook/ld_library_path_lib.sh'
[101.735s] Level 1:colcon.colcon_core.environment:checking '/home/redpaladin/Projects/helios_ws/install/px4_ros_com/bin'
[101.735s] Level 1:colcon.colcon_core.environment:checking '/home/redpaladin/Projects/helios_ws/install/px4_ros_com/lib/pkgconfig/px4_ros_com.pc'
[101.735s] Level 1:colcon.colcon_core.environment:checking '/home/redpaladin/Projects/helios_ws/install/px4_ros_com/lib/python3.10/site-packages'
[101.735s] Level 1:colcon.colcon_core.environment:checking '/home/redpaladin/Projects/helios_ws/install/px4_ros_com/bin'
[101.735s] INFO:colcon.colcon_core.shell:Creating package script '/home/redpaladin/Projects/helios_ws/install/px4_ros_com/share/px4_ros_com/package.ps1'
[101.735s] INFO:colcon.colcon_core.shell:Creating package descriptor '/home/redpaladin/Projects/helios_ws/install/px4_ros_com/share/px4_ros_com/package.dsv'
[101.736s] INFO:colcon.colcon_core.shell:Creating package script '/home/redpaladin/Projects/helios_ws/install/px4_ros_com/share/px4_ros_com/package.sh'
[101.736s] INFO:colcon.colcon_core.shell:Creating package script '/home/redpaladin/Projects/helios_ws/install/px4_ros_com/share/px4_ros_com/package.bash'
[101.736s] INFO:colcon.colcon_core.shell:Creating package script '/home/redpaladin/Projects/helios_ws/install/px4_ros_com/share/px4_ros_com/package.zsh'
[101.736s] Level 1:colcon.colcon_core.environment:create_file_with_runtime_dependencies(/home/redpaladin/Projects/helios_ws/install/px4_ros_com/share/colcon-core/packages/px4_ros_com)
[101.736s] DEBUG:colcon.colcon_parallel_executor.executor.parallel:closing loop
[101.736s] DEBUG:colcon.colcon_parallel_executor.executor.parallel:loop closed
[101.736s] DEBUG:colcon.colcon_parallel_executor.executor.parallel:run_until_complete finished with '0'
[101.736s] DEBUG:colcon.colcon_core.event_reactor:joining thread
[101.742s] INFO:colcon.colcon_core.plugin_system:Skipping extension 'colcon_notification.desktop_notification.terminal_notifier': Not used on non-Darwin systems
[101.742s] INFO:colcon.colcon_core.plugin_system:Skipping extension 'colcon_notification.desktop_notification.win32': Not used on non-Windows systems
[101.742s] INFO:colcon.colcon_notification.desktop_notification:Sending desktop notification using 'notify2'
[101.755s] DEBUG:colcon.colcon_core.event_reactor:joined thread
[101.755s] INFO:colcon.colcon_core.shell:Creating prefix script '/home/redpaladin/Projects/helios_ws/install/local_setup.ps1'
[101.756s] INFO:colcon.colcon_core.shell:Creating prefix util module '/home/redpaladin/Projects/helios_ws/install/_local_setup_util_ps1.py'
[101.757s] INFO:colcon.colcon_core.shell:Creating prefix chain script '/home/redpaladin/Projects/helios_ws/install/setup.ps1'
[101.757s] INFO:colcon.colcon_core.shell:Creating prefix script '/home/redpaladin/Projects/helios_ws/install/local_setup.sh'
[101.758s] INFO:colcon.colcon_core.shell:Creating prefix util module '/home/redpaladin/Projects/helios_ws/install/_local_setup_util_sh.py'
[101.758s] INFO:colcon.colcon_core.shell:Creating prefix chain script '/home/redpaladin/Projects/helios_ws/install/setup.sh'
[101.759s] INFO:colcon.colcon_core.shell:Creating prefix script '/home/redpaladin/Projects/helios_ws/install/local_setup.bash'
[101.759s] INFO:colcon.colcon_core.shell:Creating prefix chain script '/home/redpaladin/Projects/helios_ws/install/setup.bash'
[101.760s] INFO:colcon.colcon_core.shell:Creating prefix script '/home/redpaladin/Projects/helios_ws/install/local_setup.zsh'
[101.761s] INFO:colcon.colcon_core.shell:Creating prefix chain script '/home/redpaladin/Projects/helios_ws/install/setup.zsh'
