[0.472s] Invoking command in '/home/redpaladin/helios_ws/src/helios': PYTHONPATH=/home/redpaladin/helios_ws/build/helios/prefix_override:/home/redpaladin/.local/lib/python3.10/site-packages/colcon_core/task/python/colcon_distutils_commands:/home/redpaladin/helios_ws/install/helios/lib/python3.10/site-packages:${PYTHONPATH} /usr/bin/python3 -W ignore:setup.py install is deprecated setup.py egg_info --egg-base ../../build/helios build --build-base /home/redpaladin/helios_ws/build/helios/build install --record /home/redpaladin/helios_ws/build/helios/install.log --single-version-externally-managed install_data
[0.619s] running egg_info
[0.628s] writing ../../build/helios/helios.egg-info/PKG-INFO
[0.629s] writing dependency_links to ../../build/helios/helios.egg-info/dependency_links.txt
[0.629s] writing entry points to ../../build/helios/helios.egg-info/entry_points.txt
[0.630s] writing requirements to ../../build/helios/helios.egg-info/requires.txt
[0.630s] writing top-level names to ../../build/helios/helios.egg-info/top_level.txt
[0.648s] reading manifest file '../../build/helios/helios.egg-info/SOURCES.txt'
[0.649s] writing manifest file '../../build/helios/helios.egg-info/SOURCES.txt'
[0.649s] running build
[0.649s] running build_py
[0.649s] copying helios/helios_tf_publisher.py -> /home/redpaladin/helios_ws/build/helios/build/lib/helios
[0.650s] copying helios/__init__.py -> /home/redpaladin/helios_ws/build/helios/build/lib/helios
[0.650s] running install
[0.653s] running install_lib
[0.662s] running install_data
[0.662s] copying resource/helios -> /home/redpaladin/helios_ws/install/helios/share/ament_index/resource_index/packages
[0.662s] copying package.xml -> /home/redpaladin/helios_ws/install/helios/share/helios
[0.662s] copying launch/gazebo.launch.py -> /home/redpaladin/helios_ws/install/helios/share/helios/launch
[0.663s] running install_egg_info
[0.671s] removing '/home/redpaladin/helios_ws/install/helios/lib/python3.10/site-packages/helios-0.0.0-py3.10.egg-info' (and everything under it)
[0.672s] Copying ../../build/helios/helios.egg-info to /home/redpaladin/helios_ws/install/helios/lib/python3.10/site-packages/helios-0.0.0-py3.10.egg-info
[0.673s] running install_scripts
[0.743s] Installing helios_tf_publisher script to /home/redpaladin/helios_ws/install/helios/lib/helios
[0.744s] writing list of installed files to '/home/redpaladin/helios_ws/build/helios/install.log'
[0.761s] Invoked command in '/home/redpaladin/helios_ws/src/helios' returned '0': PYTHONPATH=/home/redpaladin/helios_ws/build/helios/prefix_override:/home/redpaladin/.local/lib/python3.10/site-packages/colcon_core/task/python/colcon_distutils_commands:/home/redpaladin/helios_ws/install/helios/lib/python3.10/site-packages:${PYTHONPATH} /usr/bin/python3 -W ignore:setup.py install is deprecated setup.py egg_info --egg-base ../../build/helios build --build-base /home/redpaladin/helios_ws/build/helios/build install --record /home/redpaladin/helios_ws/build/helios/install.log --single-version-externally-managed install_data
