[1.305s] Invoking command in '/home/redpaladin/Projects/helios_ws/build/helios': PYTHONPATH=/home/redpaladin/Projects/helios_ws/build/helios/prefix_override:/home/redpaladin/.local/lib/python3.10/site-packages/colcon_core/task/python/colcon_distutils_commands:/home/redpaladin/Projects/helios_ws/install/helios/lib/python3.10/site-packages:${PYTHONPATH} /usr/bin/python3 -W ignore:setup.py install is deprecated setup.py develop --uninstall --editable --build-directory /home/redpaladin/Projects/helios_ws/build/helios/build
[1.627s] running develop
[1.641s] /home/redpaladin/.local/lib/python3.10/site-packages/setuptools/command/develop.py:41: EasyInstallDeprecationWarning: easy_install command is deprecated.
[1.641s] !!
[1.642s] 
[1.642s]         ********************************************************************************
[1.642s]         Please avoid running ``setup.py`` and ``easy_install``.
[1.642s]         Instead, use pypa/build, pypa/installer or other
[1.642s]         standards-based tools.
[1.642s] 
[1.642s]         See https://github.com/pypa/setuptools/issues/917 for details.
[1.642s]         ********************************************************************************
[1.642s] 
[1.642s] !!
[1.642s]   easy_install.initialize_options(self)
[1.840s] Removing /home/redpaladin/Projects/helios_ws/install/helios/lib/python3.10/site-packages/helios.egg-link (link to .)
[1.887s] Invoked command in '/home/redpaladin/Projects/helios_ws/build/helios' returned '0': PYTHONPATH=/home/redpaladin/Projects/helios_ws/build/helios/prefix_override:/home/redpaladin/.local/lib/python3.10/site-packages/colcon_core/task/python/colcon_distutils_commands:/home/redpaladin/Projects/helios_ws/install/helios/lib/python3.10/site-packages:${PYTHONPATH} /usr/bin/python3 -W ignore:setup.py install is deprecated setup.py develop --uninstall --editable --build-directory /home/redpaladin/Projects/helios_ws/build/helios/build
[1.890s] Invoking command in '/home/redpaladin/Projects/helios_ws/src/helios': PYTHONPATH=/home/redpaladin/Projects/helios_ws/build/helios/prefix_override:/home/redpaladin/.local/lib/python3.10/site-packages/colcon_core/task/python/colcon_distutils_commands:/home/redpaladin/Projects/helios_ws/install/helios/lib/python3.10/site-packages:${PYTHONPATH} /usr/bin/python3 -W ignore:setup.py install is deprecated setup.py egg_info --egg-base ../../build/helios build --build-base /home/redpaladin/Projects/helios_ws/build/helios/build install --record /home/redpaladin/Projects/helios_ws/build/helios/install.log --single-version-externally-managed install_data --force
[2.148s] running egg_info
[2.160s] writing ../../build/helios/helios.egg-info/PKG-INFO
[2.179s] writing dependency_links to ../../build/helios/helios.egg-info/dependency_links.txt
[2.180s] writing requirements to ../../build/helios/helios.egg-info/requires.txt
[2.180s] writing top-level names to ../../build/helios/helios.egg-info/top_level.txt
[2.210s] reading manifest file '../../build/helios/helios.egg-info/SOURCES.txt'
[2.212s] writing manifest file '../../build/helios/helios.egg-info/SOURCES.txt'
[2.212s] running build
[2.212s] running build_py
[2.212s] copying helios/__init__.py -> /home/redpaladin/Projects/helios_ws/build/helios/build/lib/helios
[2.214s] running install
[2.219s] running install_lib
[2.232s] creating /home/redpaladin/Projects/helios_ws/install/helios/lib/python3.10/site-packages/helios
[2.233s] copying /home/redpaladin/Projects/helios_ws/build/helios/build/lib/helios/__init__.py -> /home/redpaladin/Projects/helios_ws/install/helios/lib/python3.10/site-packages/helios
[2.234s] byte-compiling /home/redpaladin/Projects/helios_ws/install/helios/lib/python3.10/site-packages/helios/__init__.py to __init__.cpython-310.pyc
[2.235s] running install_data
[2.235s] copying resource/helios -> /home/redpaladin/Projects/helios_ws/install/helios/share/ament_index/resource_index/packages
[2.236s] copying package.xml -> /home/redpaladin/Projects/helios_ws/install/helios/share/helios
[2.237s] copying launch/gazebo.launch.py -> /home/redpaladin/Projects/helios_ws/install/helios/share/helios/launch
[2.239s] running install_egg_info
[2.253s] Copying ../../build/helios/helios.egg-info to /home/redpaladin/Projects/helios_ws/install/helios/lib/python3.10/site-packages/helios-0.0.0-py3.10.egg-info
[2.255s] running install_scripts
[2.376s] writing list of installed files to '/home/redpaladin/Projects/helios_ws/build/helios/install.log'
[2.404s] Invoked command in '/home/redpaladin/Projects/helios_ws/src/helios' returned '0': PYTHONPATH=/home/redpaladin/Projects/helios_ws/build/helios/prefix_override:/home/redpaladin/.local/lib/python3.10/site-packages/colcon_core/task/python/colcon_distutils_commands:/home/redpaladin/Projects/helios_ws/install/helios/lib/python3.10/site-packages:${PYTHONPATH} /usr/bin/python3 -W ignore:setup.py install is deprecated setup.py egg_info --egg-base ../../build/helios build --build-base /home/redpaladin/Projects/helios_ws/build/helios/build install --record /home/redpaladin/Projects/helios_ws/build/helios/install.log --single-version-externally-managed install_data --force
