running egg_info
writing ../../build/helios/helios.egg-info/PKG-INFO
writing dependency_links to ../../build/helios/helios.egg-info/dependency_links.txt
writing entry points to ../../build/helios/helios.egg-info/entry_points.txt
writing requirements to ../../build/helios/helios.egg-info/requires.txt
writing top-level names to ../../build/helios/helios.egg-info/top_level.txt
reading manifest file '../../build/helios/helios.egg-info/SOURCES.txt'
writing manifest file '../../build/helios/helios.egg-info/SOURCES.txt'
running build
running build_py
copying helios/helios_tf_publisher_updated.py -> /home/redpaladin/Projects/helios_ws/build/helios/build/lib/helios
running install
running install_lib
copying /home/redpaladin/Projects/helios_ws/build/helios/build/lib/helios/helios_tf_publisher_updated.py -> /home/redpaladin/Projects/helios_ws/install/helios/lib/python3.10/site-packages/helios
byte-compiling /home/redpaladin/Projects/helios_ws/install/helios/lib/python3.10/site-packages/helios/helios_tf_publisher_updated.py to helios_tf_publisher_updated.cpython-310.pyc
running install_data
copying launch/helios.launch.py -> /home/redpaladin/Projects/helios_ws/install/helios/share/helios/launch
running install_egg_info
removing '/home/redpaladin/Projects/helios_ws/install/helios/lib/python3.10/site-packages/helios-0.0.0-py3.10.egg-info' (and everything under it)
Copying ../../build/helios/helios.egg-info to /home/redpaladin/Projects/helios_ws/install/helios/lib/python3.10/site-packages/helios-0.0.0-py3.10.egg-info
running install_scripts
Installing helios_tf_publisher script to /home/redpaladin/Projects/helios_ws/install/helios/lib/helios
Installing helios_tf_publisher_updated script to /home/redpaladin/Projects/helios_ws/install/helios/lib/helios
Installing keyboard_control script to /home/redpaladin/Projects/helios_ws/install/helios/lib/helios
writing list of installed files to '/home/redpaladin/Projects/helios_ws/build/helios/install.log'
