[0.767s] Invoking command in '/home/redpaladin/Projects/helios_ws/src/helios': PYTHONPATH=/home/redpaladin/Projects/helios_ws/build/helios/prefix_override:/home/redpaladin/.local/lib/python3.10/site-packages/colcon_core/task/python/colcon_distutils_commands:/home/redpaladin/Projects/helios_ws/install/helios/lib/python3.10/site-packages:${PYTHONPATH} /usr/bin/python3 -W ignore:setup.py install is deprecated setup.py egg_info --egg-base ../../build/helios build --build-base /home/redpaladin/Projects/helios_ws/build/helios/build install --record /home/redpaladin/Projects/helios_ws/build/helios/install.log --single-version-externally-managed install_data
[0.903s] running egg_info
[0.910s] writing ../../build/helios/helios.egg-info/PKG-INFO
[0.911s] writing dependency_links to ../../build/helios/helios.egg-info/dependency_links.txt
[0.911s] writing entry points to ../../build/helios/helios.egg-info/entry_points.txt
[0.911s] writing requirements to ../../build/helios/helios.egg-info/requires.txt
[0.911s] writing top-level names to ../../build/helios/helios.egg-info/top_level.txt
[0.927s] reading manifest file '../../build/helios/helios.egg-info/SOURCES.txt'
[0.928s] writing manifest file '../../build/helios/helios.egg-info/SOURCES.txt'
[0.928s] running build
[0.928s] running build_py
[0.928s] copying helios/helios_tf_publisher.py -> /home/redpaladin/Projects/helios_ws/build/helios/build/lib/helios
[0.928s] copying helios/__init__.py -> /home/redpaladin/Projects/helios_ws/build/helios/build/lib/helios
[0.929s] running install
[0.932s] running install_lib
[0.939s] copying /home/redpaladin/Projects/helios_ws/build/helios/build/lib/helios/helios_tf_publisher.py -> /home/redpaladin/Projects/helios_ws/install/helios/lib/python3.10/site-packages/helios
[0.940s] byte-compiling /home/redpaladin/Projects/helios_ws/install/helios/lib/python3.10/site-packages/helios/helios_tf_publisher.py to helios_tf_publisher.cpython-310.pyc
[0.941s] running install_data
[0.941s] copying resource/helios -> /home/redpaladin/Projects/helios_ws/install/helios/share/ament_index/resource_index/packages
[0.941s] copying package.xml -> /home/redpaladin/Projects/helios_ws/install/helios/share/helios
[0.942s] copying launch/gazebo.launch.py -> /home/redpaladin/Projects/helios_ws/install/helios/share/helios/launch
[0.942s] running install_egg_info
[0.949s] removing '/home/redpaladin/Projects/helios_ws/install/helios/lib/python3.10/site-packages/helios-0.0.0-py3.10.egg-info' (and everything under it)
[0.950s] Copying ../../build/helios/helios.egg-info to /home/redpaladin/Projects/helios_ws/install/helios/lib/python3.10/site-packages/helios-0.0.0-py3.10.egg-info
[0.951s] running install_scripts
[1.017s] Installing helios_tf_publisher script to /home/redpaladin/Projects/helios_ws/install/helios/lib/helios
[1.018s] writing list of installed files to '/home/redpaladin/Projects/helios_ws/build/helios/install.log'
[1.034s] Invoked command in '/home/redpaladin/Projects/helios_ws/src/helios' returned '0': PYTHONPATH=/home/redpaladin/Projects/helios_ws/build/helios/prefix_override:/home/redpaladin/.local/lib/python3.10/site-packages/colcon_core/task/python/colcon_distutils_commands:/home/redpaladin/Projects/helios_ws/install/helios/lib/python3.10/site-packages:${PYTHONPATH} /usr/bin/python3 -W ignore:setup.py install is deprecated setup.py egg_info --egg-base ../../build/helios build --build-base /home/redpaladin/Projects/helios_ws/build/helios/build install --record /home/redpaladin/Projects/helios_ws/build/helios/install.log --single-version-externally-managed install_data
