[0.486s] Invoking command in '/home/redpaladin/Projects/helios_ws/src/helios': PYTHONPATH=/home/redpaladin/Projects/helios_ws/build/helios/prefix_override:/usr/lib/python3/dist-packages/colcon_core/task/python/colcon_distutils_commands:/home/redpaladin/Projects/helios_ws/install/helios/lib/python3.10/site-packages:${PYTHONPATH} /usr/bin/python3 -W ignore:setup.py install is deprecated -W ignore:easy_install command is deprecated setup.py egg_info --egg-base ../../build/helios build --build-base /home/redpaladin/Projects/helios_ws/build/helios/build install --record /home/redpaladin/Projects/helios_ws/build/helios/install.log --single-version-externally-managed install_data
[0.642s] running egg_info
[0.650s] writing ../../build/helios/helios.egg-info/PKG-INFO
[0.651s] writing dependency_links to ../../build/helios/helios.egg-info/dependency_links.txt
[0.651s] writing entry points to ../../build/helios/helios.egg-info/entry_points.txt
[0.651s] writing requirements to ../../build/helios/helios.egg-info/requires.txt
[0.651s] writing top-level names to ../../build/helios/helios.egg-info/top_level.txt
[0.669s] reading manifest file '../../build/helios/helios.egg-info/SOURCES.txt'
[0.669s] writing manifest file '../../build/helios/helios.egg-info/SOURCES.txt'
[0.669s] running build
[0.669s] running build_py
[0.670s] copying helios/robot_state_publisher.py -> /home/redpaladin/Projects/helios_ws/build/helios/build/lib/helios
[0.670s] running install
[0.673s] running install_lib
[0.681s] copying /home/redpaladin/Projects/helios_ws/build/helios/build/lib/helios/robot_state_publisher.py -> /home/redpaladin/Projects/helios_ws/install/helios/lib/python3.10/site-packages/helios
[0.682s] byte-compiling /home/redpaladin/Projects/helios_ws/install/helios/lib/python3.10/site-packages/helios/robot_state_publisher.py to robot_state_publisher.cpython-310.pyc
[0.682s] running install_data
[0.682s] running install_egg_info
[0.691s] removing '/home/redpaladin/Projects/helios_ws/install/helios/lib/python3.10/site-packages/helios-0.0.0-py3.10.egg-info' (and everything under it)
[0.691s] Copying ../../build/helios/helios.egg-info to /home/redpaladin/Projects/helios_ws/install/helios/lib/python3.10/site-packages/helios-0.0.0-py3.10.egg-info
[0.692s] running install_scripts
[0.788s] Installing helios_tf_publisher script to /home/redpaladin/Projects/helios_ws/install/helios/lib/helios
[0.788s] Installing helios_tf_publisher_updated script to /home/redpaladin/Projects/helios_ws/install/helios/lib/helios
[0.788s] Installing keyboard_control script to /home/redpaladin/Projects/helios_ws/install/helios/lib/helios
[0.788s] Installing robot_state_publisher script to /home/redpaladin/Projects/helios_ws/install/helios/lib/helios
[0.788s] writing list of installed files to '/home/redpaladin/Projects/helios_ws/build/helios/install.log'
[0.804s] Invoked command in '/home/redpaladin/Projects/helios_ws/src/helios' returned '0': PYTHONPATH=/home/redpaladin/Projects/helios_ws/build/helios/prefix_override:/usr/lib/python3/dist-packages/colcon_core/task/python/colcon_distutils_commands:/home/redpaladin/Projects/helios_ws/install/helios/lib/python3.10/site-packages:${PYTHONPATH} /usr/bin/python3 -W ignore:setup.py install is deprecated -W ignore:easy_install command is deprecated setup.py egg_info --egg-base ../../build/helios build --build-base /home/redpaladin/Projects/helios_ws/build/helios/build install --record /home/redpaladin/Projects/helios_ws/build/helios/install.log --single-version-externally-managed install_data
